#
# There is insufficient memory for the Java Runtime Environment to continue.
# Native memory allocation (malloc) failed to allocate 1355056 bytes for Chunk::new
# Possible reasons:
#   The system is out of physical RAM or swap space
#   The process is running with CompressedOops enabled, and the Java Heap may be blocking the growth of the native heap
# Possible solutions:
#   Reduce memory load on the system
#   Increase physical memory or swap space
#   Check if swap backing store is full
#   Decrease Java heap size (-Xmx/-Xms)
#   Decrease number of Java threads
#   Decrease Java thread stack sizes (-Xss)
#   Set larger code cache with -XX:ReservedCodeCacheSize=
#   JVM is running with Unscaled Compressed Oops mode in which the Java heap is
#     placed in the first 4GB address space. The Java Heap base address is the
#     maximum limit for the native heap growth. Please use -XX:HeapBaseMinAddress
#     to set the Java Heap base and to place the Java Heap above 4GB virtual address.
# This output file may be truncated or incomplete.
#
#  Out of Memory Error (./src/hotspot/share/memory/arena.cpp:197), pid=106292, tid=95036
#
# JRE version: OpenJDK Runtime Environment (11.0.13) (build 11.0.13+0-b1751.21-8125866)
# Java VM: OpenJDK 64-Bit Server VM (11.0.13+0-b1751.21-8125866, mixed mode, tiered, compressed oops, g1 gc, windows-amd64)
# No core dump will be written. Minidumps are not enabled by default on client versions of Windows
#

---------------  S U M M A R Y ------------

Command Line: --add-opens=java.base/java.util=ALL-UNNAMED --add-opens=java.base/java.lang=ALL-UNNAMED --add-opens=java.base/java.lang.invoke=ALL-UNNAMED --add-opens=java.base/java.util=ALL-UNNAMED --add-opens=java.prefs/java.util.prefs=ALL-UNNAMED --add-opens=java.prefs/java.util.prefs=ALL-UNNAMED --add-opens=java.base/java.nio.charset=ALL-UNNAMED --add-opens=java.base/java.net=ALL-UNNAMED --add-opens=java.base/java.util.concurrent.atomic=ALL-UNNAMED -Xmx1536m -Dfile.encoding=windows-1252 -Duser.country=ID -Duser.language=en -Duser.variant org.gradle.launcher.daemon.bootstrap.GradleDaemon 7.4

Host: AMD Ryzen 5 5625U with Radeon Graphics         , 12 cores, 5G,  Windows 11 , 64 bit Build 22000 (10.0.22000.1335)
Time: Wed Jan 11 13:52:29 2023 Malay Peninsula Standard Time elapsed time: 13.782814 seconds (0d 0h 0m 13s)

---------------  T H R E A D  ---------------

Current thread (0x000002d258884800):  JavaThread "C2 CompilerThread0" daemon [_thread_in_native, id=95036, stack(0x000000fd2ee00000,0x000000fd2ef00000)]


Current CompileTask:
C2:  13782 8074   !   4       java.net.URL::<init> (543 bytes)

Stack: [0x000000fd2ee00000,0x000000fd2ef00000]
Native frames: (J=compiled Java code, j=interpreted, Vv=VM code, C=native code)
V  [jvm.dll+0x6100fa]
V  [jvm.dll+0x747090]
V  [jvm.dll+0x7486ad]
V  [jvm.dll+0x748d83]
V  [jvm.dll+0x24ab48]
V  [jvm.dll+0xc04dc]
V  [jvm.dll+0xc0a0c]
V  [jvm.dll+0x35eb5b]
V  [jvm.dll+0x32b833]
V  [jvm.dll+0x32ad2a]
V  [jvm.dll+0x2032b2]
V  [jvm.dll+0x202437]
V  [jvm.dll+0x188e01]
V  [jvm.dll+0x21106b]
V  [jvm.dll+0x20f8c1]
V  [jvm.dll+0x70de0f]
V  [jvm.dll+0x706a75]
V  [jvm.dll+0x60ed66]
C  [ucrtbase.dll+0x26c0c]
C  [KERNEL32.DLL+0x155a0]
C  [ntdll.dll+0x485b]


---------------  P R O C E S S  ---------------

Threads class SMR info:
_java_thread_list=0x000002d25fa265f0, length=168, elements={
0x000002d23f293000, 0x000002d25885a800, 0x000002d258868000, 0x000002d258880800,
0x000002d258881000, 0x000002d258882000, 0x000002d258884800, 0x000002d25888d000,
0x000002d2588a2800, 0x000002d259342800, 0x000002d25b35b800, 0x000002d25a98c800,
0x000002d25a391000, 0x000002d25a091800, 0x000002d25a092000, 0x000002d25b3e0800,
0x000002d25b3e2800, 0x000002d25b3e3800, 0x000002d25b3a0800, 0x000002d25b391800,
0x000002d25b393000, 0x000002d25b397000, 0x000002d25b395800, 0x000002d25b398000,
0x000002d25b396000, 0x000002d25b393800, 0x000002d25b392000, 0x000002d25b394800,
0x000002d25d554800, 0x000002d25d55b000, 0x000002d25d558800, 0x000002d25d556000,
0x000002d25d559800, 0x000002d25d55a000, 0x000002d25d555000, 0x000002d25d55b800,
0x000002d25d55c800, 0x000002d25d557000, 0x000002d25d557800, 0x000002d25d55f000,
0x000002d25d55e000, 0x000002d25d560000, 0x000002d25d562800, 0x000002d25d563000,
0x000002d25d560800, 0x000002d25d561800, 0x000002d25f0cb800, 0x000002d25f0ca800,
0x000002d25f0ca000, 0x000002d25f0c9000, 0x000002d25f0d1000, 0x000002d25f0d0800,
0x000002d25f0ce000, 0x000002d25f0cc800, 0x000002d25f0cf800, 0x000002d25f0d2000,
0x000002d25f0cd000, 0x000002d25f0d3800, 0x000002d25f0d3000, 0x000002d25f0d4800,
0x000002d25f0ce800, 0x000002d25f0d7000, 0x000002d25f0d5000, 0x000002d25f0d6000,
0x000002d25f0d7800, 0x000002d25dee8800, 0x000002d25deec800, 0x000002d25deea000,
0x000002d25dee7000, 0x000002d25deed800, 0x000002d25dee9800, 0x000002d25dee8000,
0x000002d25deee800, 0x000002d25deef000, 0x000002d25def0000, 0x000002d25deeb000,
0x000002d25def0800, 0x000002d25def1800, 0x000002d25deec000, 0x000002d25def2800,
0x000002d25def5800, 0x000002d25def3000, 0x000002d25def4000, 0x000002d25def5000,
0x000002d25d8d7000, 0x000002d25d8d8800, 0x000002d25d8d5800, 0x000002d25d8db000,
0x000002d25d8d9800, 0x000002d25d8da000, 0x000002d25d8d7800, 0x000002d25d8dc000,
0x000002d25d8d6000, 0x000002d25d8e2800, 0x000002d25d8de800, 0x000002d25d8e0800,
0x000002d25d8e0000, 0x000002d25d8e1800, 0x000002d25d8df000, 0x000002d25d8dc800,
0x000002d25d8e3000, 0x000002d25d8dd800, 0x000002d25d8e4000, 0x000002d25d9c0000,
0x000002d25d9c6800, 0x000002d25d9c1000, 0x000002d25d9c7800, 0x000002d25d9c2000,
0x000002d25d9c6000, 0x000002d25d9c5000, 0x000002d25d9c8800, 0x000002d25d9c2800,
0x000002d25d9c3800, 0x000002d25d9ca000, 0x000002d25d9c4000, 0x000002d25d9cb000,
0x000002d25d9cb800, 0x000002d25d9cf000, 0x000002d25d9c9000, 0x000002d25d9cc800,
0x000002d25d9cd000, 0x000002d25d9ce000, 0x000002d25da14000, 0x000002d25da15000,
0x000002d25da13800, 0x000002d25da11000, 0x000002d25da12000, 0x000002d25da12800,
0x000002d25da16000, 0x000002d25da10000, 0x000002d25da1c800, 0x000002d25da1b800,
0x000002d25da16800, 0x000002d25da1a000, 0x000002d25da1d000, 0x000002d25da17800,
0x000002d25da1a800, 0x000002d25da1e000, 0x000002d25da18800, 0x000002d25da1f000,
0x000002d25da19000, 0x000002d25d77a000, 0x000002d25d77b000, 0x000002d25d776000,
0x000002d25d775000, 0x000002d25d779000, 0x000002d25d77b800, 0x000002d25d777800,
0x000002d25d776800, 0x000002d25d77e000, 0x000002d25d77c800, 0x000002d25d77d800,
0x000002d25d778800, 0x000002d25d781800, 0x000002d25d77f800, 0x000002d25d782000,
0x000002d25d780800, 0x000002d25d783000, 0x000002d25d784000, 0x000002d25d77f000,
0x000002d25d739800, 0x000002d25d737800, 0x000002d25d738800, 0x000002d25d73a000,
0x000002d25d73c800, 0x000002d25d73b000, 0x000002d25d73b800, 0x000002d25d740800
}

Java Threads: ( => current thread )
  0x000002d23f293000 JavaThread "main" [_thread_blocked, id=104596, stack(0x000000fd2e200000,0x000000fd2e300000)]
  0x000002d25885a800 JavaThread "Reference Handler" daemon [_thread_blocked, id=101820, stack(0x000000fd2e900000,0x000000fd2ea00000)]
  0x000002d258868000 JavaThread "Finalizer" daemon [_thread_blocked, id=33640, stack(0x000000fd2ea00000,0x000000fd2eb00000)]
  0x000002d258880800 JavaThread "Signal Dispatcher" daemon [_thread_blocked, id=104248, stack(0x000000fd2eb00000,0x000000fd2ec00000)]
  0x000002d258881000 JavaThread "Attach Listener" daemon [_thread_blocked, id=95280, stack(0x000000fd2ec00000,0x000000fd2ed00000)]
  0x000002d258882000 JavaThread "Service Thread" daemon [_thread_blocked, id=98564, stack(0x000000fd2ed00000,0x000000fd2ee00000)]
=>0x000002d258884800 JavaThread "C2 CompilerThread0" daemon [_thread_in_native, id=95036, stack(0x000000fd2ee00000,0x000000fd2ef00000)]
  0x000002d25888d000 JavaThread "C1 CompilerThread0" daemon [_thread_blocked, id=73172, stack(0x000000fd2ef00000,0x000000fd2f000000)]
  0x000002d2588a2800 JavaThread "Sweeper thread" daemon [_thread_blocked, id=65212, stack(0x000000fd2f000000,0x000000fd2f100000)]
  0x000002d259342800 JavaThread "Common-Cleaner" daemon [_thread_blocked, id=96440, stack(0x000000fd2f100000,0x000000fd2f200000)]
  0x000002d25b35b800 JavaThread "Daemon health stats" [_thread_blocked, id=40764, stack(0x000000fd2f500000,0x000000fd2f600000)]
  0x000002d25a98c800 JavaThread "Incoming local TCP Connector on port 64108" [_thread_in_native, id=93908, stack(0x000000fd2f600000,0x000000fd2f700000)]
  0x000002d25a391000 JavaThread "Daemon periodic checks" [_thread_blocked, id=93396, stack(0x000000fd2f700000,0x000000fd2f800000)]
  0x000002d25a091800 JavaThread "Daemon" [_thread_blocked, id=91488, stack(0x000000fd2f800000,0x000000fd2f900000)]
  0x000002d25a092000 JavaThread "Handler for socket connection from /127.0.0.1:64108 to /127.0.0.1:64109" [_thread_in_native, id=101600, stack(0x000000fd2f900000,0x000000fd2fa00000)]
  0x000002d25b3e0800 JavaThread "Cancel handler" [_thread_blocked, id=96092, stack(0x000000fd2fa00000,0x000000fd2fb00000)]
  0x000002d25b3e2800 JavaThread "Daemon worker" [_thread_in_vm, id=102948, stack(0x000000fd2fb00000,0x000000fd2fc00000)]
  0x000002d25b3e3800 JavaThread "Asynchronous log dispatcher for DefaultDaemonConnection: socket connection from /127.0.0.1:64108 to /127.0.0.1:64109" [_thread_blocked, id=105412, stack(0x000000fd2fc00000,0x000000fd2fd00000)]
  0x000002d25b3a0800 JavaThread "Stdin handler" [_thread_blocked, id=81548, stack(0x000000fd2fd00000,0x000000fd2fe00000)]
  0x000002d25b391800 JavaThread "Daemon client event forwarder" [_thread_blocked, id=103740, stack(0x000000fd2fe00000,0x000000fd2ff00000)]
  0x000002d25b393000 JavaThread "Cache worker for journal cache (C:\Users\LENOVO\.gradle\caches\journal-1)" [_thread_blocked, id=90524, stack(0x000000fd30700000,0x000000fd30800000)]
  0x000002d25b397000 JavaThread "File lock request listener" [_thread_in_native, id=94488, stack(0x000000fd30800000,0x000000fd30900000)]
  0x000002d25b395800 JavaThread "Cache worker for file hash cache (C:\Users\LENOVO\.gradle\caches\7.4\fileHashes)" [_thread_blocked, id=102928, stack(0x000000fd30b00000,0x000000fd30c00000)]
  0x000002d25b398000 JavaThread "File watcher server" daemon [_thread_in_native, id=95648, stack(0x000000fd30c00000,0x000000fd30d00000)]
  0x000002d25b396000 JavaThread "File watcher consumer" daemon [_thread_blocked, id=87832, stack(0x000000fd30d00000,0x000000fd30e00000)]
  0x000002d25b393800 JavaThread "jar transforms" [_thread_blocked, id=106256, stack(0x000000fd30e00000,0x000000fd30f00000)]
  0x000002d25b392000 JavaThread "jar transforms Thread 2" [_thread_blocked, id=86960, stack(0x000000fd30f00000,0x000000fd31000000)]
  0x000002d25b394800 JavaThread "jar transforms Thread 3" [_thread_blocked, id=94084, stack(0x000000fd31000000,0x000000fd31100000)]
  0x000002d25d554800 JavaThread "jar transforms Thread 4" [_thread_blocked, id=95984, stack(0x000000fd31100000,0x000000fd31200000)]
  0x000002d25d55b000 JavaThread "jar transforms Thread 5" [_thread_blocked, id=70304, stack(0x000000fd31200000,0x000000fd31300000)]
  0x000002d25d558800 JavaThread "jar transforms Thread 6" [_thread_blocked, id=98484, stack(0x000000fd31300000,0x000000fd31400000)]
  0x000002d25d556000 JavaThread "jar transforms Thread 7" [_thread_blocked, id=83144, stack(0x000000fd31400000,0x000000fd31500000)]
  0x000002d25d559800 JavaThread "jar transforms Thread 8" [_thread_blocked, id=99972, stack(0x000000fd31500000,0x000000fd31600000)]
  0x000002d25d55a000 JavaThread "jar transforms Thread 9" [_thread_blocked, id=83176, stack(0x000000fd31600000,0x000000fd31700000)]
  0x000002d25d555000 JavaThread "jar transforms Thread 10" [_thread_blocked, id=101688, stack(0x000000fd31700000,0x000000fd31800000)]
  0x000002d25d55b800 JavaThread "jar transforms Thread 11" [_thread_blocked, id=103912, stack(0x000000fd31800000,0x000000fd31900000)]
  0x000002d25d55c800 JavaThread "jar transforms Thread 12" [_thread_blocked, id=104812, stack(0x000000fd31900000,0x000000fd31a00000)]
  0x000002d25d557000 JavaThread "Cache worker for checksums cache (C:\Users\LENOVO\Downloads\Doctor_Appointment_Booking_Application-master\Doctor_Appointment_Booking_Application-master\.gradle\7.4\checksums)" [_thread_blocked, id=106160, stack(0x000000fd31a00000,0x000000fd31b00000)]
  0x000002d25d557800 JavaThread "Cache worker for cache directory md-rule (C:\Users\LENOVO\.gradle\caches\7.4\md-rule)" [_thread_blocked, id=101720, stack(0x000000fd31b00000,0x000000fd31c00000)]
  0x000002d25d55f000 JavaThread "Cache worker for file hash cache (C:\Users\LENOVO\Downloads\Doctor_Appointment_Booking_Application-master\Doctor_Appointment_Booking_Application-master\.gradle\7.4\fileHashes)" [_thread_blocked, id=98252, stack(0x000000fd31c00000,0x000000fd31d00000)]
  0x000002d25d55e000 JavaThread "Cache worker for cache directory md-supplier (C:\Users\LENOVO\.gradle\caches\7.4\md-supplier)" [_thread_blocked, id=91240, stack(0x000000fd31d00000,0x000000fd31e00000)]
  0x000002d25d560000 JavaThread "Cache worker for execution history cache (C:\Users\LENOVO\.gradle\caches\7.4\executionHistory)" [_thread_blocked, id=105360, stack(0x000000fd31e00000,0x000000fd31f00000)]
  0x000002d25d562800 JavaThread "Cache worker for file content cache (C:\Users\LENOVO\.gradle\caches\7.4\fileContent)" [_thread_blocked, id=102272, stack(0x000000fd31f00000,0x000000fd32000000)]
  0x000002d25d563000 JavaThread "Cache worker for dependencies-accessors (C:\Users\LENOVO\Downloads\Doctor_Appointment_Booking_Application-master\Doctor_Appointment_Booking_Application-master\.gradle\7.4\dependencies-accessors)" [_thread_blocked, id=104400, stack(0x000000fd32000000,0x000000fd32100000)]
  0x000002d25d560800 JavaThread "Cache worker for Build Output Cleanup Cache (C:\Users\LENOVO\Downloads\Doctor_Appointment_Booking_Application-master\Doctor_Appointment_Booking_Application-master\.gradle\buildOutputCleanup)" [_thread_blocked, id=103268, stack(0x000000fd32100000,0x000000fd32200000)]
  0x000002d25d561800 JavaThread "Unconstrained build operations" [_thread_blocked, id=103000, stack(0x000000fd32200000,0x000000fd32300000)]
  0x000002d25f0cb800 JavaThread "Unconstrained build operations Thread 2" [_thread_blocked, id=102044, stack(0x000000fd32300000,0x000000fd32400000)]
  0x000002d25f0ca800 JavaThread "Unconstrained build operations Thread 3" [_thread_blocked, id=103260, stack(0x000000fd32400000,0x000000fd32500000)]
  0x000002d25f0ca000 JavaThread "Unconstrained build operations Thread 4" [_thread_blocked, id=71788, stack(0x000000fd32500000,0x000000fd32600000)]
  0x000002d25f0c9000 JavaThread "Unconstrained build operations Thread 5" [_thread_blocked, id=105880, stack(0x000000fd32600000,0x000000fd32700000)]
  0x000002d25f0d1000 JavaThread "Unconstrained build operations Thread 6" [_thread_blocked, id=95336, stack(0x000000fd32700000,0x000000fd32800000)]
  0x000002d25f0d0800 JavaThread "Unconstrained build operations Thread 7" [_thread_blocked, id=101420, stack(0x000000fd32800000,0x000000fd32900000)]
  0x000002d25f0ce000 JavaThread "Unconstrained build operations Thread 8" [_thread_blocked, id=88176, stack(0x000000fd32900000,0x000000fd32a00000)]
  0x000002d25f0cc800 JavaThread "Unconstrained build operations Thread 9" [_thread_blocked, id=95772, stack(0x000000fd32a00000,0x000000fd32b00000)]
  0x000002d25f0cf800 JavaThread "Unconstrained build operations Thread 10" [_thread_blocked, id=106332, stack(0x000000fd32b00000,0x000000fd32c00000)]
  0x000002d25f0d2000 JavaThread "Unconstrained build operations Thread 11" [_thread_blocked, id=106188, stack(0x000000fd32c00000,0x000000fd32d00000)]
  0x000002d25f0cd000 JavaThread "Unconstrained build operations Thread 12" [_thread_blocked, id=102612, stack(0x000000fd32d00000,0x000000fd32e00000)]
  0x000002d25f0d3800 JavaThread "Unconstrained build operations Thread 13" [_thread_blocked, id=98632, stack(0x000000fd32e00000,0x000000fd32f00000)]
  0x000002d25f0d3000 JavaThread "Unconstrained build operations Thread 14" [_thread_blocked, id=100016, stack(0x000000fd32f00000,0x000000fd33000000)]
  0x000002d25f0d4800 JavaThread "Unconstrained build operations Thread 15" [_thread_blocked, id=98640, stack(0x000000fd33000000,0x000000fd33100000)]
  0x000002d25f0ce800 JavaThread "Unconstrained build operations Thread 16" [_thread_blocked, id=94912, stack(0x000000fd33100000,0x000000fd33200000)]
  0x000002d25f0d7000 JavaThread "Unconstrained build operations Thread 17" [_thread_blocked, id=104844, stack(0x000000fd33200000,0x000000fd33300000)]
  0x000002d25f0d5000 JavaThread "Unconstrained build operations Thread 18" [_thread_blocked, id=104500, stack(0x000000fd33300000,0x000000fd33400000)]
  0x000002d25f0d6000 JavaThread "Unconstrained build operations Thread 19" [_thread_blocked, id=104536, stack(0x000000fd33400000,0x000000fd33500000)]
  0x000002d25f0d7800 JavaThread "Unconstrained build operations Thread 20" [_thread_blocked, id=87640, stack(0x000000fd33500000,0x000000fd33600000)]
  0x000002d25dee8800 JavaThread "Unconstrained build operations Thread 21" [_thread_blocked, id=104424, stack(0x000000fd33600000,0x000000fd33700000)]
  0x000002d25deec800 JavaThread "Unconstrained build operations Thread 22" [_thread_blocked, id=103060, stack(0x000000fd33700000,0x000000fd33800000)]
  0x000002d25deea000 JavaThread "Unconstrained build operations Thread 23" [_thread_blocked, id=106240, stack(0x000000fd33800000,0x000000fd33900000)]
  0x000002d25dee7000 JavaThread "Unconstrained build operations Thread 24" [_thread_blocked, id=104520, stack(0x000000fd33900000,0x000000fd33a00000)]
  0x000002d25deed800 JavaThread "Unconstrained build operations Thread 25" [_thread_blocked, id=95316, stack(0x000000fd33a00000,0x000000fd33b00000)]
  0x000002d25dee9800 JavaThread "Unconstrained build operations Thread 26" [_thread_blocked, id=105100, stack(0x000000fd33b00000,0x000000fd33c00000)]
  0x000002d25dee8000 JavaThread "Unconstrained build operations Thread 27" [_thread_blocked, id=78688, stack(0x000000fd33c00000,0x000000fd33d00000)]
  0x000002d25deee800 JavaThread "Unconstrained build operations Thread 28" [_thread_blocked, id=101356, stack(0x000000fd33d00000,0x000000fd33e00000)]
  0x000002d25deef000 JavaThread "Unconstrained build operations Thread 29" [_thread_blocked, id=99760, stack(0x000000fd33e00000,0x000000fd33f00000)]
  0x000002d25def0000 JavaThread "Unconstrained build operations Thread 30" [_thread_blocked, id=91996, stack(0x000000fd33f00000,0x000000fd34000000)]
  0x000002d25deeb000 JavaThread "Unconstrained build operations Thread 31" [_thread_blocked, id=103048, stack(0x000000fd34000000,0x000000fd34100000)]
  0x000002d25def0800 JavaThread "Unconstrained build operations Thread 32" [_thread_blocked, id=104496, stack(0x000000fd34100000,0x000000fd34200000)]
  0x000002d25def1800 JavaThread "Unconstrained build operations Thread 33" [_thread_blocked, id=106412, stack(0x000000fd34200000,0x000000fd34300000)]
  0x000002d25deec000 JavaThread "Unconstrained build operations Thread 34" [_thread_blocked, id=103108, stack(0x000000fd34300000,0x000000fd34400000)]
  0x000002d25def2800 JavaThread "Unconstrained build operations Thread 35" [_thread_blocked, id=80800, stack(0x000000fd34400000,0x000000fd34500000)]
  0x000002d25def5800 JavaThread "Unconstrained build operations Thread 36" [_thread_blocked, id=101480, stack(0x000000fd34500000,0x000000fd34600000)]
  0x000002d25def3000 JavaThread "Unconstrained build operations Thread 37" [_thread_blocked, id=75832, stack(0x000000fd34600000,0x000000fd34700000)]
  0x000002d25def4000 JavaThread "Unconstrained build operations Thread 38" [_thread_blocked, id=99896, stack(0x000000fd34700000,0x000000fd34800000)]
  0x000002d25def5000 JavaThread "Unconstrained build operations Thread 39" [_thread_blocked, id=80928, stack(0x000000fd34800000,0x000000fd34900000)]
  0x000002d25d8d7000 JavaThread "Unconstrained build operations Thread 40" [_thread_blocked, id=102644, stack(0x000000fd34900000,0x000000fd34a00000)]
  0x000002d25d8d8800 JavaThread "Unconstrained build operations Thread 41" [_thread_blocked, id=106472, stack(0x000000fd34a00000,0x000000fd34b00000)]
  0x000002d25d8d5800 JavaThread "Unconstrained build operations Thread 42" [_thread_blocked, id=102068, stack(0x000000fd34b00000,0x000000fd34c00000)]
  0x000002d25d8db000 JavaThread "Unconstrained build operations Thread 43" [_thread_blocked, id=105176, stack(0x000000fd34c00000,0x000000fd34d00000)]
  0x000002d25d8d9800 JavaThread "Unconstrained build operations Thread 44" [_thread_blocked, id=105832, stack(0x000000fd34d00000,0x000000fd34e00000)]
  0x000002d25d8da000 JavaThread "Unconstrained build operations Thread 45" [_thread_blocked, id=104316, stack(0x000000fd34e00000,0x000000fd34f00000)]
  0x000002d25d8d7800 JavaThread "Unconstrained build operations Thread 46" [_thread_blocked, id=102792, stack(0x000000fd34f00000,0x000000fd35000000)]
  0x000002d25d8dc000 JavaThread "Unconstrained build operations Thread 47" [_thread_blocked, id=92824, stack(0x000000fd35000000,0x000000fd35100000)]
  0x000002d25d8d6000 JavaThread "Unconstrained build operations Thread 48" [_thread_blocked, id=103892, stack(0x000000fd35100000,0x000000fd35200000)]
  0x000002d25d8e2800 JavaThread "Unconstrained build operations Thread 49" [_thread_blocked, id=85088, stack(0x000000fd35200000,0x000000fd35300000)]
  0x000002d25d8de800 JavaThread "Unconstrained build operations Thread 50" [_thread_blocked, id=104296, stack(0x000000fd35300000,0x000000fd35400000)]
  0x000002d25d8e0800 JavaThread "Unconstrained build operations Thread 51" [_thread_blocked, id=103428, stack(0x000000fd35400000,0x000000fd35500000)]
  0x000002d25d8e0000 JavaThread "Unconstrained build operations Thread 52" [_thread_blocked, id=93504, stack(0x000000fd35500000,0x000000fd35600000)]
  0x000002d25d8e1800 JavaThread "Unconstrained build operations Thread 53" [_thread_blocked, id=105240, stack(0x000000fd35600000,0x000000fd35700000)]
  0x000002d25d8df000 JavaThread "Unconstrained build operations Thread 54" [_thread_blocked, id=97584, stack(0x000000fd35700000,0x000000fd35800000)]
  0x000002d25d8dc800 JavaThread "Unconstrained build operations Thread 55" [_thread_blocked, id=78668, stack(0x000000fd35800000,0x000000fd35900000)]
  0x000002d25d8e3000 JavaThread "Unconstrained build operations Thread 56" [_thread_blocked, id=94520, stack(0x000000fd35900000,0x000000fd35a00000)]
  0x000002d25d8dd800 JavaThread "Unconstrained build operations Thread 57" [_thread_blocked, id=95732, stack(0x000000fd35a00000,0x000000fd35b00000)]
  0x000002d25d8e4000 JavaThread "Unconstrained build operations Thread 58" [_thread_blocked, id=94656, stack(0x000000fd35b00000,0x000000fd35c00000)]
  0x000002d25d9c0000 JavaThread "Unconstrained build operations Thread 59" [_thread_blocked, id=94980, stack(0x000000fd35c00000,0x000000fd35d00000)]
  0x000002d25d9c6800 JavaThread "Unconstrained build operations Thread 60" [_thread_blocked, id=102632, stack(0x000000fd35d00000,0x000000fd35e00000)]
  0x000002d25d9c1000 JavaThread "Unconstrained build operations Thread 61" [_thread_blocked, id=104144, stack(0x000000fd35e00000,0x000000fd35f00000)]
  0x000002d25d9c7800 JavaThread "Unconstrained build operations Thread 62" [_thread_blocked, id=98436, stack(0x000000fd35f00000,0x000000fd36000000)]
  0x000002d25d9c2000 JavaThread "Unconstrained build operations Thread 63" [_thread_blocked, id=103956, stack(0x000000fd36000000,0x000000fd36100000)]
  0x000002d25d9c6000 JavaThread "Unconstrained build operations Thread 64" [_thread_blocked, id=98464, stack(0x000000fd36100000,0x000000fd36200000)]
  0x000002d25d9c5000 JavaThread "Unconstrained build operations Thread 65" [_thread_blocked, id=77652, stack(0x000000fd36200000,0x000000fd36300000)]
  0x000002d25d9c8800 JavaThread "Unconstrained build operations Thread 66" [_thread_blocked, id=103004, stack(0x000000fd36300000,0x000000fd36400000)]
  0x000002d25d9c2800 JavaThread "Unconstrained build operations Thread 67" [_thread_blocked, id=101092, stack(0x000000fd36400000,0x000000fd36500000)]
  0x000002d25d9c3800 JavaThread "Unconstrained build operations Thread 68" [_thread_blocked, id=105012, stack(0x000000fd36500000,0x000000fd36600000)]
  0x000002d25d9ca000 JavaThread "Unconstrained build operations Thread 69" [_thread_blocked, id=103144, stack(0x000000fd36600000,0x000000fd36700000)]
  0x000002d25d9c4000 JavaThread "Unconstrained build operations Thread 70" [_thread_blocked, id=90108, stack(0x000000fd36700000,0x000000fd36800000)]
  0x000002d25d9cb000 JavaThread "Unconstrained build operations Thread 71" [_thread_blocked, id=77028, stack(0x000000fd36800000,0x000000fd36900000)]
  0x000002d25d9cb800 JavaThread "Unconstrained build operations Thread 72" [_thread_blocked, id=97548, stack(0x000000fd36900000,0x000000fd36a00000)]
  0x000002d25d9cf000 JavaThread "Unconstrained build operations Thread 73" [_thread_blocked, id=98356, stack(0x000000fd36a00000,0x000000fd36b00000)]
  0x000002d25d9c9000 JavaThread "Unconstrained build operations Thread 74" [_thread_blocked, id=98012, stack(0x000000fd36b00000,0x000000fd36c00000)]
  0x000002d25d9cc800 JavaThread "Unconstrained build operations Thread 75" [_thread_blocked, id=89384, stack(0x000000fd36c00000,0x000000fd36d00000)]
  0x000002d25d9cd000 JavaThread "Unconstrained build operations Thread 76" [_thread_blocked, id=103412, stack(0x000000fd36d00000,0x000000fd36e00000)]
  0x000002d25d9ce000 JavaThread "Unconstrained build operations Thread 77" [_thread_blocked, id=78364, stack(0x000000fd36e00000,0x000000fd36f00000)]
  0x000002d25da14000 JavaThread "Unconstrained build operations Thread 78" [_thread_blocked, id=106128, stack(0x000000fd36f00000,0x000000fd37000000)]
  0x000002d25da15000 JavaThread "Unconstrained build operations Thread 79" [_thread_blocked, id=75188, stack(0x000000fd37000000,0x000000fd37100000)]
  0x000002d25da13800 JavaThread "Unconstrained build operations Thread 80" [_thread_blocked, id=99220, stack(0x000000fd37100000,0x000000fd37200000)]
  0x000002d25da11000 JavaThread "Unconstrained build operations Thread 81" [_thread_blocked, id=101608, stack(0x000000fd37200000,0x000000fd37300000)]
  0x000002d25da12000 JavaThread "Unconstrained build operations Thread 82" [_thread_blocked, id=92000, stack(0x000000fd37300000,0x000000fd37400000)]
  0x000002d25da12800 JavaThread "Unconstrained build operations Thread 83" [_thread_blocked, id=95784, stack(0x000000fd37400000,0x000000fd37500000)]
  0x000002d25da16000 JavaThread "Unconstrained build operations Thread 84" [_thread_blocked, id=88488, stack(0x000000fd37500000,0x000000fd37600000)]
  0x000002d25da10000 JavaThread "Unconstrained build operations Thread 85" [_thread_blocked, id=77456, stack(0x000000fd37600000,0x000000fd37700000)]
  0x000002d25da1c800 JavaThread "Unconstrained build operations Thread 86" [_thread_blocked, id=102480, stack(0x000000fd37700000,0x000000fd37800000)]
  0x000002d25da1b800 JavaThread "Unconstrained build operations Thread 87" [_thread_blocked, id=102580, stack(0x000000fd37800000,0x000000fd37900000)]
  0x000002d25da16800 JavaThread "Unconstrained build operations Thread 88" [_thread_blocked, id=105960, stack(0x000000fd37900000,0x000000fd37a00000)]
  0x000002d25da1a000 JavaThread "Unconstrained build operations Thread 89" [_thread_blocked, id=99188, stack(0x000000fd37a00000,0x000000fd37b00000)]
  0x000002d25da1d000 JavaThread "Unconstrained build operations Thread 90" [_thread_blocked, id=104108, stack(0x000000fd37b00000,0x000000fd37c00000)]
  0x000002d25da17800 JavaThread "Unconstrained build operations Thread 91" [_thread_blocked, id=65416, stack(0x000000fd37c00000,0x000000fd37d00000)]
  0x000002d25da1a800 JavaThread "Unconstrained build operations Thread 92" [_thread_blocked, id=105228, stack(0x000000fd37d00000,0x000000fd37e00000)]
  0x000002d25da1e000 JavaThread "Unconstrained build operations Thread 93" [_thread_blocked, id=41688, stack(0x000000fd37e00000,0x000000fd37f00000)]
  0x000002d25da18800 JavaThread "Unconstrained build operations Thread 94" [_thread_blocked, id=96676, stack(0x000000fd37f00000,0x000000fd38000000)]
  0x000002d25da1f000 JavaThread "Unconstrained build operations Thread 95" [_thread_blocked, id=97048, stack(0x000000fd38000000,0x000000fd38100000)]
  0x000002d25da19000 JavaThread "Unconstrained build operations Thread 96" [_thread_blocked, id=102920, stack(0x000000fd38100000,0x000000fd38200000)]
  0x000002d25d77a000 JavaThread "Unconstrained build operations Thread 97" [_thread_blocked, id=103856, stack(0x000000fd38200000,0x000000fd38300000)]
  0x000002d25d77b000 JavaThread "Unconstrained build operations Thread 98" [_thread_blocked, id=88096, stack(0x000000fd38300000,0x000000fd38400000)]
  0x000002d25d776000 JavaThread "Unconstrained build operations Thread 99" [_thread_blocked, id=102740, stack(0x000000fd38400000,0x000000fd38500000)]
  0x000002d25d775000 JavaThread "Unconstrained build operations Thread 100" [_thread_blocked, id=102084, stack(0x000000fd38500000,0x000000fd38600000)]
  0x000002d25d779000 JavaThread "Unconstrained build operations Thread 101" [_thread_blocked, id=103296, stack(0x000000fd38600000,0x000000fd38700000)]
  0x000002d25d77b800 JavaThread "Unconstrained build operations Thread 102" [_thread_blocked, id=90888, stack(0x000000fd38700000,0x000000fd38800000)]
  0x000002d25d777800 JavaThread "Unconstrained build operations Thread 103" [_thread_blocked, id=100688, stack(0x000000fd38800000,0x000000fd38900000)]
  0x000002d25d776800 JavaThread "Unconstrained build operations Thread 104" [_thread_blocked, id=102820, stack(0x000000fd38900000,0x000000fd38a00000)]
  0x000002d25d77e000 JavaThread "Unconstrained build operations Thread 105" [_thread_blocked, id=103924, stack(0x000000fd38a00000,0x000000fd38b00000)]
  0x000002d25d77c800 JavaThread "Unconstrained build operations Thread 106" [_thread_blocked, id=101944, stack(0x000000fd38b00000,0x000000fd38c00000)]
  0x000002d25d77d800 JavaThread "Unconstrained build operations Thread 107" [_thread_blocked, id=104660, stack(0x000000fd38c00000,0x000000fd38d00000)]
  0x000002d25d778800 JavaThread "Unconstrained build operations Thread 108" [_thread_blocked, id=95532, stack(0x000000fd38d00000,0x000000fd38e00000)]
  0x000002d25d781800 JavaThread "Unconstrained build operations Thread 109" [_thread_blocked, id=99364, stack(0x000000fd38e00000,0x000000fd38f00000)]
  0x000002d25d77f800 JavaThread "Unconstrained build operations Thread 110" [_thread_blocked, id=104280, stack(0x000000fd38f00000,0x000000fd39000000)]
  0x000002d25d782000 JavaThread "Unconstrained build operations Thread 111" [_thread_blocked, id=101012, stack(0x000000fd39000000,0x000000fd39100000)]
  0x000002d25d780800 JavaThread "Unconstrained build operations Thread 112" [_thread_blocked, id=95328, stack(0x000000fd39100000,0x000000fd39200000)]
  0x000002d25d783000 JavaThread "Unconstrained build operations Thread 113" [_thread_blocked, id=99416, stack(0x000000fd39200000,0x000000fd39300000)]
  0x000002d25d784000 JavaThread "Unconstrained build operations Thread 114" [_thread_blocked, id=99644, stack(0x000000fd39300000,0x000000fd39400000)]
  0x000002d25d77f000 JavaThread "Unconstrained build operations Thread 115" [_thread_blocked, id=99540, stack(0x000000fd39400000,0x000000fd39500000)]
  0x000002d25d739800 JavaThread "Unconstrained build operations Thread 116" [_thread_blocked, id=106220, stack(0x000000fd39500000,0x000000fd39600000)]
  0x000002d25d737800 JavaThread "Unconstrained build operations Thread 117" [_thread_blocked, id=100344, stack(0x000000fd39600000,0x000000fd39700000)]
  0x000002d25d738800 JavaThread "Unconstrained build operations Thread 118" [_thread_blocked, id=98328, stack(0x000000fd39700000,0x000000fd39800000)]
  0x000002d25d73a000 JavaThread "Unconstrained build operations Thread 119" [_thread_blocked, id=105528, stack(0x000000fd39800000,0x000000fd39900000)]
  0x000002d25d73c800 JavaThread "Unconstrained build operations Thread 120" [_thread_blocked, id=105556, stack(0x000000fd39900000,0x000000fd39a00000)]
  0x000002d25d73b000 JavaThread "Memory manager" [_thread_blocked, id=102440, stack(0x000000fd39a00000,0x000000fd39b00000)]
  0x000002d25d73b800 JavaThread "included builds" [_thread_blocked, id=102592, stack(0x000000fd39b00000,0x000000fd39c00000)]
  0x000002d25d740800 JavaThread "Cache worker for execution history cache (C:\Users\LENOVO\Downloads\Doctor_Appointment_Booking_Application-master\Doctor_Appointment_Booking_Application-master\.gradle\7.4\executionHistory)" [_thread_blocked, id=104312, stack(0x000000fd3a700000,0x000000fd3a800000)]

Other Threads:
  0x000002d258838000 VMThread "VM Thread" [stack: 0x000000fd2e800000,0x000000fd2e900000] [id=75536]
  0x000002d259355800 WatcherThread [stack: 0x000000fd2f200000,0x000000fd2f300000] [id=101716]
  0x000002d23f2a8800 GCTaskThread "GC Thread#0" [stack: 0x000000fd2e300000,0x000000fd2e400000] [id=103160]
  0x000002d259ab7800 GCTaskThread "GC Thread#1" [stack: 0x000000fd2f300000,0x000000fd2f400000] [id=103868]
  0x000002d25a4cb800 GCTaskThread "GC Thread#2" [stack: 0x000000fd2ff00000,0x000000fd30000000] [id=76040]
  0x000002d25b2b8800 GCTaskThread "GC Thread#3" [stack: 0x000000fd30000000,0x000000fd30100000] [id=99716]
  0x000002d25b6fb800 GCTaskThread "GC Thread#4" [stack: 0x000000fd30100000,0x000000fd30200000] [id=103600]
  0x000002d25b6fc000 GCTaskThread "GC Thread#5" [stack: 0x000000fd30200000,0x000000fd30300000] [id=97188]
  0x000002d25b296000 GCTaskThread "GC Thread#6" [stack: 0x000000fd30300000,0x000000fd30400000] [id=100356]
  0x000002d25b297000 GCTaskThread "GC Thread#7" [stack: 0x000000fd30400000,0x000000fd30500000] [id=77124]
  0x000002d25b297800 GCTaskThread "GC Thread#8" [stack: 0x000000fd30500000,0x000000fd30600000] [id=97788]
  0x000002d25b29c800 GCTaskThread "GC Thread#9" [stack: 0x000000fd30600000,0x000000fd30700000] [id=105136]
  0x000002d23f2d0000 ConcurrentGCThread "G1 Main Marker" [stack: 0x000000fd2e400000,0x000000fd2e500000] [id=105148]
  0x000002d23f2d1000 ConcurrentGCThread "G1 Conc#0" [stack: 0x000000fd2e500000,0x000000fd2e600000] [id=102964]
  0x000002d25b461000 ConcurrentGCThread "G1 Conc#1" [stack: 0x000000fd30900000,0x000000fd30a00000] [id=103168]
  0x000002d25b464800 ConcurrentGCThread "G1 Conc#2" [stack: 0x000000fd30a00000,0x000000fd30b00000] [id=91652]
  0x000002d23f35f000 ConcurrentGCThread "G1 Refine#0" [stack: 0x000000fd2e600000,0x000000fd2e700000] [id=106008]
  0x000002d25a01a800 ConcurrentGCThread "G1 Refine#1" [stack: 0x000000fd2f400000,0x000000fd2f500000] [id=102328]
  0x000002d23f362000 ConcurrentGCThread "G1 Young RemSet Sampling" [stack: 0x000000fd2e700000,0x000000fd2e800000] [id=96620]

Threads with active compile tasks:
C2 CompilerThread0  13827 8074   !   4       java.net.URL::<init> (543 bytes)

VM state:not at safepoint (normal execution)

VM Mutex/Monitor currently owned by a thread: None

Heap address: 0x00000000a0000000, size: 1536 MB, Compressed Oops mode: 32-bit
Narrow klass base: 0x0000000000000000, Narrow klass shift: 3
Compressed class space size: 1073741824 Address: 0x0000000100000000

Heap:
 garbage-first heap   total 258048K, used 139832K [0x00000000a0000000, 0x0000000100000000)
  region size 1024K, 8 young (8192K), 5 survivors (5120K)
 Metaspace       used 82985K, capacity 85144K, committed 85424K, reserved 1124352K
  class space    used 10706K, capacity 11459K, committed 11520K, reserved 1048576K
Heap Regions: E=young(eden), S=young(survivor), O=old, HS=humongous(starts), HC=humongous(continues), CS=collection set, F=free, A=archive, TAMS=top-at-mark-start (previous, next)
|   0|0x00000000a0000000, 0x00000000a0100000, 0x00000000a0100000|100%| O|  |TAMS 0x00000000a0100000, 0x00000000a0000000| Untracked 
|   1|0x00000000a0100000, 0x00000000a0200000, 0x00000000a0200000|100%| O|  |TAMS 0x00000000a0200000, 0x00000000a0100000| Untracked 
|   2|0x00000000a0200000, 0x00000000a0300000, 0x00000000a0300000|100%| O|  |TAMS 0x00000000a0300000, 0x00000000a0200000| Untracked 
|   3|0x00000000a0300000, 0x00000000a0400000, 0x00000000a0400000|100%|HS|  |TAMS 0x00000000a0400000, 0x00000000a0300000| Complete 
|   4|0x00000000a0400000, 0x00000000a0500000, 0x00000000a0500000|100%|HC|  |TAMS 0x00000000a0500000, 0x00000000a0400000| Complete 
|   5|0x00000000a0500000, 0x00000000a0600000, 0x00000000a0600000|100%|HC|  |TAMS 0x00000000a0600000, 0x00000000a0500000| Complete 
|   6|0x00000000a0600000, 0x00000000a0700000, 0x00000000a0700000|100%| O|  |TAMS 0x00000000a0700000, 0x00000000a0600000| Untracked 
|   7|0x00000000a0700000, 0x00000000a0800000, 0x00000000a0800000|100%| O|  |TAMS 0x00000000a0800000, 0x00000000a0700000| Untracked 
|   8|0x00000000a0800000, 0x00000000a0900000, 0x00000000a0900000|100%| O|  |TAMS 0x00000000a0900000, 0x00000000a0800000| Untracked 
|   9|0x00000000a0900000, 0x00000000a0a00000, 0x00000000a0a00000|100%| O|  |TAMS 0x00000000a0a00000, 0x00000000a0900000| Untracked 
|  10|0x00000000a0a00000, 0x00000000a0b00000, 0x00000000a0b00000|100%| O|  |TAMS 0x00000000a0b00000, 0x00000000a0a00000| Untracked 
|  11|0x00000000a0b00000, 0x00000000a0c00000, 0x00000000a0c00000|100%| O|  |TAMS 0x00000000a0c00000, 0x00000000a0b00000| Untracked 
|  12|0x00000000a0c00000, 0x00000000a0d00000, 0x00000000a0d00000|100%| O|  |TAMS 0x00000000a0d00000, 0x00000000a0c00000| Untracked 
|  13|0x00000000a0d00000, 0x00000000a0e00000, 0x00000000a0e00000|100%| O|  |TAMS 0x00000000a0e00000, 0x00000000a0d00000| Untracked 
|  14|0x00000000a0e00000, 0x00000000a0f00000, 0x00000000a0f00000|100%| O|  |TAMS 0x00000000a0f00000, 0x00000000a0e00000| Untracked 
|  15|0x00000000a0f00000, 0x00000000a1000000, 0x00000000a1000000|100%|HS|  |TAMS 0x00000000a1000000, 0x00000000a0f00000| Complete 
|  16|0x00000000a1000000, 0x00000000a1100000, 0x00000000a1100000|100%|HC|  |TAMS 0x00000000a1100000, 0x00000000a1000000| Complete 
|  17|0x00000000a1100000, 0x00000000a1200000, 0x00000000a1200000|100%|HS|  |TAMS 0x00000000a1200000, 0x00000000a1100000| Complete 
|  18|0x00000000a1200000, 0x00000000a1300000, 0x00000000a1300000|100%|HC|  |TAMS 0x00000000a1300000, 0x00000000a1200000| Complete 
|  19|0x00000000a1300000, 0x00000000a1400000, 0x00000000a1400000|100%|HC|  |TAMS 0x00000000a1400000, 0x00000000a1300000| Complete 
|  20|0x00000000a1400000, 0x00000000a1500000, 0x00000000a1500000|100%|HS|  |TAMS 0x00000000a1500000, 0x00000000a1400000| Complete 
|  21|0x00000000a1500000, 0x00000000a1600000, 0x00000000a1600000|100%|HC|  |TAMS 0x00000000a1600000, 0x00000000a1500000| Complete 
|  22|0x00000000a1600000, 0x00000000a1700000, 0x00000000a1700000|100%|HC|  |TAMS 0x00000000a1700000, 0x00000000a1600000| Complete 
|  23|0x00000000a1700000, 0x00000000a1800000, 0x00000000a1800000|100%|HS|  |TAMS 0x00000000a1800000, 0x00000000a1700000| Complete 
|  24|0x00000000a1800000, 0x00000000a1900000, 0x00000000a1900000|100%|HC|  |TAMS 0x00000000a1900000, 0x00000000a1800000| Complete 
|  25|0x00000000a1900000, 0x00000000a1a00000, 0x00000000a1a00000|100%|HC|  |TAMS 0x00000000a1a00000, 0x00000000a1900000| Complete 
|  26|0x00000000a1a00000, 0x00000000a1b00000, 0x00000000a1b00000|100%|HC|  |TAMS 0x00000000a1b00000, 0x00000000a1a00000| Complete 
|  27|0x00000000a1b00000, 0x00000000a1c00000, 0x00000000a1c00000|100%|HS|  |TAMS 0x00000000a1c00000, 0x00000000a1b00000| Complete 
|  28|0x00000000a1c00000, 0x00000000a1d00000, 0x00000000a1d00000|100%|HC|  |TAMS 0x00000000a1d00000, 0x00000000a1c00000| Complete 
|  29|0x00000000a1d00000, 0x00000000a1e00000, 0x00000000a1e00000|100%|HC|  |TAMS 0x00000000a1e00000, 0x00000000a1d00000| Complete 
|  30|0x00000000a1e00000, 0x00000000a1f00000, 0x00000000a1f00000|100%|HC|  |TAMS 0x00000000a1f00000, 0x00000000a1e00000| Complete 
|  31|0x00000000a1f00000, 0x00000000a2000000, 0x00000000a2000000|100%|HC|  |TAMS 0x00000000a2000000, 0x00000000a1f00000| Complete 
|  32|0x00000000a2000000, 0x00000000a2100000, 0x00000000a2100000|100%| O|  |TAMS 0x00000000a2100000, 0x00000000a2000000| Untracked 
|  33|0x00000000a2100000, 0x00000000a2200000, 0x00000000a2200000|100%| O|  |TAMS 0x00000000a2200000, 0x00000000a2100000| Untracked 
|  34|0x00000000a2200000, 0x00000000a2300000, 0x00000000a2300000|100%| O|  |TAMS 0x00000000a2300000, 0x00000000a2200000| Untracked 
|  35|0x00000000a2300000, 0x00000000a2400000, 0x00000000a2400000|100%| O|  |TAMS 0x00000000a2400000, 0x00000000a2300000| Untracked 
|  36|0x00000000a2400000, 0x00000000a2500000, 0x00000000a2500000|100%| O|  |TAMS 0x00000000a2500000, 0x00000000a2400000| Untracked 
|  37|0x00000000a2500000, 0x00000000a2600000, 0x00000000a2600000|100%| O|  |TAMS 0x00000000a2600000, 0x00000000a2500000| Untracked 
|  38|0x00000000a2600000, 0x00000000a2700000, 0x00000000a2700000|100%| O|  |TAMS 0x00000000a2700000, 0x00000000a2600000| Untracked 
|  39|0x00000000a2700000, 0x00000000a2800000, 0x00000000a2800000|100%| O|  |TAMS 0x00000000a2800000, 0x00000000a2700000| Untracked 
|  40|0x00000000a2800000, 0x00000000a2900000, 0x00000000a2900000|100%| O|  |TAMS 0x00000000a2900000, 0x00000000a2800000| Untracked 
|  41|0x00000000a2900000, 0x00000000a2a00000, 0x00000000a2a00000|100%| O|  |TAMS 0x00000000a2a00000, 0x00000000a2900000| Untracked 
|  42|0x00000000a2a00000, 0x00000000a2b00000, 0x00000000a2b00000|100%| O|  |TAMS 0x00000000a2b00000, 0x00000000a2a00000| Untracked 
|  43|0x00000000a2b00000, 0x00000000a2c00000, 0x00000000a2c00000|100%| O|  |TAMS 0x00000000a2c00000, 0x00000000a2b00000| Untracked 
|  44|0x00000000a2c00000, 0x00000000a2d00000, 0x00000000a2d00000|100%| O|  |TAMS 0x00000000a2d00000, 0x00000000a2c00000| Untracked 
|  45|0x00000000a2d00000, 0x00000000a2e00000, 0x00000000a2e00000|100%| O|  |TAMS 0x00000000a2e00000, 0x00000000a2d00000| Untracked 
|  46|0x00000000a2e00000, 0x00000000a2f00000, 0x00000000a2f00000|100%|HS|  |TAMS 0x00000000a2f00000, 0x00000000a2e00000| Complete 
|  47|0x00000000a2f00000, 0x00000000a3000000, 0x00000000a3000000|100%|HC|  |TAMS 0x00000000a3000000, 0x00000000a2f00000| Complete 
|  48|0x00000000a3000000, 0x00000000a3100000, 0x00000000a3100000|100%|HC|  |TAMS 0x00000000a3100000, 0x00000000a3000000| Complete 
|  49|0x00000000a3100000, 0x00000000a3200000, 0x00000000a3200000|100%|HC|  |TAMS 0x00000000a3200000, 0x00000000a3100000| Complete 
|  50|0x00000000a3200000, 0x00000000a3300000, 0x00000000a3300000|100%| O|  |TAMS 0x00000000a3300000, 0x00000000a3200000| Untracked 
|  51|0x00000000a3300000, 0x00000000a3400000, 0x00000000a3400000|100%|HS|  |TAMS 0x00000000a3400000, 0x00000000a3300000| Complete 
|  52|0x00000000a3400000, 0x00000000a3500000, 0x00000000a3500000|100%|HC|  |TAMS 0x00000000a3500000, 0x00000000a3400000| Complete 
|  53|0x00000000a3500000, 0x00000000a3600000, 0x00000000a3600000|100%|HC|  |TAMS 0x00000000a3600000, 0x00000000a3500000| Complete 
|  54|0x00000000a3600000, 0x00000000a3700000, 0x00000000a3700000|100%| O|  |TAMS 0x00000000a3700000, 0x00000000a3600000| Untracked 
|  55|0x00000000a3700000, 0x00000000a3800000, 0x00000000a3800000|100%| O|  |TAMS 0x00000000a3800000, 0x00000000a3700000| Untracked 
|  56|0x00000000a3800000, 0x00000000a3900000, 0x00000000a3900000|100%|HS|  |TAMS 0x00000000a3900000, 0x00000000a3800000| Complete 
|  57|0x00000000a3900000, 0x00000000a3a00000, 0x00000000a3a00000|100%|HC|  |TAMS 0x00000000a3a00000, 0x00000000a3900000| Complete 
|  58|0x00000000a3a00000, 0x00000000a3b00000, 0x00000000a3b00000|100%|HS|  |TAMS 0x00000000a3b00000, 0x00000000a3a00000| Complete 
|  59|0x00000000a3b00000, 0x00000000a3c00000, 0x00000000a3c00000|100%|HC|  |TAMS 0x00000000a3c00000, 0x00000000a3b00000| Complete 
|  60|0x00000000a3c00000, 0x00000000a3d00000, 0x00000000a3d00000|100%|HC|  |TAMS 0x00000000a3d00000, 0x00000000a3c00000| Complete 
|  61|0x00000000a3d00000, 0x00000000a3e00000, 0x00000000a3e00000|100%| O|  |TAMS 0x00000000a3e00000, 0x00000000a3d00000| Untracked 
|  62|0x00000000a3e00000, 0x00000000a3f00000, 0x00000000a3f00000|100%| O|  |TAMS 0x00000000a3f00000, 0x00000000a3e00000| Untracked 
|  63|0x00000000a3f00000, 0x00000000a4000000, 0x00000000a4000000|100%| O|  |TAMS 0x00000000a4000000, 0x00000000a3f00000| Untracked 
|  64|0x00000000a4000000, 0x00000000a4100000, 0x00000000a4100000|100%| O|  |TAMS 0x00000000a4100000, 0x00000000a4000000| Untracked 
|  65|0x00000000a4100000, 0x00000000a4200000, 0x00000000a4200000|100%| O|  |TAMS 0x00000000a4200000, 0x00000000a4100000| Untracked 
|  66|0x00000000a4200000, 0x00000000a4300000, 0x00000000a4300000|100%|HS|  |TAMS 0x00000000a4300000, 0x00000000a4200000| Complete 
|  67|0x00000000a4300000, 0x00000000a4400000, 0x00000000a4400000|100%|HC|  |TAMS 0x00000000a4400000, 0x00000000a4300000| Complete 
|  68|0x00000000a4400000, 0x00000000a4500000, 0x00000000a4500000|100%|HC|  |TAMS 0x00000000a4500000, 0x00000000a4400000| Complete 
|  69|0x00000000a4500000, 0x00000000a4600000, 0x00000000a4600000|100%|HC|  |TAMS 0x00000000a4600000, 0x00000000a4500000| Complete 
|  70|0x00000000a4600000, 0x00000000a4700000, 0x00000000a4700000|100%|HC|  |TAMS 0x00000000a4700000, 0x00000000a4600000| Complete 
|  71|0x00000000a4700000, 0x00000000a4800000, 0x00000000a4800000|100%| O|  |TAMS 0x00000000a4800000, 0x00000000a4700000| Untracked 
|  72|0x00000000a4800000, 0x00000000a4900000, 0x00000000a4900000|100%| O|  |TAMS 0x00000000a4900000, 0x00000000a4800000| Untracked 
|  73|0x00000000a4900000, 0x00000000a4a00000, 0x00000000a4a00000|100%| O|  |TAMS 0x00000000a4a00000, 0x00000000a4900000| Untracked 
|  74|0x00000000a4a00000, 0x00000000a4b00000, 0x00000000a4b00000|100%| O|  |TAMS 0x00000000a4b00000, 0x00000000a4a00000| Untracked 
|  75|0x00000000a4b00000, 0x00000000a4c00000, 0x00000000a4c00000|100%|HS|  |TAMS 0x00000000a4c00000, 0x00000000a4b00000| Complete 
|  76|0x00000000a4c00000, 0x00000000a4d00000, 0x00000000a4d00000|100%|HS|  |TAMS 0x00000000a4d00000, 0x00000000a4c00000| Complete 
|  77|0x00000000a4d00000, 0x00000000a4e00000, 0x00000000a4e00000|100%| O|  |TAMS 0x00000000a4e00000, 0x00000000a4d00000| Untracked 
|  78|0x00000000a4e00000, 0x00000000a4f00000, 0x00000000a4f00000|100%| O|  |TAMS 0x00000000a4f00000, 0x00000000a4e00000| Untracked 
|  79|0x00000000a4f00000, 0x00000000a5000000, 0x00000000a5000000|100%| O|  |TAMS 0x00000000a5000000, 0x00000000a4f00000| Untracked 
|  80|0x00000000a5000000, 0x00000000a5100000, 0x00000000a5100000|100%| O|  |TAMS 0x00000000a5100000, 0x00000000a5000000| Untracked 
|  81|0x00000000a5100000, 0x00000000a5200000, 0x00000000a5200000|100%| O|  |TAMS 0x00000000a5200000, 0x00000000a5100000| Untracked 
|  82|0x00000000a5200000, 0x00000000a5300000, 0x00000000a5300000|100%| O|  |TAMS 0x00000000a5300000, 0x00000000a5200000| Untracked 
|  83|0x00000000a5300000, 0x00000000a5400000, 0x00000000a5400000|100%| O|  |TAMS 0x00000000a5400000, 0x00000000a5300000| Untracked 
|  84|0x00000000a5400000, 0x00000000a5500000, 0x00000000a5500000|100%|HS|  |TAMS 0x00000000a5500000, 0x00000000a5400000| Complete 
|  85|0x00000000a5500000, 0x00000000a5600000, 0x00000000a5600000|100%|HC|  |TAMS 0x00000000a5600000, 0x00000000a5500000| Complete 
|  86|0x00000000a5600000, 0x00000000a5700000, 0x00000000a5700000|100%| O|  |TAMS 0x00000000a5700000, 0x00000000a5600000| Untracked 
|  87|0x00000000a5700000, 0x00000000a5800000, 0x00000000a5800000|100%| O|  |TAMS 0x00000000a5800000, 0x00000000a5700000| Untracked 
|  88|0x00000000a5800000, 0x00000000a5900000, 0x00000000a5900000|100%| O|  |TAMS 0x00000000a5900000, 0x00000000a5800000| Untracked 
|  89|0x00000000a5900000, 0x00000000a5a00000, 0x00000000a5a00000|100%| O|  |TAMS 0x00000000a5a00000, 0x00000000a5900000| Untracked 
|  90|0x00000000a5a00000, 0x00000000a5b00000, 0x00000000a5b00000|100%| O|  |TAMS 0x00000000a5b00000, 0x00000000a5a00000| Untracked 
|  91|0x00000000a5b00000, 0x00000000a5c00000, 0x00000000a5c00000|100%| O|  |TAMS 0x00000000a5c00000, 0x00000000a5b00000| Untracked 
|  92|0x00000000a5c00000, 0x00000000a5d00000, 0x00000000a5d00000|100%| O|  |TAMS 0x00000000a5d00000, 0x00000000a5c00000| Untracked 
|  93|0x00000000a5d00000, 0x00000000a5e00000, 0x00000000a5e00000|100%| O|  |TAMS 0x00000000a5e00000, 0x00000000a5d00000| Untracked 
|  94|0x00000000a5e00000, 0x00000000a5f00000, 0x00000000a5f00000|100%| O|  |TAMS 0x00000000a5f00000, 0x00000000a5e00000| Untracked 
|  95|0x00000000a5f00000, 0x00000000a6000000, 0x00000000a6000000|100%| O|  |TAMS 0x00000000a6000000, 0x00000000a5f00000| Untracked 
|  96|0x00000000a6000000, 0x00000000a6100000, 0x00000000a6100000|100%| O|  |TAMS 0x00000000a6100000, 0x00000000a6000000| Untracked 
|  97|0x00000000a6100000, 0x00000000a6200000, 0x00000000a6200000|100%| O|  |TAMS 0x00000000a6200000, 0x00000000a6100000| Untracked 
|  98|0x00000000a6200000, 0x00000000a6300000, 0x00000000a6300000|100%| O|  |TAMS 0x00000000a6300000, 0x00000000a6200000| Untracked 
|  99|0x00000000a6300000, 0x00000000a6400000, 0x00000000a6400000|100%| O|  |TAMS 0x00000000a6400000, 0x00000000a6300000| Untracked 
| 100|0x00000000a6400000, 0x00000000a6500000, 0x00000000a6500000|100%| O|  |TAMS 0x00000000a6500000, 0x00000000a6400000| Untracked 
| 101|0x00000000a6500000, 0x00000000a6600000, 0x00000000a6600000|100%|HS|  |TAMS 0x00000000a6600000, 0x00000000a6500000| Complete 
| 102|0x00000000a6600000, 0x00000000a6700000, 0x00000000a6700000|100%|HS|  |TAMS 0x00000000a6700000, 0x00000000a6600000| Complete 
| 103|0x00000000a6700000, 0x00000000a6800000, 0x00000000a6800000|100%|HC|  |TAMS 0x00000000a6800000, 0x00000000a6700000| Complete 
| 104|0x00000000a6800000, 0x00000000a6900000, 0x00000000a6900000|100%|HS|  |TAMS 0x00000000a6900000, 0x00000000a6800000| Complete 
| 105|0x00000000a6900000, 0x00000000a6a00000, 0x00000000a6a00000|100%|HC|  |TAMS 0x00000000a6a00000, 0x00000000a6900000| Complete 
| 106|0x00000000a6a00000, 0x00000000a6b00000, 0x00000000a6b00000|100%|HC|  |TAMS 0x00000000a6b00000, 0x00000000a6a00000| Complete 
| 107|0x00000000a6b00000, 0x00000000a6c00000, 0x00000000a6c00000|100%|HS|  |TAMS 0x00000000a6c00000, 0x00000000a6b00000| Complete 
| 108|0x00000000a6c00000, 0x00000000a6d00000, 0x00000000a6d00000|100%|HC|  |TAMS 0x00000000a6d00000, 0x00000000a6c00000| Complete 
| 109|0x00000000a6d00000, 0x00000000a6e00000, 0x00000000a6e00000|100%|HC|  |TAMS 0x00000000a6e00000, 0x00000000a6d00000| Complete 
| 110|0x00000000a6e00000, 0x00000000a6f00000, 0x00000000a6f00000|100%|HS|  |TAMS 0x00000000a6f00000, 0x00000000a6e00000| Complete 
| 111|0x00000000a6f00000, 0x00000000a7000000, 0x00000000a7000000|100%|HC|  |TAMS 0x00000000a7000000, 0x00000000a6f00000| Complete 
| 112|0x00000000a7000000, 0x00000000a7100000, 0x00000000a7100000|100%|HC|  |TAMS 0x00000000a7100000, 0x00000000a7000000| Complete 
| 113|0x00000000a7100000, 0x00000000a7200000, 0x00000000a7200000|100%|HC|  |TAMS 0x00000000a7200000, 0x00000000a7100000| Complete 
| 114|0x00000000a7200000, 0x00000000a7300000, 0x00000000a7300000|100%| O|  |TAMS 0x00000000a7300000, 0x00000000a7200000| Untracked 
| 115|0x00000000a7300000, 0x00000000a7400000, 0x00000000a7400000|100%| O|  |TAMS 0x00000000a7400000, 0x00000000a7300000| Untracked 
| 116|0x00000000a7400000, 0x00000000a7500000, 0x00000000a7500000|100%| O|  |TAMS 0x00000000a7500000, 0x00000000a7400000| Untracked 
| 117|0x00000000a7500000, 0x00000000a7600000, 0x00000000a7600000|100%|HS|  |TAMS 0x00000000a7600000, 0x00000000a7500000| Complete 
| 118|0x00000000a7600000, 0x00000000a7700000, 0x00000000a7700000|100%|HC|  |TAMS 0x00000000a7700000, 0x00000000a7600000| Complete 
| 119|0x00000000a7700000, 0x00000000a7800000, 0x00000000a7800000|100%|HC|  |TAMS 0x00000000a7800000, 0x00000000a7700000| Complete 
| 120|0x00000000a7800000, 0x00000000a7900000, 0x00000000a7900000|100%|HC|  |TAMS 0x00000000a7900000, 0x00000000a7800000| Complete 
| 121|0x00000000a7900000, 0x00000000a7a00000, 0x00000000a7a00000|100%|HC|  |TAMS 0x00000000a7a00000, 0x00000000a7900000| Complete 
| 122|0x00000000a7a00000, 0x00000000a7b00000, 0x00000000a7b00000|100%| O|  |TAMS 0x00000000a7b00000, 0x00000000a7a00000| Untracked 
| 123|0x00000000a7b00000, 0x00000000a7c00000, 0x00000000a7c00000|100%| O|  |TAMS 0x00000000a7c00000, 0x00000000a7b00000| Untracked 
| 124|0x00000000a7c00000, 0x00000000a7d00000, 0x00000000a7d00000|100%|HS|  |TAMS 0x00000000a7d00000, 0x00000000a7c00000| Complete 
| 125|0x00000000a7d00000, 0x00000000a7e00000, 0x00000000a7e00000|100%| O|  |TAMS 0x00000000a7e00000, 0x00000000a7d00000| Untracked 
| 126|0x00000000a7e00000, 0x00000000a7f00000, 0x00000000a7f00000|100%| O|  |TAMS 0x00000000a7f00000, 0x00000000a7e00000| Untracked 
| 127|0x00000000a7f00000, 0x00000000a8000000, 0x00000000a8000000|100%| O|  |TAMS 0x00000000a8000000, 0x00000000a7f00000| Untracked 
| 128|0x00000000a8000000, 0x00000000a80dc800, 0x00000000a8100000| 86%| O|  |TAMS 0x00000000a80dc800, 0x00000000a8000000| Untracked 
| 129|0x00000000a8100000, 0x00000000a8200000, 0x00000000a8200000|100%|HS|  |TAMS 0x00000000a8100000, 0x00000000a8100000| Complete 
| 130|0x00000000a8200000, 0x00000000a8200000, 0x00000000a8300000|  0%| F|  |TAMS 0x00000000a8200000, 0x00000000a8200000| Untracked 
| 131|0x00000000a8300000, 0x00000000a8300000, 0x00000000a8400000|  0%| F|  |TAMS 0x00000000a8300000, 0x00000000a8300000| Untracked 
| 132|0x00000000a8400000, 0x00000000a8400000, 0x00000000a8500000|  0%| F|  |TAMS 0x00000000a8400000, 0x00000000a8400000| Untracked 
| 133|0x00000000a8500000, 0x00000000a8500000, 0x00000000a8600000|  0%| F|  |TAMS 0x00000000a8500000, 0x00000000a8500000| Untracked 
| 134|0x00000000a8600000, 0x00000000a8600000, 0x00000000a8700000|  0%| F|  |TAMS 0x00000000a8600000, 0x00000000a8600000| Untracked 
| 135|0x00000000a8700000, 0x00000000a8700000, 0x00000000a8800000|  0%| F|  |TAMS 0x00000000a8700000, 0x00000000a8700000| Untracked 
| 136|0x00000000a8800000, 0x00000000a8800000, 0x00000000a8900000|  0%| F|  |TAMS 0x00000000a8800000, 0x00000000a8800000| Untracked 
| 137|0x00000000a8900000, 0x00000000a8900000, 0x00000000a8a00000|  0%| F|  |TAMS 0x00000000a8900000, 0x00000000a8900000| Untracked 
| 138|0x00000000a8a00000, 0x00000000a8a00000, 0x00000000a8b00000|  0%| F|  |TAMS 0x00000000a8a00000, 0x00000000a8a00000| Untracked 
| 139|0x00000000a8b00000, 0x00000000a8b00000, 0x00000000a8c00000|  0%| F|  |TAMS 0x00000000a8b00000, 0x00000000a8b00000| Untracked 
| 140|0x00000000a8c00000, 0x00000000a8c00000, 0x00000000a8d00000|  0%| F|  |TAMS 0x00000000a8c00000, 0x00000000a8c00000| Untracked 
| 141|0x00000000a8d00000, 0x00000000a8d00000, 0x00000000a8e00000|  0%| F|  |TAMS 0x00000000a8d00000, 0x00000000a8d00000| Untracked 
| 142|0x00000000a8e00000, 0x00000000a8e00000, 0x00000000a8f00000|  0%| F|  |TAMS 0x00000000a8e00000, 0x00000000a8e00000| Untracked 
| 143|0x00000000a8f00000, 0x00000000a8f00000, 0x00000000a9000000|  0%| F|  |TAMS 0x00000000a8f00000, 0x00000000a8f00000| Untracked 
| 144|0x00000000a9000000, 0x00000000a9000000, 0x00000000a9100000|  0%| F|  |TAMS 0x00000000a9000000, 0x00000000a9000000| Untracked 
| 145|0x00000000a9100000, 0x00000000a9100000, 0x00000000a9200000|  0%| F|  |TAMS 0x00000000a9100000, 0x00000000a9100000| Untracked 
| 146|0x00000000a9200000, 0x00000000a9200000, 0x00000000a9300000|  0%| F|  |TAMS 0x00000000a9200000, 0x00000000a9200000| Untracked 
| 147|0x00000000a9300000, 0x00000000a9300000, 0x00000000a9400000|  0%| F|  |TAMS 0x00000000a9300000, 0x00000000a9300000| Untracked 
| 148|0x00000000a9400000, 0x00000000a9400000, 0x00000000a9500000|  0%| F|  |TAMS 0x00000000a9400000, 0x00000000a9400000| Untracked 
| 149|0x00000000a9500000, 0x00000000a9500000, 0x00000000a9600000|  0%| F|  |TAMS 0x00000000a9500000, 0x00000000a9500000| Untracked 
| 150|0x00000000a9600000, 0x00000000a9600000, 0x00000000a9700000|  0%| F|  |TAMS 0x00000000a9600000, 0x00000000a9600000| Untracked 
| 151|0x00000000a9700000, 0x00000000a9700000, 0x00000000a9800000|  0%| F|  |TAMS 0x00000000a9700000, 0x00000000a9700000| Untracked 
| 152|0x00000000a9800000, 0x00000000a9800000, 0x00000000a9900000|  0%| F|  |TAMS 0x00000000a9800000, 0x00000000a9800000| Untracked 
| 153|0x00000000a9900000, 0x00000000a9900000, 0x00000000a9a00000|  0%| F|  |TAMS 0x00000000a9900000, 0x00000000a9900000| Untracked 
| 154|0x00000000a9a00000, 0x00000000a9a00000, 0x00000000a9b00000|  0%| F|  |TAMS 0x00000000a9a00000, 0x00000000a9a00000| Untracked 
| 155|0x00000000a9b00000, 0x00000000a9b00000, 0x00000000a9c00000|  0%| F|  |TAMS 0x00000000a9b00000, 0x00000000a9b00000| Untracked 
| 156|0x00000000a9c00000, 0x00000000a9c00000, 0x00000000a9d00000|  0%| F|  |TAMS 0x00000000a9c00000, 0x00000000a9c00000| Untracked 
| 157|0x00000000a9d00000, 0x00000000a9d00000, 0x00000000a9e00000|  0%| F|  |TAMS 0x00000000a9d00000, 0x00000000a9d00000| Untracked 
| 158|0x00000000a9e00000, 0x00000000a9e00000, 0x00000000a9f00000|  0%| F|  |TAMS 0x00000000a9e00000, 0x00000000a9e00000| Untracked 
| 159|0x00000000a9f00000, 0x00000000a9f00000, 0x00000000aa000000|  0%| F|  |TAMS 0x00000000a9f00000, 0x00000000a9f00000| Untracked 
| 160|0x00000000aa000000, 0x00000000aa000000, 0x00000000aa100000|  0%| F|  |TAMS 0x00000000aa000000, 0x00000000aa000000| Untracked 
| 161|0x00000000aa100000, 0x00000000aa100000, 0x00000000aa200000|  0%| F|  |TAMS 0x00000000aa100000, 0x00000000aa100000| Untracked 
| 162|0x00000000aa200000, 0x00000000aa200000, 0x00000000aa300000|  0%| F|  |TAMS 0x00000000aa200000, 0x00000000aa200000| Untracked 
| 163|0x00000000aa300000, 0x00000000aa300000, 0x00000000aa400000|  0%| F|  |TAMS 0x00000000aa300000, 0x00000000aa300000| Untracked 
| 164|0x00000000aa400000, 0x00000000aa400000, 0x00000000aa500000|  0%| F|  |TAMS 0x00000000aa400000, 0x00000000aa400000| Untracked 
| 165|0x00000000aa500000, 0x00000000aa500000, 0x00000000aa600000|  0%| F|  |TAMS 0x00000000aa500000, 0x00000000aa500000| Untracked 
| 166|0x00000000aa600000, 0x00000000aa600000, 0x00000000aa700000|  0%| F|  |TAMS 0x00000000aa600000, 0x00000000aa600000| Untracked 
| 167|0x00000000aa700000, 0x00000000aa700000, 0x00000000aa800000|  0%| F|  |TAMS 0x00000000aa700000, 0x00000000aa700000| Untracked 
| 168|0x00000000aa800000, 0x00000000aa800000, 0x00000000aa900000|  0%| F|  |TAMS 0x00000000aa800000, 0x00000000aa800000| Untracked 
| 169|0x00000000aa900000, 0x00000000aa900000, 0x00000000aaa00000|  0%| F|  |TAMS 0x00000000aa900000, 0x00000000aa900000| Untracked 
| 170|0x00000000aaa00000, 0x00000000aaa00000, 0x00000000aab00000|  0%| F|  |TAMS 0x00000000aaa00000, 0x00000000aaa00000| Untracked 
| 171|0x00000000aab00000, 0x00000000aab00000, 0x00000000aac00000|  0%| F|  |TAMS 0x00000000aab00000, 0x00000000aab00000| Untracked 
| 172|0x00000000aac00000, 0x00000000aac00000, 0x00000000aad00000|  0%| F|  |TAMS 0x00000000aac00000, 0x00000000aac00000| Untracked 
| 173|0x00000000aad00000, 0x00000000aad00000, 0x00000000aae00000|  0%| F|  |TAMS 0x00000000aad00000, 0x00000000aad00000| Untracked 
| 174|0x00000000aae00000, 0x00000000aae00000, 0x00000000aaf00000|  0%| F|  |TAMS 0x00000000aae00000, 0x00000000aae00000| Untracked 
| 175|0x00000000aaf00000, 0x00000000aaf00000, 0x00000000ab000000|  0%| F|  |TAMS 0x00000000aaf00000, 0x00000000aaf00000| Untracked 
| 176|0x00000000ab000000, 0x00000000ab000000, 0x00000000ab100000|  0%| F|  |TAMS 0x00000000ab000000, 0x00000000ab000000| Untracked 
| 177|0x00000000ab100000, 0x00000000ab100000, 0x00000000ab200000|  0%| F|  |TAMS 0x00000000ab100000, 0x00000000ab100000| Untracked 
| 178|0x00000000ab200000, 0x00000000ab200000, 0x00000000ab300000|  0%| F|  |TAMS 0x00000000ab200000, 0x00000000ab200000| Untracked 
| 179|0x00000000ab300000, 0x00000000ab300000, 0x00000000ab400000|  0%| F|  |TAMS 0x00000000ab300000, 0x00000000ab300000| Untracked 
| 180|0x00000000ab400000, 0x00000000ab400000, 0x00000000ab500000|  0%| F|  |TAMS 0x00000000ab400000, 0x00000000ab400000| Untracked 
| 181|0x00000000ab500000, 0x00000000ab500000, 0x00000000ab600000|  0%| F|  |TAMS 0x00000000ab500000, 0x00000000ab500000| Untracked 
| 182|0x00000000ab600000, 0x00000000ab600000, 0x00000000ab700000|  0%| F|  |TAMS 0x00000000ab600000, 0x00000000ab600000| Untracked 
| 183|0x00000000ab700000, 0x00000000ab700000, 0x00000000ab800000|  0%| F|  |TAMS 0x00000000ab700000, 0x00000000ab700000| Untracked 
| 184|0x00000000ab800000, 0x00000000ab800000, 0x00000000ab900000|  0%| F|  |TAMS 0x00000000ab800000, 0x00000000ab800000| Untracked 
| 185|0x00000000ab900000, 0x00000000ab900000, 0x00000000aba00000|  0%| F|  |TAMS 0x00000000ab900000, 0x00000000ab900000| Untracked 
| 186|0x00000000aba00000, 0x00000000aba00000, 0x00000000abb00000|  0%| F|  |TAMS 0x00000000aba00000, 0x00000000aba00000| Untracked 
| 187|0x00000000abb00000, 0x00000000abb00000, 0x00000000abc00000|  0%| F|  |TAMS 0x00000000abb00000, 0x00000000abb00000| Untracked 
| 188|0x00000000abc00000, 0x00000000abc00000, 0x00000000abd00000|  0%| F|  |TAMS 0x00000000abc00000, 0x00000000abc00000| Untracked 
| 189|0x00000000abd00000, 0x00000000abd00000, 0x00000000abe00000|  0%| F|  |TAMS 0x00000000abd00000, 0x00000000abd00000| Untracked 
| 190|0x00000000abe00000, 0x00000000abe00000, 0x00000000abf00000|  0%| F|  |TAMS 0x00000000abe00000, 0x00000000abe00000| Untracked 
| 191|0x00000000abf00000, 0x00000000abf00000, 0x00000000ac000000|  0%| F|  |TAMS 0x00000000abf00000, 0x00000000abf00000| Untracked 
| 192|0x00000000ac000000, 0x00000000ac000000, 0x00000000ac100000|  0%| F|  |TAMS 0x00000000ac000000, 0x00000000ac000000| Untracked 
| 193|0x00000000ac100000, 0x00000000ac100000, 0x00000000ac200000|  0%| F|  |TAMS 0x00000000ac100000, 0x00000000ac100000| Untracked 
| 194|0x00000000ac200000, 0x00000000ac200000, 0x00000000ac300000|  0%| F|  |TAMS 0x00000000ac200000, 0x00000000ac200000| Untracked 
| 195|0x00000000ac300000, 0x00000000ac300000, 0x00000000ac400000|  0%| F|  |TAMS 0x00000000ac300000, 0x00000000ac300000| Untracked 
| 196|0x00000000ac400000, 0x00000000ac400000, 0x00000000ac500000|  0%| F|  |TAMS 0x00000000ac400000, 0x00000000ac400000| Untracked 
| 197|0x00000000ac500000, 0x00000000ac500000, 0x00000000ac600000|  0%| F|  |TAMS 0x00000000ac500000, 0x00000000ac500000| Untracked 
| 198|0x00000000ac600000, 0x00000000ac600000, 0x00000000ac700000|  0%| F|  |TAMS 0x00000000ac600000, 0x00000000ac600000| Untracked 
| 199|0x00000000ac700000, 0x00000000ac700000, 0x00000000ac800000|  0%| F|  |TAMS 0x00000000ac700000, 0x00000000ac700000| Untracked 
| 200|0x00000000ac800000, 0x00000000ac800000, 0x00000000ac900000|  0%| F|  |TAMS 0x00000000ac800000, 0x00000000ac800000| Untracked 
| 201|0x00000000ac900000, 0x00000000ac900000, 0x00000000aca00000|  0%| F|  |TAMS 0x00000000ac900000, 0x00000000ac900000| Untracked 
| 202|0x00000000aca00000, 0x00000000aca00000, 0x00000000acb00000|  0%| F|  |TAMS 0x00000000aca00000, 0x00000000aca00000| Untracked 
| 203|0x00000000acb00000, 0x00000000acb00000, 0x00000000acc00000|  0%| F|  |TAMS 0x00000000acb00000, 0x00000000acb00000| Untracked 
| 204|0x00000000acc00000, 0x00000000acc00000, 0x00000000acd00000|  0%| F|  |TAMS 0x00000000acc00000, 0x00000000acc00000| Untracked 
| 205|0x00000000acd00000, 0x00000000acd00000, 0x00000000ace00000|  0%| F|  |TAMS 0x00000000acd00000, 0x00000000acd00000| Untracked 
| 206|0x00000000ace00000, 0x00000000ace00000, 0x00000000acf00000|  0%| F|  |TAMS 0x00000000ace00000, 0x00000000ace00000| Untracked 
| 207|0x00000000acf00000, 0x00000000acf00000, 0x00000000ad000000|  0%| F|  |TAMS 0x00000000acf00000, 0x00000000acf00000| Untracked 
| 208|0x00000000ad000000, 0x00000000ad000000, 0x00000000ad100000|  0%| F|  |TAMS 0x00000000ad000000, 0x00000000ad000000| Untracked 
| 209|0x00000000ad100000, 0x00000000ad100000, 0x00000000ad200000|  0%| F|  |TAMS 0x00000000ad100000, 0x00000000ad100000| Untracked 
| 210|0x00000000ad200000, 0x00000000ad200000, 0x00000000ad300000|  0%| F|  |TAMS 0x00000000ad200000, 0x00000000ad200000| Untracked 
| 211|0x00000000ad300000, 0x00000000ad300000, 0x00000000ad400000|  0%| F|  |TAMS 0x00000000ad300000, 0x00000000ad300000| Untracked 
| 212|0x00000000ad400000, 0x00000000ad400000, 0x00000000ad500000|  0%| F|  |TAMS 0x00000000ad400000, 0x00000000ad400000| Untracked 
| 213|0x00000000ad500000, 0x00000000ad500000, 0x00000000ad600000|  0%| F|  |TAMS 0x00000000ad500000, 0x00000000ad500000| Untracked 
| 214|0x00000000ad600000, 0x00000000ad600000, 0x00000000ad700000|  0%| F|  |TAMS 0x00000000ad600000, 0x00000000ad600000| Untracked 
| 215|0x00000000ad700000, 0x00000000ad700000, 0x00000000ad800000|  0%| F|  |TAMS 0x00000000ad700000, 0x00000000ad700000| Untracked 
| 216|0x00000000ad800000, 0x00000000ad800000, 0x00000000ad900000|  0%| F|  |TAMS 0x00000000ad800000, 0x00000000ad800000| Untracked 
| 217|0x00000000ad900000, 0x00000000ad900000, 0x00000000ada00000|  0%| F|  |TAMS 0x00000000ad900000, 0x00000000ad900000| Untracked 
| 218|0x00000000ada00000, 0x00000000ada00000, 0x00000000adb00000|  0%| F|  |TAMS 0x00000000ada00000, 0x00000000ada00000| Untracked 
| 219|0x00000000adb00000, 0x00000000adb00000, 0x00000000adc00000|  0%| F|  |TAMS 0x00000000adb00000, 0x00000000adb00000| Untracked 
| 220|0x00000000adc00000, 0x00000000adc00000, 0x00000000add00000|  0%| F|  |TAMS 0x00000000adc00000, 0x00000000adc00000| Untracked 
| 221|0x00000000add00000, 0x00000000add00000, 0x00000000ade00000|  0%| F|  |TAMS 0x00000000add00000, 0x00000000add00000| Untracked 
| 222|0x00000000ade00000, 0x00000000ade00000, 0x00000000adf00000|  0%| F|  |TAMS 0x00000000ade00000, 0x00000000ade00000| Untracked 
| 223|0x00000000adf00000, 0x00000000adf00000, 0x00000000ae000000|  0%| F|  |TAMS 0x00000000adf00000, 0x00000000adf00000| Untracked 
| 224|0x00000000ae000000, 0x00000000ae000000, 0x00000000ae100000|  0%| F|  |TAMS 0x00000000ae000000, 0x00000000ae000000| Untracked 
| 225|0x00000000ae100000, 0x00000000ae100000, 0x00000000ae200000|  0%| F|  |TAMS 0x00000000ae100000, 0x00000000ae100000| Untracked 
| 226|0x00000000ae200000, 0x00000000ae2b1a88, 0x00000000ae300000| 69%| S|CS|TAMS 0x00000000ae200000, 0x00000000ae200000| Complete 
| 227|0x00000000ae300000, 0x00000000ae400000, 0x00000000ae400000|100%| S|CS|TAMS 0x00000000ae300000, 0x00000000ae300000| Complete 
| 228|0x00000000ae400000, 0x00000000ae500000, 0x00000000ae500000|100%| S|CS|TAMS 0x00000000ae400000, 0x00000000ae400000| Complete 
| 229|0x00000000ae500000, 0x00000000ae600000, 0x00000000ae600000|100%| S|CS|TAMS 0x00000000ae500000, 0x00000000ae500000| Complete 
| 230|0x00000000ae600000, 0x00000000ae700000, 0x00000000ae700000|100%| S|CS|TAMS 0x00000000ae600000, 0x00000000ae600000| Complete 
| 231|0x00000000ae700000, 0x00000000ae700000, 0x00000000ae800000|  0%| F|  |TAMS 0x00000000ae700000, 0x00000000ae700000| Untracked 
| 232|0x00000000ae800000, 0x00000000ae800000, 0x00000000ae900000|  0%| F|  |TAMS 0x00000000ae800000, 0x00000000ae800000| Untracked 
| 233|0x00000000ae900000, 0x00000000ae900000, 0x00000000aea00000|  0%| F|  |TAMS 0x00000000ae900000, 0x00000000ae900000| Untracked 
| 234|0x00000000aea00000, 0x00000000aea00000, 0x00000000aeb00000|  0%| F|  |TAMS 0x00000000aea00000, 0x00000000aea00000| Untracked 
| 235|0x00000000aeb00000, 0x00000000aeb00000, 0x00000000aec00000|  0%| F|  |TAMS 0x00000000aeb00000, 0x00000000aeb00000| Untracked 
| 236|0x00000000aec00000, 0x00000000aec00000, 0x00000000aed00000|  0%| F|  |TAMS 0x00000000aec00000, 0x00000000aec00000| Untracked 
| 237|0x00000000aed00000, 0x00000000aed00000, 0x00000000aee00000|  0%| F|  |TAMS 0x00000000aed00000, 0x00000000aed00000| Untracked 
| 238|0x00000000aee00000, 0x00000000aee00000, 0x00000000aef00000|  0%| F|  |TAMS 0x00000000aee00000, 0x00000000aee00000| Untracked 
| 239|0x00000000aef00000, 0x00000000aef00000, 0x00000000af000000|  0%| F|  |TAMS 0x00000000aef00000, 0x00000000aef00000| Untracked 
| 240|0x00000000af000000, 0x00000000af000000, 0x00000000af100000|  0%| F|  |TAMS 0x00000000af000000, 0x00000000af000000| Untracked 
| 241|0x00000000af100000, 0x00000000af100000, 0x00000000af200000|  0%| F|  |TAMS 0x00000000af100000, 0x00000000af100000| Untracked 
| 242|0x00000000af200000, 0x00000000af200000, 0x00000000af300000|  0%| F|  |TAMS 0x00000000af200000, 0x00000000af200000| Untracked 
| 243|0x00000000af300000, 0x00000000af300000, 0x00000000af400000|  0%| F|  |TAMS 0x00000000af300000, 0x00000000af300000| Untracked 
| 244|0x00000000af400000, 0x00000000af400000, 0x00000000af500000|  0%| F|  |TAMS 0x00000000af400000, 0x00000000af400000| Untracked 
| 245|0x00000000af500000, 0x00000000af500000, 0x00000000af600000|  0%| F|  |TAMS 0x00000000af500000, 0x00000000af500000| Untracked 
| 246|0x00000000af600000, 0x00000000af600000, 0x00000000af700000|  0%| F|  |TAMS 0x00000000af600000, 0x00000000af600000| Untracked 
| 247|0x00000000af700000, 0x00000000af700000, 0x00000000af800000|  0%| F|  |TAMS 0x00000000af700000, 0x00000000af700000| Untracked 
| 248|0x00000000af800000, 0x00000000af800000, 0x00000000af900000|  0%| F|  |TAMS 0x00000000af800000, 0x00000000af800000| Untracked 
| 249|0x00000000af900000, 0x00000000afa00000, 0x00000000afa00000|100%| E|  |TAMS 0x00000000af900000, 0x00000000af900000| Complete 
| 250|0x00000000afa00000, 0x00000000afb00000, 0x00000000afb00000|100%| E|CS|TAMS 0x00000000afa00000, 0x00000000afa00000| Complete 
| 251|0x00000000afb00000, 0x00000000afc00000, 0x00000000afc00000|100%| E|CS|TAMS 0x00000000afb00000, 0x00000000afb00000| Complete 

Card table byte_map: [0x000002d252600000,0x000002d252900000] _byte_map_base: 0x000002d252100000

Marking Bits (Prev, Next): (CMBitMap*) 0x000002d23f2c9498, (CMBitMap*) 0x000002d23f2c94d0
 Prev Bits: [0x000002d252c00000, 0x000002d254400000)
 Next Bits: [0x000002d254400000, 0x000002d255c00000)

Polling page: 0x000002d23d230000

Metaspace:

Usage:
  Non-class:     72.02 MB capacity,    70.62 MB ( 98%) used,     1.19 MB (  2%) free+waste,   219.38 KB ( <1%) overhead. 
      Class:     11.22 MB capacity,    10.47 MB ( 93%) used,   670.19 KB (  6%) free+waste,   103.00 KB ( <1%) overhead. 
       Both:     83.24 MB capacity,    81.09 MB ( 97%) used,     1.84 MB (  2%) free+waste,   322.38 KB ( <1%) overhead. 

Virtual space:
  Non-class space:       74.00 MB reserved,      72.17 MB ( 98%) committed 
      Class space:        1.00 GB reserved,      11.25 MB (  1%) committed 
             Both:        1.07 GB reserved,      83.42 MB (  8%) committed 

Chunk freelists:
   Non-Class:  27.00 KB
       Class:  29.00 KB
        Both:  56.00 KB

MaxMetaspaceSize: 17179869184.00 GB
CompressedClassSpaceSize: 1.00 GB
Initial GC threshold: 20.80 MB
Current GC threshold: 138.62 MB
CDS: off

CodeHeap 'non-profiled nmethods': size=120000Kb used=3863Kb max_used=3863Kb free=116136Kb
 bounds [0x000002d24a880000, 0x000002d24ac50000, 0x000002d251db0000]
CodeHeap 'profiled nmethods': size=120000Kb used=16693Kb max_used=16693Kb free=103306Kb
 bounds [0x000002d243350000, 0x000002d2443a0000, 0x000002d24a880000]
CodeHeap 'non-nmethods': size=5760Kb used=2364Kb max_used=2399Kb free=3395Kb
 bounds [0x000002d242db0000, 0x000002d243020000, 0x000002d243350000]
 total_blobs=8829 nmethods=7944 adapters=797
 compilation: enabled
              stopped_count=0, restarted_count=0
 full_count=0

Compilation events (20 events):
Event: 13.698 Thread 0x000002d25888d000 nmethod 8066 0x000002d24438e190 code [0x000002d24438e340, 0x000002d24438e4b8]
Event: 13.698 Thread 0x000002d25888d000 8067       3       com.amazon.ion.impl.bin.Block::remaining (11 bytes)
Event: 13.698 Thread 0x000002d25888d000 nmethod 8067 0x000002d24438e590 code [0x000002d24438e740, 0x000002d24438e858]
Event: 13.700 Thread 0x000002d25888d000 8068       3       com.amazon.ion.impl.bin.IonRawBinaryWriter::isInStruct (35 bytes)
Event: 13.700 Thread 0x000002d25888d000 nmethod 8068 0x000002d24438e910 code [0x000002d24438eae0, 0x000002d24438ee58]
Event: 13.700 Thread 0x000002d25888d000 8069       3       org.gradle.tooling.internal.adapter.ProtocolToModelAdapter$InvocationHandlerImpl::invoke (176 bytes)
Event: 13.703 Thread 0x000002d25888d000 nmethod 8069 0x000002d24438ef90 code [0x000002d24438f680, 0x000002d2443934d8]
Event: 13.703 Thread 0x000002d25888d000 8070       3       org.gradle.tooling.internal.adapter.ProtocolToModelAdapter::access$1300 (4 bytes)
Event: 13.703 Thread 0x000002d25888d000 nmethod 8070 0x000002d244394a90 code [0x000002d244394c40, 0x000002d244394d38]
Event: 13.703 Thread 0x000002d25888d000 8071       3       org.gradle.tooling.internal.adapter.ProtocolToModelAdapter::access$1400 (4 bytes)
Event: 13.703 Thread 0x000002d25888d000 nmethod 8071 0x000002d244394e10 code [0x000002d244394fc0, 0x000002d2443950b8]
Event: 13.703 Thread 0x000002d25888d000 8072       3       org.gradle.tooling.internal.adapter.MethodInvocation::<init> (50 bytes)
Event: 13.703 Thread 0x000002d25888d000 nmethod 8072 0x000002d244395190 code [0x000002d244395360, 0x000002d2443957b8]
Event: 13.703 Thread 0x000002d25888d000 8073       3       org.gradle.tooling.internal.adapter.ProtocolToModelAdapter$SupportedPropertyInvoker::invoke (154 bytes)
Event: 13.704 Thread 0x000002d25888d000 nmethod 8073 0x000002d244395890 code [0x000002d244395c00, 0x000002d244396fd8]
Event: 13.705 Thread 0x000002d258884800 8074   !   4       java.net.URL::<init> (543 bytes)
Event: 13.712 Thread 0x000002d25888d000 8076       3       java.lang.String::lastIndexOf (104 bytes)
Event: 13.712 Thread 0x000002d25888d000 nmethod 8076 0x000002d244397710 code [0x000002d244397920, 0x000002d244397de8]
Event: 13.719 Thread 0x000002d25888d000 8078       3       java.io.ObjectOutputStream$BlockDataOutputStream::writeUTF (46 bytes)
Event: 13.719 Thread 0x000002d25888d000 nmethod 8078 0x000002d244397f90 code [0x000002d2443981a0, 0x000002d244398598]

GC Heap History (20 events):
Event: 10.392 GC heap before
{Heap before GC invocations=44 (full 0):
 garbage-first heap   total 201728K, used 142638K [0x00000000a0000000, 0x0000000100000000)
  region size 1024K, 46 young (47104K), 3 survivors (3072K)
 Metaspace       used 67589K, capacity 69516K, committed 69680K, reserved 1110016K
  class space    used 8579K, capacity 9222K, committed 9344K, reserved 1048576K
}
Event: 10.400 GC heap after
{Heap after GC invocations=45 (full 0):
 garbage-first heap   total 201728K, used 99934K [0x00000000a0000000, 0x0000000100000000)
  region size 1024K, 6 young (6144K), 6 survivors (6144K)
 Metaspace       used 67589K, capacity 69516K, committed 69680K, reserved 1110016K
  class space    used 8579K, capacity 9222K, committed 9344K, reserved 1048576K
}
Event: 11.024 GC heap before
{Heap before GC invocations=45 (full 0):
 garbage-first heap   total 201728K, used 146014K [0x00000000a0000000, 0x0000000100000000)
  region size 1024K, 51 young (52224K), 6 survivors (6144K)
 Metaspace       used 71255K, capacity 73216K, committed 73264K, reserved 1112064K
  class space    used 9178K, capacity 9812K, committed 9856K, reserved 1048576K
}
Event: 11.046 GC heap after
{Heap after GC invocations=46 (full 0):
 garbage-first heap   total 201728K, used 102943K [0x00000000a0000000, 0x0000000100000000)
  region size 1024K, 6 young (6144K), 6 survivors (6144K)
 Metaspace       used 71255K, capacity 73216K, committed 73264K, reserved 1112064K
  class space    used 9178K, capacity 9812K, committed 9856K, reserved 1048576K
}
Event: 11.602 GC heap before
{Heap before GC invocations=47 (full 0):
 garbage-first heap   total 201728K, used 150047K [0x00000000a0000000, 0x0000000100000000)
  region size 1024K, 52 young (53248K), 6 survivors (6144K)
 Metaspace       used 74016K, capacity 76027K, committed 76336K, reserved 1116160K
  class space    used 9606K, capacity 10292K, committed 10368K, reserved 1048576K
}
Event: 11.617 GC heap after
{Heap after GC invocations=48 (full 0):
 garbage-first heap   total 201728K, used 106367K [0x00000000a0000000, 0x0000000100000000)
  region size 1024K, 7 young (7168K), 7 survivors (7168K)
 Metaspace       used 74016K, capacity 76027K, committed 76336K, reserved 1116160K
  class space    used 9606K, capacity 10292K, committed 10368K, reserved 1048576K
}
Event: 11.829 GC heap before
{Heap before GC invocations=48 (full 0):
 garbage-first heap   total 201728K, used 129919K [0x00000000a0000000, 0x0000000100000000)
  region size 1024K, 31 young (31744K), 7 survivors (7168K)
 Metaspace       used 75210K, capacity 77138K, committed 77232K, reserved 1116160K
  class space    used 9765K, capacity 10407K, committed 10496K, reserved 1048576K
}
Event: 11.890 GC heap after
{Heap after GC invocations=49 (full 0):
 garbage-first heap   total 258048K, used 108398K [0x00000000a0000000, 0x0000000100000000)
  region size 1024K, 6 young (6144K), 6 survivors (6144K)
 Metaspace       used 75210K, capacity 77138K, committed 77232K, reserved 1116160K
  class space    used 9765K, capacity 10407K, committed 10496K, reserved 1048576K
}
Event: 12.078 GC heap before
{Heap before GC invocations=50 (full 0):
 garbage-first heap   total 258048K, used 119662K [0x00000000a0000000, 0x0000000100000000)
  region size 1024K, 9 young (9216K), 6 survivors (6144K)
 Metaspace       used 75210K, capacity 77138K, committed 77232K, reserved 1116160K
  class space    used 9765K, capacity 10407K, committed 10496K, reserved 1048576K
}
Event: 12.095 GC heap after
{Heap after GC invocations=51 (full 0):
 garbage-first heap   total 258048K, used 119896K [0x00000000a0000000, 0x0000000100000000)
  region size 1024K, 8 young (8192K), 8 survivors (8192K)
 Metaspace       used 75210K, capacity 77138K, committed 77232K, reserved 1116160K
  class space    used 9765K, capacity 10407K, committed 10496K, reserved 1048576K
}
Event: 12.170 GC heap before
{Heap before GC invocations=52 (full 0):
 garbage-first heap   total 258048K, used 123992K [0x00000000a0000000, 0x0000000100000000)
  region size 1024K, 9 young (9216K), 8 survivors (8192K)
 Metaspace       used 75210K, capacity 77138K, committed 77232K, reserved 1116160K
  class space    used 9765K, capacity 10407K, committed 10496K, reserved 1048576K
}
Event: 12.177 GC heap after
{Heap after GC invocations=53 (full 0):
 garbage-first heap   total 258048K, used 125302K [0x00000000a0000000, 0x0000000100000000)
  region size 1024K, 6 young (6144K), 6 survivors (6144K)
 Metaspace       used 75210K, capacity 77138K, committed 77232K, reserved 1116160K
  class space    used 9765K, capacity 10407K, committed 10496K, reserved 1048576K
}
Event: 12.285 GC heap before
{Heap before GC invocations=54 (full 0):
 garbage-first heap   total 258048K, used 130422K [0x00000000a0000000, 0x0000000100000000)
  region size 1024K, 7 young (7168K), 6 survivors (6144K)
 Metaspace       used 75210K, capacity 77138K, committed 77232K, reserved 1116160K
  class space    used 9765K, capacity 10407K, committed 10496K, reserved 1048576K
}
Event: 12.290 GC heap after
{Heap after GC invocations=55 (full 0):
 garbage-first heap   total 258048K, used 130862K [0x00000000a0000000, 0x0000000100000000)
  region size 1024K, 5 young (5120K), 5 survivors (5120K)
 Metaspace       used 75210K, capacity 77138K, committed 77232K, reserved 1116160K
  class space    used 9765K, capacity 10407K, committed 10496K, reserved 1048576K
}
Event: 13.337 GC heap before
{Heap before GC invocations=56 (full 0):
 garbage-first heap   total 258048K, used 192302K [0x00000000a0000000, 0x0000000100000000)
  region size 1024K, 64 young (65536K), 5 survivors (5120K)
 Metaspace       used 77952K, capacity 80165K, committed 80176K, reserved 1118208K
  class space    used 10151K, capacity 10873K, committed 10880K, reserved 1048576K
}
Event: 13.343 GC heap after
{Heap after GC invocations=57 (full 0):
 garbage-first heap   total 258048K, used 134383K [0x00000000a0000000, 0x0000000100000000)
  region size 1024K, 7 young (7168K), 7 survivors (7168K)
 Metaspace       used 77952K, capacity 80165K, committed 80176K, reserved 1118208K
  class space    used 10151K, capacity 10873K, committed 10880K, reserved 1048576K
}
Event: 13.637 GC heap before
{Heap before GC invocations=57 (full 0):
 garbage-first heap   total 258048K, used 199919K [0x00000000a0000000, 0x0000000100000000)
  region size 1024K, 71 young (72704K), 7 survivors (7168K)
 Metaspace       used 80762K, capacity 83058K, committed 83248K, reserved 1122304K
  class space    used 10513K, capacity 11298K, committed 11392K, reserved 1048576K
}
Event: 13.644 GC heap after
{Heap after GC invocations=58 (full 0):
 garbage-first heap   total 258048K, used 136475K [0x00000000a0000000, 0x0000000100000000)
  region size 1024K, 6 young (6144K), 6 survivors (6144K)
 Metaspace       used 80762K, capacity 83058K, committed 83248K, reserved 1122304K
  class space    used 10513K, capacity 11298K, committed 11392K, reserved 1048576K
}
Event: 13.748 GC heap before
{Heap before GC invocations=59 (full 0):
 garbage-first heap   total 258048K, used 155931K [0x00000000a0000000, 0x0000000100000000)
  region size 1024K, 27 young (27648K), 6 survivors (6144K)
 Metaspace       used 81815K, capacity 83992K, committed 84144K, reserved 1122304K
  class space    used 10637K, capacity 11395K, committed 11520K, reserved 1048576K
}
Event: 13.752 GC heap after
{Heap after GC invocations=60 (full 0):
 garbage-first heap   total 258048K, used 136760K [0x00000000a0000000, 0x0000000100000000)
  region size 1024K, 5 young (5120K), 5 survivors (5120K)
 Metaspace       used 81815K, capacity 83992K, committed 84144K, reserved 1122304K
  class space    used 10637K, capacity 11395K, committed 11520K, reserved 1048576K
}

Deoptimization events (20 events):
Event: 13.557 Thread 0x000002d25b3e2800 DEOPT PACKING pc=0x000002d24389343e sp=0x000000fd2fbf9840
Event: 13.557 Thread 0x000002d25b3e2800 DEOPT UNPACKING pc=0x000002d242dfa95e sp=0x000000fd2fbf8d20 mode 0
Event: 13.566 Thread 0x000002d25b3e2800 Uncommon trap: trap_request=0xffffffde fr.pc=0x000002d24ab6e538 relative=0x0000000000000598
Event: 13.566 Thread 0x000002d25b3e2800 Uncommon trap: reason=class_check action=maybe_recompile pc=0x000002d24ab6e538 method=java.util.regex.Matcher.search(I)Z @ 121 c2
Event: 13.566 Thread 0x000002d25b3e2800 DEOPT PACKING pc=0x000002d24ab6e538 sp=0x000000fd2fbfb220
Event: 13.566 Thread 0x000002d25b3e2800 DEOPT UNPACKING pc=0x000002d242dfa1af sp=0x000000fd2fbfb168 mode 2
Event: 13.567 Thread 0x000002d25b3e2800 Uncommon trap: trap_request=0xffffffde fr.pc=0x000002d24ab6e538 relative=0x0000000000000598
Event: 13.567 Thread 0x000002d25b3e2800 Uncommon trap: reason=class_check action=maybe_recompile pc=0x000002d24ab6e538 method=java.util.regex.Matcher.search(I)Z @ 121 c2
Event: 13.567 Thread 0x000002d25b3e2800 DEOPT PACKING pc=0x000002d24ab6e538 sp=0x000000fd2fbfb4d0
Event: 13.567 Thread 0x000002d25b3e2800 DEOPT UNPACKING pc=0x000002d242dfa1af sp=0x000000fd2fbfb418 mode 2
Event: 13.568 Thread 0x000002d25b3e2800 Uncommon trap: trap_request=0xffffffde fr.pc=0x000002d24ab6e538 relative=0x0000000000000598
Event: 13.568 Thread 0x000002d25b3e2800 Uncommon trap: reason=class_check action=maybe_recompile pc=0x000002d24ab6e538 method=java.util.regex.Matcher.search(I)Z @ 121 c2
Event: 13.568 Thread 0x000002d25b3e2800 DEOPT PACKING pc=0x000002d24ab6e538 sp=0x000000fd2fbfb210
Event: 13.568 Thread 0x000002d25b3e2800 DEOPT UNPACKING pc=0x000002d242dfa1af sp=0x000000fd2fbfb158 mode 2
Event: 13.622 Thread 0x000002d25b3e2800 DEOPT PACKING pc=0x000002d2435f24b6 sp=0x000000fd2fbf87d0
Event: 13.622 Thread 0x000002d25b3e2800 DEOPT UNPACKING pc=0x000002d242dfa95e sp=0x000000fd2fbf7cb0 mode 0
Event: 13.627 Thread 0x000002d25b3e2800 DEOPT PACKING pc=0x000002d2435f24b6 sp=0x000000fd2fbf8530
Event: 13.627 Thread 0x000002d25b3e2800 DEOPT UNPACKING pc=0x000002d242dfa95e sp=0x000000fd2fbf7a10 mode 0
Event: 13.632 Thread 0x000002d25b3e2800 DEOPT PACKING pc=0x000002d2435f24b6 sp=0x000000fd2fbf6b30
Event: 13.632 Thread 0x000002d25b3e2800 DEOPT UNPACKING pc=0x000002d242dfa95e sp=0x000000fd2fbf6010 mode 0

Classes redefined (0 events):
No events

Internal exceptions (20 events):
Event: 13.452 Thread 0x000002d25b3e2800 Exception <a 'java/lang/ClassNotFoundException'{0x00000000ae2f7e08}: org/gradle/api/internal/project/ant/BasicAntBuilderBeanInfo> (0x00000000ae2f7e08) thrown at [./src/hotspot/share/classfile/systemDictionary.cpp, line 231]
Event: 13.452 Thread 0x000002d25b3e2800 Exception <a 'java/lang/ClassNotFoundException'{0x00000000ae10bf88}: org/gradle/api/AntBuilderBeanInfo> (0x00000000ae10bf88) thrown at [./src/hotspot/share/classfile/systemDictionary.cpp, line 231]
Event: 13.453 Thread 0x000002d25b3e2800 Exception <a 'java/lang/ClassNotFoundException'{0x00000000ae1563c0}: groovy/util/AntBuilderBeanInfo> (0x00000000ae1563c0) thrown at [./src/hotspot/share/classfile/systemDictionary.cpp, line 231]
Event: 13.453 Thread 0x000002d25b3e2800 Exception <a 'java/lang/ClassNotFoundException'{0x00000000ae1a13c8}: groovy/util/BuilderSupportBeanInfo> (0x00000000ae1a13c8) thrown at [./src/hotspot/share/classfile/systemDictionary.cpp, line 231]
Event: 13.454 Thread 0x000002d25b3e2800 Exception <a 'java/lang/ClassNotFoundException'{0x00000000ae1ec9b0}: groovy/util/BuilderSupportCustomizer> (0x00000000ae1ec9b0) thrown at [./src/hotspot/share/classfile/systemDictionary.cpp, line 231]
Event: 13.455 Thread 0x000002d25b3e2800 Exception <a 'java/lang/ClassNotFoundException'{0x00000000ae039580}: groovy/util/AntBuilderCustomizer> (0x00000000ae039580) thrown at [./src/hotspot/share/classfile/systemDictionary.cpp, line 231]
Event: 13.455 Thread 0x000002d25b3e2800 Exception <a 'java/lang/ClassNotFoundException'{0x00000000ae053098}: org/gradle/api/AntBuilderCustomizer> (0x00000000ae053098) thrown at [./src/hotspot/share/classfile/systemDictionary.cpp, line 231]
Event: 13.455 Thread 0x000002d25b3e2800 Exception <a 'java/lang/ClassNotFoundException'{0x00000000ae077308}: org/gradle/api/internal/project/ant/BasicAntBuilderCustomizer> (0x00000000ae077308) thrown at [./src/hotspot/share/classfile/systemDictionary.cpp, line 231]
Event: 13.456 Thread 0x000002d25b3e2800 Exception <a 'java/lang/ClassNotFoundException'{0x00000000ae0a2a70}: org/gradle/api/internal/project/DefaultAntBuilderCustomizer> (0x00000000ae0a2a70) thrown at [./src/hotspot/share/classfile/systemDictionary.cpp, line 231]
Event: 13.475 Thread 0x000002d25b3e2800 Exception <a 'java/lang/ClassNotFoundException'{0x00000000ade7f390}: java/util/CollectionBeanInfo> (0x00000000ade7f390) thrown at [./src/hotspot/share/classfile/systemDictionary.cpp, line 231]
Event: 13.475 Thread 0x000002d25b3e2800 Exception <a 'java/lang/ClassNotFoundException'{0x00000000ade891c8}: java/util/CollectionCustomizer> (0x00000000ade891c8) thrown at [./src/hotspot/share/classfile/systemDictionary.cpp, line 231]
Event: 13.479 Thread 0x000002d25b3e2800 Exception <a 'java/lang/ClassNotFoundException'{0x00000000add09720}: org/gradle/api/tasks/SourceSetBeanInfo> (0x00000000add09720) thrown at [./src/hotspot/share/classfile/systemDictionary.cpp, line 231]
Event: 13.479 Thread 0x000002d25b3e2800 Exception <a 'java/lang/ClassNotFoundException'{0x00000000add28318}: org/gradle/api/tasks/SourceSetCustomizer> (0x00000000add28318) thrown at [./src/hotspot/share/classfile/systemDictionary.cpp, line 231]
Event: 13.481 Thread 0x000002d25b3e2800 Exception <a 'java/lang/ClassNotFoundException'{0x00000000adda3950}: java/util/LinkedHashMapBeanInfo> (0x00000000adda3950) thrown at [./src/hotspot/share/classfile/systemDictionary.cpp, line 231]
Event: 13.481 Thread 0x000002d25b3e2800 Exception <a 'java/lang/ClassNotFoundException'{0x00000000addacc60}: java/util/HashMapBeanInfo> (0x00000000addacc60) thrown at [./src/hotspot/share/classfile/systemDictionary.cpp, line 231]
Event: 13.481 Thread 0x000002d25b3e2800 Exception <a 'java/lang/ClassNotFoundException'{0x00000000addb6fd0}: java/util/AbstractMapBeanInfo> (0x00000000addb6fd0) thrown at [./src/hotspot/share/classfile/systemDictionary.cpp, line 231]
Event: 13.481 Thread 0x000002d25b3e2800 Exception <a 'java/lang/ClassNotFoundException'{0x00000000addc0c00}: java/util/AbstractMapCustomizer> (0x00000000addc0c00) thrown at [./src/hotspot/share/classfile/systemDictionary.cpp, line 231]
Event: 13.481 Thread 0x000002d25b3e2800 Exception <a 'java/lang/ClassNotFoundException'{0x00000000addd4370}: java/util/HashMapCustomizer> (0x00000000addd4370) thrown at [./src/hotspot/share/classfile/systemDictionary.cpp, line 231]
Event: 13.482 Thread 0x000002d25b3e2800 Exception <a 'java/lang/ClassNotFoundException'{0x00000000addf56b0}: java/util/LinkedHashMapCustomizer> (0x00000000addf56b0) thrown at [./src/hotspot/share/classfile/systemDictionary.cpp, line 231]
Event: 13.719 Thread 0x000002d25b3e2800 Exception <a 'java/lang/NoSuchMethodError'{0x00000000aeae1d28}: <clinit>> (0x00000000aeae1d28) thrown at [./src/hotspot/share/prims/jni.cpp, line 1366]

Events (20 events):
Event: 13.745 loading class kotlin/collections/ArraysKt___ArraysKt
Event: 13.745 loading class kotlin/collections/ArraysKt___ArraysKt done
Event: 13.747 Executing VM operation: G1CollectForAllocation
Event: 13.752 Executing VM operation: G1CollectForAllocation done
Event: 13.761 loading class kotlin/collections/ArraysKt___ArraysJvmKt
Event: 13.761 loading class kotlin/collections/ArraysKt___ArraysJvmKt done
Event: 13.763 loading class kotlin/collections/ArraysKt__ArraysKt
Event: 13.763 loading class kotlin/collections/ArraysKt__ArraysKt done
Event: 13.764 loading class kotlin/collections/ArraysKt__ArraysJVMKt
Event: 13.764 loading class kotlin/collections/ArraysKt__ArraysJVMKt done
Event: 13.773 loading class kotlin/collections/EmptyList
Event: 13.773 loading class kotlin/collections/EmptyList done
Event: 13.776 loading class kotlin/collections/SetsKt
Event: 13.776 loading class kotlin/collections/SetsKt done
Event: 13.776 loading class kotlin/collections/SetsKt___SetsKt
Event: 13.776 loading class kotlin/collections/SetsKt___SetsKt done
Event: 13.777 loading class kotlin/collections/SetsKt__SetsKt
Event: 13.777 loading class kotlin/collections/SetsKt__SetsKt done
Event: 13.777 loading class kotlin/collections/SetsKt__SetsJVMKt
Event: 13.777 loading class kotlin/collections/SetsKt__SetsJVMKt done


Dynamic libraries:
0x00007ff7e52c0000 - 0x00007ff7e52ca000 	C:\Program Files\Android\Android Studio\jre\bin\java.exe
0x00007ffde3320000 - 0x00007ffde3529000 	C:\Windows\SYSTEM32\ntdll.dll
0x00007ffde1f20000 - 0x00007ffde1fde000 	C:\Windows\System32\KERNEL32.DLL
0x00007ffde0890000 - 0x00007ffde0c0b000 	C:\Windows\System32\KERNELBASE.dll
0x00007ffde0df0000 - 0x00007ffde0f01000 	C:\Windows\System32\ucrtbase.dll
0x00007ffdd2a30000 - 0x00007ffdd2a47000 	C:\Program Files\Android\Android Studio\jre\bin\VCRUNTIME140.dll
0x00007ffdd2c10000 - 0x00007ffdd2c29000 	C:\Program Files\Android\Android Studio\jre\bin\jli.dll
0x00007ffde1340000 - 0x00007ffde14ed000 	C:\Windows\System32\USER32.dll
0x00007ffde1170000 - 0x00007ffde1196000 	C:\Windows\System32\win32u.dll
0x00007ffde2a80000 - 0x00007ffde2aa9000 	C:\Windows\System32\GDI32.dll
0x00007ffde0c10000 - 0x00007ffde0d28000 	C:\Windows\System32\gdi32full.dll
0x00007ffde07f0000 - 0x00007ffde088d000 	C:\Windows\System32\msvcp_win.dll
0x00007ffdc5970000 - 0x00007ffdc5c15000 	C:\Windows\WinSxS\amd64_microsoft.windows.common-controls_6595b64144ccf1df_6.0.22000.120_none_9d947278b86cc467\COMCTL32.dll
0x00007ffde1940000 - 0x00007ffde19e3000 	C:\Windows\System32\msvcrt.dll
0x00007ffde1740000 - 0x00007ffde1772000 	C:\Windows\System32\IMM32.DLL
0x00007ffdd23e0000 - 0x00007ffdd247d000 	C:\Program Files\Android\Android Studio\jre\bin\msvcp140.dll
0x00007ffd82020000 - 0x00007ffd82b22000 	C:\Program Files\Android\Android Studio\jre\bin\server\jvm.dll
0x00007ffde1890000 - 0x00007ffde193e000 	C:\Windows\System32\ADVAPI32.dll
0x00007ffde14f0000 - 0x00007ffde158e000 	C:\Windows\System32\sechost.dll
0x00007ffde2960000 - 0x00007ffde2a80000 	C:\Windows\System32\RPCRT4.dll
0x00007ffde1fe0000 - 0x00007ffde1fe8000 	C:\Windows\System32\PSAPI.DLL
0x00007ffdb2560000 - 0x00007ffdb2569000 	C:\Windows\SYSTEM32\WSOCK32.dll
0x00007ffdda010000 - 0x00007ffdda043000 	C:\Windows\SYSTEM32\WINMM.dll
0x00007ffde3270000 - 0x00007ffde32df000 	C:\Windows\System32\WS2_32.dll
0x00007ffdd8b40000 - 0x00007ffdd8b4a000 	C:\Windows\SYSTEM32\VERSION.dll
0x00007ffddf870000 - 0x00007ffddf888000 	C:\Windows\SYSTEM32\kernel.appcore.dll
0x00007ffd8a4e0000 - 0x00007ffd8a4f1000 	C:\Program Files\Android\Android Studio\jre\bin\verify.dll
0x00007ffdde520000 - 0x00007ffdde741000 	C:\Windows\SYSTEM32\DBGHELP.DLL
0x00007ffdd03f0000 - 0x00007ffdd0421000 	C:\Windows\SYSTEM32\dbgcore.DLL
0x00007ffde1080000 - 0x00007ffde10ff000 	C:\Windows\System32\bcryptPrimitives.dll
0x00007ffd8a4b0000 - 0x00007ffd8a4d9000 	C:\Program Files\Android\Android Studio\jre\bin\java.dll
0x00007ffdb8af0000 - 0x00007ffdb8afb000 	C:\Program Files\Android\Android Studio\jre\bin\jimage.dll
0x00007ffd8a490000 - 0x00007ffd8a4a8000 	C:\Program Files\Android\Android Studio\jre\bin\zip.dll
0x00007ffde2ab0000 - 0x00007ffde3267000 	C:\Windows\System32\SHELL32.dll
0x00007ffdde8e0000 - 0x00007ffddf145000 	C:\Windows\SYSTEM32\windows.storage.dll
0x00007ffde19f0000 - 0x00007ffde1d68000 	C:\Windows\System32\combase.dll
0x00007ffdde770000 - 0x00007ffdde8d6000 	C:\Windows\SYSTEM32\wintypes.dll
0x00007ffde17a0000 - 0x00007ffde188a000 	C:\Windows\System32\SHCORE.dll
0x00007ffde1220000 - 0x00007ffde127d000 	C:\Windows\System32\shlwapi.dll
0x00007ffde0720000 - 0x00007ffde0741000 	C:\Windows\SYSTEM32\profapi.dll
0x00007ffd8a470000 - 0x00007ffd8a48a000 	C:\Program Files\Android\Android Studio\jre\bin\net.dll
0x00007ffdd9ce0000 - 0x00007ffdd9df4000 	C:\Windows\SYSTEM32\WINHTTP.dll
0x00007ffddfd10000 - 0x00007ffddfd77000 	C:\Windows\system32\mswsock.dll
0x00007ffd8a450000 - 0x00007ffd8a464000 	C:\Program Files\Android\Android Studio\jre\bin\nio.dll
0x00007ffdd2a50000 - 0x00007ffdd2a77000 	C:\Users\LENOVO\.gradle\native\e1d6ef7f7dcc3fd88c89a11ec53ec762bb8ba0a96d01ffa2cd45eb1d1d8dd5c5\windows-amd64\native-platform.dll
0x00007ffd81420000 - 0x00007ffd81564000 	C:\Users\LENOVO\.gradle\native\0d407fdbe67a94daf76414ababcb853783967236a71b16ec16e742cd7a986fd3\windows-amd64\native-platform-file-events.dll
0x00007ffdb6eb0000 - 0x00007ffdb6eba000 	C:\Program Files\Android\Android Studio\jre\bin\management.dll
0x00007ffdb68c0000 - 0x00007ffdb68cd000 	C:\Program Files\Android\Android Studio\jre\bin\management_ext.dll
0x00007ffddff60000 - 0x00007ffddff78000 	C:\Windows\SYSTEM32\CRYPTSP.dll
0x00007ffddf7d0000 - 0x00007ffddf805000 	C:\Windows\system32\rsaenh.dll
0x00007ffddfe00000 - 0x00007ffddfe29000 	C:\Windows\SYSTEM32\USERENV.dll
0x00007ffde0150000 - 0x00007ffde0177000 	C:\Windows\SYSTEM32\bcrypt.dll
0x00007ffddff50000 - 0x00007ffddff5c000 	C:\Windows\SYSTEM32\CRYPTBASE.dll
0x00007ffddf3a0000 - 0x00007ffddf3cd000 	C:\Windows\SYSTEM32\IPHLPAPI.DLL
0x00007ffde1f10000 - 0x00007ffde1f19000 	C:\Windows\System32\NSI.dll
0x00007ffdd9ff0000 - 0x00007ffdda009000 	C:\Windows\SYSTEM32\dhcpcsvc6.DLL
0x00007ffdda360000 - 0x00007ffdda37e000 	C:\Windows\SYSTEM32\dhcpcsvc.DLL
0x00007ffddf3d0000 - 0x00007ffddf4b8000 	C:\Windows\SYSTEM32\DNSAPI.dll

dbghelp: loaded successfully - version: 4.0.5 - missing functions: none
symbol engine: initialized successfully - sym options: 0x614 - pdb path: .;C:\Program Files\Android\Android Studio\jre\bin;C:\Windows\SYSTEM32;C:\Windows\WinSxS\amd64_microsoft.windows.common-controls_6595b64144ccf1df_6.0.22000.120_none_9d947278b86cc467;C:\Program Files\Android\Android Studio\jre\bin\server;C:\Users\LENOVO\.gradle\native\e1d6ef7f7dcc3fd88c89a11ec53ec762bb8ba0a96d01ffa2cd45eb1d1d8dd5c5\windows-amd64;C:\Users\LENOVO\.gradle\native\0d407fdbe67a94daf76414ababcb853783967236a71b16ec16e742cd7a986fd3\windows-amd64

VM Arguments:
jvm_args: --add-opens=java.base/java.util=ALL-UNNAMED --add-opens=java.base/java.lang=ALL-UNNAMED --add-opens=java.base/java.lang.invoke=ALL-UNNAMED --add-opens=java.base/java.util=ALL-UNNAMED --add-opens=java.prefs/java.util.prefs=ALL-UNNAMED --add-opens=java.prefs/java.util.prefs=ALL-UNNAMED --add-opens=java.base/java.nio.charset=ALL-UNNAMED --add-opens=java.base/java.net=ALL-UNNAMED --add-opens=java.base/java.util.concurrent.atomic=ALL-UNNAMED -Xmx1536m -Dfile.encoding=windows-1252 -Duser.country=ID -Duser.language=en -Duser.variant 
java_command: org.gradle.launcher.daemon.bootstrap.GradleDaemon 7.4
java_class_path (initial): C:\Users\LENOVO\.gradle\wrapper\dists\gradle-7.4-all\aadb4xli5jkdsnukm30eibyiu\gradle-7.4\lib\gradle-launcher-7.4.jar
Launcher Type: SUN_STANDARD

[Global flags]
     intx CICompilerCount                          = 4                                         {product} {ergonomic}
     uint ConcGCThreads                            = 3                                         {product} {ergonomic}
     uint G1ConcRefinementThreads                  = 10                                        {product} {ergonomic}
   size_t G1HeapRegionSize                         = 1048576                                   {product} {ergonomic}
    uintx GCDrainStackTargetSize                   = 64                                        {product} {ergonomic}
   size_t InitialHeapSize                          = 98566144                                  {product} {ergonomic}
   size_t MarkStackSize                            = 4194304                                   {product} {ergonomic}
   size_t MaxHeapSize                              = 1610612736                                {product} {command line}
   size_t MaxNewSize                               = 965738496                                 {product} {ergonomic}
   size_t MinHeapDeltaBytes                        = 1048576                                   {product} {ergonomic}
    uintx NonNMethodCodeHeapSize                   = 5836300                                {pd product} {ergonomic}
    uintx NonProfiledCodeHeapSize                  = 122910970                              {pd product} {ergonomic}
    uintx ProfiledCodeHeapSize                     = 122910970                              {pd product} {ergonomic}
    uintx ReservedCodeCacheSize                    = 251658240                              {pd product} {ergonomic}
     bool SegmentedCodeCache                       = true                                      {product} {ergonomic}
     bool UseCompressedClassPointers               = true                                 {lp64_product} {ergonomic}
     bool UseCompressedOops                        = true                                 {lp64_product} {ergonomic}
     bool UseG1GC                                  = true                                      {product} {ergonomic}
     bool UseLargePagesIndividualAllocation        = false                                  {pd product} {ergonomic}

Logging:
Log output configuration:
 #0: stdout all=warning uptime,level,tags
 #1: stderr all=off uptime,level,tags

Environment Variables:
PATH=C:\Windows\system32;C:\Windows;C:\Windows\System32\Wbem;C:\Windows\System32\WindowsPowerShell\v1.0\;C:\Windows\System32\OpenSSH\;C:\Program Files\PuTTY\;C:\Program Files\Git\cmd;C:\Users\LENOVO\AppData\Local\Programs\Python\Python310\Scripts\;C:\Users\LENOVO\AppData\Local\Programs\Python\Python310\;C:\Users\LENOVO\AppData\Local\Microsoft\WindowsApps;;C:\Users\LENOVO\AppData\Local\Programs\Microsoft VS Code\bin
USERNAME=LENOVO
OS=Windows_NT
PROCESSOR_IDENTIFIER=AMD64 Family 25 Model 80 Stepping 0, AuthenticAMD



---------------  S Y S T E M  ---------------

OS: Windows 11 , 64 bit Build 22000 (10.0.22000.1335)
OS uptime: 16 days 1:02 hours

CPU:total 12 (initial active 12) (12 cores per cpu, 2 threads per core) family 25 model 80 stepping 0 microcode 0x0, cmov, cx8, fxsr, mmx, sse, sse2, sse3, ssse3, sse4.1, sse4.2, popcnt, avx, avx2, aes, clmul, erms, mmxext, 3dnowpref, lzcnt, sse4a, ht, tsc, tscinvbit, tscinv, bmi1, bmi2, adx, sha, fma

Memory: 4k page, system-wide physical 5989M (49M free)
TotalPageFile size 24421M (AvailPageFile size 3M)
current process WorkingSet (physical memory assigned to process): 406M, peak: 406M
current process commit charge ("private bytes"): 524M, peak: 525M

vm_info: OpenJDK 64-Bit Server VM (11.0.13+0-b1751.21-8125866) for windows-amd64 JRE (11.0.13+0-b1751.21-8125866), built on Feb  2 2022 03:00:22 by "builder" with MS VC++ 14.0 (VS2015)

END.
