#
# There is insufficient memory for the Java Runtime Environment to continue.
# Native memory allocation (malloc) failed to allocate 1407696 bytes for Chunk::new
# Possible reasons:
#   The system is out of physical RAM or swap space
#   The process is running with CompressedOops enabled, and the Java Heap may be blocking the growth of the native heap
# Possible solutions:
#   Reduce memory load on the system
#   Increase physical memory or swap space
#   Check if swap backing store is full
#   Decrease Java heap size (-Xmx/-Xms)
#   Decrease number of Java threads
#   Decrease Java thread stack sizes (-Xss)
#   Set larger code cache with -XX:ReservedCodeCacheSize=
#   JVM is running with Unscaled Compressed Oops mode in which the Java heap is
#     placed in the first 4GB address space. The Java Heap base address is the
#     maximum limit for the native heap growth. Please use -XX:HeapBaseMinAddress
#     to set the Java Heap base and to place the Java Heap above 4GB virtual address.
# This output file may be truncated or incomplete.
#
#  Out of Memory Error (./src/hotspot/share/memory/arena.cpp:197), pid=101292, tid=93196
#
# JRE version: OpenJDK Runtime Environment (11.0.13) (build 11.0.13+0-b1751.21-8125866)
# Java VM: OpenJDK 64-Bit Server VM (11.0.13+0-b1751.21-8125866, mixed mode, tiered, compressed oops, g1 gc, windows-amd64)
# No core dump will be written. Minidumps are not enabled by default on client versions of Windows
#

---------------  S U M M A R Y ------------

Command Line: --add-opens=java.base/java.util=ALL-UNNAMED --add-opens=java.base/java.lang=ALL-UNNAMED --add-opens=java.base/java.lang.invoke=ALL-UNNAMED --add-opens=java.base/java.util=ALL-UNNAMED --add-opens=java.prefs/java.util.prefs=ALL-UNNAMED --add-opens=java.prefs/java.util.prefs=ALL-UNNAMED --add-opens=java.base/java.nio.charset=ALL-UNNAMED --add-opens=java.base/java.net=ALL-UNNAMED --add-opens=java.base/java.util.concurrent.atomic=ALL-UNNAMED -Xmx1536m -Dfile.encoding=windows-1252 -Duser.country=ID -Duser.language=en -Duser.variant org.gradle.launcher.daemon.bootstrap.GradleDaemon 7.4

Host: AMD Ryzen 5 5625U with Radeon Graphics         , 12 cores, 5G,  Windows 11 , 64 bit Build 22000 (10.0.22000.1335)
Time: Wed Jan 11 13:53:31 2023 Malay Peninsula Standard Time elapsed time: 10.753231 seconds (0d 0h 0m 10s)

---------------  T H R E A D  ---------------

Current thread (0x000001ab1b933000):  JavaThread "C2 CompilerThread0" daemon [_thread_in_native, id=93196, stack(0x0000008aea000000,0x0000008aea100000)]


Current CompileTask:
C2:  10753 7902       4       sun.reflect.generics.parser.SignatureParser::parseTypeSignature (130 bytes)

Stack: [0x0000008aea000000,0x0000008aea100000]
Native frames: (J=compiled Java code, j=interpreted, Vv=VM code, C=native code)
V  [jvm.dll+0x6100fa]
V  [jvm.dll+0x747090]
V  [jvm.dll+0x7486ad]
V  [jvm.dll+0x748d83]
V  [jvm.dll+0x24ab48]
V  [jvm.dll+0xc04dc]
V  [jvm.dll+0xc0a0c]
V  [jvm.dll+0x35eb9d]
V  [jvm.dll+0x32b833]
V  [jvm.dll+0x32ad2a]
V  [jvm.dll+0x2032b2]
V  [jvm.dll+0x202437]
V  [jvm.dll+0x188e01]
V  [jvm.dll+0x21106b]
V  [jvm.dll+0x20f8c1]
V  [jvm.dll+0x70de0f]
V  [jvm.dll+0x706a75]
V  [jvm.dll+0x60ed66]
C  [ucrtbase.dll+0x26c0c]
C  [KERNEL32.DLL+0x155a0]
C  [ntdll.dll+0x485b]


---------------  P R O C E S S  ---------------

Threads class SMR info:
_java_thread_list=0x000001ab20de6320, length=168, elements={
0x000001ab02353800, 0x000001ab1b8e8000, 0x000001ab1b915000, 0x000001ab1b92f000,
0x000001ab1b930000, 0x000001ab1b931800, 0x000001ab1b933000, 0x000001ab1b93c000,
0x000001ab1b942800, 0x000001ab1c3f0800, 0x000001ab1da1f000, 0x000001ab1db64000,
0x000001ab1dd48800, 0x000001ab1d8ca800, 0x000001ab1e3dd000, 0x000001ab1e4cb000,
0x000001ab1e42d800, 0x000001ab1e404000, 0x000001ab1e4bf800, 0x000001ab1e428000,
0x000001ab1e42a800, 0x000001ab1e42b800, 0x000001ab1e425800, 0x000001ab1e427800,
0x000001ab1e42c000, 0x000001ab1e429000, 0x000001ab1e426800, 0x000001ab1e42a000,
0x000001ab1eaf2000, 0x000001ab1eaf4000, 0x000001ab1eaf3000, 0x000001ab1eaf4800,
0x000001ab1eaf5800, 0x000001ab1eaf6800, 0x000001ab1eaf1800, 0x000001ab1eafb000,
0x000001ab1eafd000, 0x000001ab1eafc000, 0x000001ab1eaf7000, 0x000001ab1eafd800,
0x000001ab1eaf9800, 0x000001ab1eaf8000, 0x000001ab1eafa800, 0x000001ab1eaf8800,
0x000001ab1eaff000, 0x000001ab1eb00000, 0x000001ab20a14800, 0x000001ab20a15800,
0x000001ab20a10800, 0x000001ab20a16800, 0x000001ab20a17000, 0x000001ab20a13000,
0x000001ab20a12800, 0x000001ab20a11800, 0x000001ab20a18000, 0x000001ab20a19000,
0x000001ab20a19800, 0x000001ab20a14000, 0x000001ab20a1a800, 0x000001ab20a1b000,
0x000001ab20a1f800, 0x000001ab20a1c000, 0x000001ab20a1d000, 0x000001ab20a1d800,
0x000001ab20a1e800, 0x000001ab20f43800, 0x000001ab20f41000, 0x000001ab20f43000,
0x000001ab20f3e800, 0x000001ab20f3f800, 0x000001ab20f42000, 0x000001ab20f44800,
0x000001ab20f45800, 0x000001ab20f46000, 0x000001ab20f40800, 0x000001ab20f49800,
0x000001ab20f4c800, 0x000001ab20f47000, 0x000001ab20f4a000, 0x000001ab20f48800,
0x000001ab20f4c000, 0x000001ab20f4b000, 0x000001ab20f4d800, 0x000001ab20f47800,
0x000001ab226e3000, 0x000001ab226e0800, 0x000001ab226e1800, 0x000001ab226e2000,
0x000001ab226e4000, 0x000001ab226e4800, 0x000001ab226df000, 0x000001ab226e5800,
0x000001ab226df800, 0x000001ab226eb000, 0x000001ab226ea800, 0x000001ab226e8800,
0x000001ab226e9800, 0x000001ab226ec000, 0x000001ab226e6800, 0x000001ab226ed000,
0x000001ab226e7000, 0x000001ab226ed800, 0x000001ab226e8000, 0x000001ab224f2800,
0x000001ab224f7800, 0x000001ab224f9000, 0x000001ab224f3800, 0x000001ab224f6000,
0x000001ab224fa000, 0x000001ab224f4000, 0x000001ab224f8800, 0x000001ab224f6800,
0x000001ab224fb000, 0x000001ab224f5000, 0x000001ab22501800, 0x000001ab224ff800,
0x000001ab224fc800, 0x000001ab224fb800, 0x000001ab224ff000, 0x000001ab224fd000,
0x000001ab224fe000, 0x000001ab22500800, 0x000001ab227c8000, 0x000001ab227c7800,
0x000001ab227cb800, 0x000001ab227ca000, 0x000001ab227c9000, 0x000001ab227ca800,
0x000001ab227c6800, 0x000001ab227c6000, 0x000001ab227d0800, 0x000001ab227cf000,
0x000001ab227cc800, 0x000001ab227cf800, 0x000001ab227d1000, 0x000001ab227d3000,
0x000001ab227d2000, 0x000001ab227cd000, 0x000001ab227ce000, 0x000001ab227d3800,
0x000001ab227d4800, 0x000001ab20e64800, 0x000001ab20e62000, 0x000001ab20e63000,
0x000001ab20e61800, 0x000001ab20e65800, 0x000001ab20e60000, 0x000001ab20e64000,
0x000001ab20e66800, 0x000001ab20e60800, 0x000001ab20e69000, 0x000001ab20e67000,
0x000001ab20e6d000, 0x000001ab20e69800, 0x000001ab20e6d800, 0x000001ab20e68000,
0x000001ab20e6a800, 0x000001ab20e6e800, 0x000001ab20e6b000, 0x000001ab20e6c000,
0x000001ab20eb4000, 0x000001ab20eb6000, 0x000001ab20eb5800, 0x000001ab20eb8000,
0x000001ab20eb4800, 0x000001ab20eb8800, 0x000001ab20ebd000, 0x000001ab20ebe800
}

Java Threads: ( => current thread )
  0x000001ab02353800 JavaThread "main" [_thread_blocked, id=100808, stack(0x0000008ae9400000,0x0000008ae9500000)]
  0x000001ab1b8e8000 JavaThread "Reference Handler" daemon [_thread_blocked, id=103336, stack(0x0000008ae9b00000,0x0000008ae9c00000)]
  0x000001ab1b915000 JavaThread "Finalizer" daemon [_thread_blocked, id=104584, stack(0x0000008ae9c00000,0x0000008ae9d00000)]
  0x000001ab1b92f000 JavaThread "Signal Dispatcher" daemon [_thread_blocked, id=105592, stack(0x0000008ae9d00000,0x0000008ae9e00000)]
  0x000001ab1b930000 JavaThread "Attach Listener" daemon [_thread_blocked, id=84292, stack(0x0000008ae9e00000,0x0000008ae9f00000)]
  0x000001ab1b931800 JavaThread "Service Thread" daemon [_thread_blocked, id=105260, stack(0x0000008ae9f00000,0x0000008aea000000)]
=>0x000001ab1b933000 JavaThread "C2 CompilerThread0" daemon [_thread_in_native, id=93196, stack(0x0000008aea000000,0x0000008aea100000)]
  0x000001ab1b93c000 JavaThread "C1 CompilerThread0" daemon [_thread_blocked, id=86212, stack(0x0000008aea100000,0x0000008aea200000)]
  0x000001ab1b942800 JavaThread "Sweeper thread" daemon [_thread_blocked, id=104684, stack(0x0000008aea200000,0x0000008aea300000)]
  0x000001ab1c3f0800 JavaThread "Common-Cleaner" daemon [_thread_blocked, id=38796, stack(0x0000008aea300000,0x0000008aea400000)]
  0x000001ab1da1f000 JavaThread "Daemon health stats" [_thread_blocked, id=106484, stack(0x0000008aea600000,0x0000008aea700000)]
  0x000001ab1db64000 JavaThread "Incoming local TCP Connector on port 64128" [_thread_in_native, id=102396, stack(0x0000008aea700000,0x0000008aea800000)]
  0x000001ab1dd48800 JavaThread "Daemon periodic checks" [_thread_blocked, id=106000, stack(0x0000008aea800000,0x0000008aea900000)]
  0x000001ab1d8ca800 JavaThread "Daemon" [_thread_blocked, id=87692, stack(0x0000008aea900000,0x0000008aeaa00000)]
  0x000001ab1e3dd000 JavaThread "Handler for socket connection from /127.0.0.1:64128 to /127.0.0.1:64129" [_thread_in_native, id=105824, stack(0x0000008aeaa00000,0x0000008aeab00000)]
  0x000001ab1e4cb000 JavaThread "Cancel handler" [_thread_blocked, id=99764, stack(0x0000008aeab00000,0x0000008aeac00000)]
  0x000001ab1e42d800 JavaThread "Daemon worker" [_thread_in_native_trans, id=94320, stack(0x0000008aeac00000,0x0000008aead00000)]
  0x000001ab1e404000 JavaThread "Asynchronous log dispatcher for DefaultDaemonConnection: socket connection from /127.0.0.1:64128 to /127.0.0.1:64129" [_thread_blocked, id=105432, stack(0x0000008aead00000,0x0000008aeae00000)]
  0x000001ab1e4bf800 JavaThread "Stdin handler" [_thread_blocked, id=85356, stack(0x0000008aeae00000,0x0000008aeaf00000)]
  0x000001ab1e428000 JavaThread "Daemon client event forwarder" [_thread_blocked, id=105508, stack(0x0000008aeaf00000,0x0000008aeb000000)]
  0x000001ab1e42a800 JavaThread "Cache worker for journal cache (C:\Users\LENOVO\.gradle\caches\journal-1)" [_thread_blocked, id=101136, stack(0x0000008aeb000000,0x0000008aeb100000)]
  0x000001ab1e42b800 JavaThread "File lock request listener" [_thread_in_native, id=88248, stack(0x0000008aeb100000,0x0000008aeb200000)]
  0x000001ab1e425800 JavaThread "Cache worker for file hash cache (C:\Users\LENOVO\.gradle\caches\7.4\fileHashes)" [_thread_blocked, id=100124, stack(0x0000008aebc00000,0x0000008aebd00000)]
  0x000001ab1e427800 JavaThread "File watcher server" daemon [_thread_in_native, id=99592, stack(0x0000008aebd00000,0x0000008aebe00000)]
  0x000001ab1e42c000 JavaThread "File watcher consumer" daemon [_thread_blocked, id=102700, stack(0x0000008aebe00000,0x0000008aebf00000)]
  0x000001ab1e429000 JavaThread "jar transforms" [_thread_blocked, id=96480, stack(0x0000008aebf00000,0x0000008aec000000)]
  0x000001ab1e426800 JavaThread "jar transforms Thread 2" [_thread_blocked, id=99472, stack(0x0000008aec000000,0x0000008aec100000)]
  0x000001ab1e42a000 JavaThread "jar transforms Thread 3" [_thread_blocked, id=101888, stack(0x0000008aec100000,0x0000008aec200000)]
  0x000001ab1eaf2000 JavaThread "jar transforms Thread 4" [_thread_blocked, id=84880, stack(0x0000008aec200000,0x0000008aec300000)]
  0x000001ab1eaf4000 JavaThread "jar transforms Thread 5" [_thread_blocked, id=72448, stack(0x0000008aec300000,0x0000008aec400000)]
  0x000001ab1eaf3000 JavaThread "jar transforms Thread 6" [_thread_blocked, id=77304, stack(0x0000008aec400000,0x0000008aec500000)]
  0x000001ab1eaf4800 JavaThread "jar transforms Thread 7" [_thread_blocked, id=93460, stack(0x0000008aec500000,0x0000008aec600000)]
  0x000001ab1eaf5800 JavaThread "jar transforms Thread 8" [_thread_blocked, id=105780, stack(0x0000008aec600000,0x0000008aec700000)]
  0x000001ab1eaf6800 JavaThread "jar transforms Thread 9" [_thread_blocked, id=103660, stack(0x0000008aec700000,0x0000008aec800000)]
  0x000001ab1eaf1800 JavaThread "jar transforms Thread 10" [_thread_blocked, id=100380, stack(0x0000008aec800000,0x0000008aec900000)]
  0x000001ab1eafb000 JavaThread "jar transforms Thread 11" [_thread_blocked, id=99804, stack(0x0000008aec900000,0x0000008aeca00000)]
  0x000001ab1eafd000 JavaThread "jar transforms Thread 12" [_thread_blocked, id=101864, stack(0x0000008aeca00000,0x0000008aecb00000)]
  0x000001ab1eafc000 JavaThread "Cache worker for checksums cache (C:\Users\LENOVO\Downloads\Doctor_Appointment_Booking_Application-master\Doctor_Appointment_Booking_Application-master\.gradle\7.4\checksums)" [_thread_blocked, id=39184, stack(0x0000008aecb00000,0x0000008aecc00000)]
  0x000001ab1eaf7000 JavaThread "Cache worker for cache directory md-rule (C:\Users\LENOVO\.gradle\caches\7.4\md-rule)" [_thread_blocked, id=87328, stack(0x0000008aecc00000,0x0000008aecd00000)]
  0x000001ab1eafd800 JavaThread "Cache worker for file hash cache (C:\Users\LENOVO\Downloads\Doctor_Appointment_Booking_Application-master\Doctor_Appointment_Booking_Application-master\.gradle\7.4\fileHashes)" [_thread_blocked, id=104820, stack(0x0000008aecd00000,0x0000008aece00000)]
  0x000001ab1eaf9800 JavaThread "Cache worker for cache directory md-supplier (C:\Users\LENOVO\.gradle\caches\7.4\md-supplier)" [_thread_blocked, id=31448, stack(0x0000008aece00000,0x0000008aecf00000)]
  0x000001ab1eaf8000 JavaThread "Cache worker for execution history cache (C:\Users\LENOVO\.gradle\caches\7.4\executionHistory)" [_thread_blocked, id=95008, stack(0x0000008aecf00000,0x0000008aed000000)]
  0x000001ab1eafa800 JavaThread "Cache worker for file content cache (C:\Users\LENOVO\.gradle\caches\7.4\fileContent)" [_thread_blocked, id=90584, stack(0x0000008aed000000,0x0000008aed100000)]
  0x000001ab1eaf8800 JavaThread "Cache worker for dependencies-accessors (C:\Users\LENOVO\Downloads\Doctor_Appointment_Booking_Application-master\Doctor_Appointment_Booking_Application-master\.gradle\7.4\dependencies-accessors)" [_thread_blocked, id=72764, stack(0x0000008aed100000,0x0000008aed200000)]
  0x000001ab1eaff000 JavaThread "Cache worker for Build Output Cleanup Cache (C:\Users\LENOVO\Downloads\Doctor_Appointment_Booking_Application-master\Doctor_Appointment_Booking_Application-master\.gradle\buildOutputCleanup)" [_thread_blocked, id=85868, stack(0x0000008aed200000,0x0000008aed300000)]
  0x000001ab1eb00000 JavaThread "Unconstrained build operations" [_thread_blocked, id=87060, stack(0x0000008aed300000,0x0000008aed400000)]
  0x000001ab20a14800 JavaThread "Unconstrained build operations Thread 2" [_thread_blocked, id=105164, stack(0x0000008aed400000,0x0000008aed500000)]
  0x000001ab20a15800 JavaThread "Unconstrained build operations Thread 3" [_thread_blocked, id=102728, stack(0x0000008aed500000,0x0000008aed600000)]
  0x000001ab20a10800 JavaThread "Unconstrained build operations Thread 4" [_thread_blocked, id=105016, stack(0x0000008aed600000,0x0000008aed700000)]
  0x000001ab20a16800 JavaThread "Unconstrained build operations Thread 5" [_thread_blocked, id=100876, stack(0x0000008aed700000,0x0000008aed800000)]
  0x000001ab20a17000 JavaThread "Unconstrained build operations Thread 6" [_thread_blocked, id=95104, stack(0x0000008aed800000,0x0000008aed900000)]
  0x000001ab20a13000 JavaThread "Unconstrained build operations Thread 7" [_thread_blocked, id=94676, stack(0x0000008aed900000,0x0000008aeda00000)]
  0x000001ab20a12800 JavaThread "Unconstrained build operations Thread 8" [_thread_blocked, id=100204, stack(0x0000008aeda00000,0x0000008aedb00000)]
  0x000001ab20a11800 JavaThread "Unconstrained build operations Thread 9" [_thread_blocked, id=103612, stack(0x0000008aedb00000,0x0000008aedc00000)]
  0x000001ab20a18000 JavaThread "Unconstrained build operations Thread 10" [_thread_blocked, id=102564, stack(0x0000008aedc00000,0x0000008aedd00000)]
  0x000001ab20a19000 JavaThread "Unconstrained build operations Thread 11" [_thread_blocked, id=104104, stack(0x0000008aedd00000,0x0000008aede00000)]
  0x000001ab20a19800 JavaThread "Unconstrained build operations Thread 12" [_thread_blocked, id=105384, stack(0x0000008aede00000,0x0000008aedf00000)]
  0x000001ab20a14000 JavaThread "Unconstrained build operations Thread 13" [_thread_blocked, id=104756, stack(0x0000008aedf00000,0x0000008aee000000)]
  0x000001ab20a1a800 JavaThread "Unconstrained build operations Thread 14" [_thread_blocked, id=98588, stack(0x0000008aee000000,0x0000008aee100000)]
  0x000001ab20a1b000 JavaThread "Unconstrained build operations Thread 15" [_thread_blocked, id=100768, stack(0x0000008aee100000,0x0000008aee200000)]
  0x000001ab20a1f800 JavaThread "Unconstrained build operations Thread 16" [_thread_blocked, id=98656, stack(0x0000008aee200000,0x0000008aee300000)]
  0x000001ab20a1c000 JavaThread "Unconstrained build operations Thread 17" [_thread_blocked, id=106452, stack(0x0000008aee300000,0x0000008aee400000)]
  0x000001ab20a1d000 JavaThread "Unconstrained build operations Thread 18" [_thread_blocked, id=104036, stack(0x0000008aee400000,0x0000008aee500000)]
  0x000001ab20a1d800 JavaThread "Unconstrained build operations Thread 19" [_thread_blocked, id=84020, stack(0x0000008aee500000,0x0000008aee600000)]
  0x000001ab20a1e800 JavaThread "Unconstrained build operations Thread 20" [_thread_blocked, id=101668, stack(0x0000008aee600000,0x0000008aee700000)]
  0x000001ab20f43800 JavaThread "Unconstrained build operations Thread 21" [_thread_blocked, id=90144, stack(0x0000008aee700000,0x0000008aee800000)]
  0x000001ab20f41000 JavaThread "Unconstrained build operations Thread 22" [_thread_blocked, id=106432, stack(0x0000008aee800000,0x0000008aee900000)]
  0x000001ab20f43000 JavaThread "Unconstrained build operations Thread 23" [_thread_blocked, id=102836, stack(0x0000008aee900000,0x0000008aeea00000)]
  0x000001ab20f3e800 JavaThread "Unconstrained build operations Thread 24" [_thread_blocked, id=96168, stack(0x0000008aeea00000,0x0000008aeeb00000)]
  0x000001ab20f3f800 JavaThread "Unconstrained build operations Thread 25" [_thread_blocked, id=97648, stack(0x0000008aeeb00000,0x0000008aeec00000)]
  0x000001ab20f42000 JavaThread "Unconstrained build operations Thread 26" [_thread_blocked, id=89348, stack(0x0000008aeec00000,0x0000008aeed00000)]
  0x000001ab20f44800 JavaThread "Unconstrained build operations Thread 27" [_thread_blocked, id=100600, stack(0x0000008aeed00000,0x0000008aeee00000)]
  0x000001ab20f45800 JavaThread "Unconstrained build operations Thread 28" [_thread_blocked, id=106360, stack(0x0000008aeee00000,0x0000008aeef00000)]
  0x000001ab20f46000 JavaThread "Unconstrained build operations Thread 29" [_thread_blocked, id=105284, stack(0x0000008aeef00000,0x0000008aef000000)]
  0x000001ab20f40800 JavaThread "Unconstrained build operations Thread 30" [_thread_blocked, id=103988, stack(0x0000008aef000000,0x0000008aef100000)]
  0x000001ab20f49800 JavaThread "Unconstrained build operations Thread 31" [_thread_blocked, id=99060, stack(0x0000008aef100000,0x0000008aef200000)]
  0x000001ab20f4c800 JavaThread "Unconstrained build operations Thread 32" [_thread_blocked, id=99064, stack(0x0000008aef200000,0x0000008aef300000)]
  0x000001ab20f47000 JavaThread "Unconstrained build operations Thread 33" [_thread_blocked, id=88988, stack(0x0000008aef300000,0x0000008aef400000)]
  0x000001ab20f4a000 JavaThread "Unconstrained build operations Thread 34" [_thread_blocked, id=101304, stack(0x0000008aef400000,0x0000008aef500000)]
  0x000001ab20f48800 JavaThread "Unconstrained build operations Thread 35" [_thread_blocked, id=106372, stack(0x0000008aef500000,0x0000008aef600000)]
  0x000001ab20f4c000 JavaThread "Unconstrained build operations Thread 36" [_thread_blocked, id=100024, stack(0x0000008aef600000,0x0000008aef700000)]
  0x000001ab20f4b000 JavaThread "Unconstrained build operations Thread 37" [_thread_blocked, id=94984, stack(0x0000008aef700000,0x0000008aef800000)]
  0x000001ab20f4d800 JavaThread "Unconstrained build operations Thread 38" [_thread_blocked, id=104588, stack(0x0000008aef800000,0x0000008aef900000)]
  0x000001ab20f47800 JavaThread "Unconstrained build operations Thread 39" [_thread_blocked, id=100200, stack(0x0000008aef900000,0x0000008aefa00000)]
  0x000001ab226e3000 JavaThread "Unconstrained build operations Thread 40" [_thread_blocked, id=99388, stack(0x0000008aefa00000,0x0000008aefb00000)]
  0x000001ab226e0800 JavaThread "Unconstrained build operations Thread 41" [_thread_blocked, id=99844, stack(0x0000008aefb00000,0x0000008aefc00000)]
  0x000001ab226e1800 JavaThread "Unconstrained build operations Thread 42" [_thread_blocked, id=73796, stack(0x0000008aefc00000,0x0000008aefd00000)]
  0x000001ab226e2000 JavaThread "Unconstrained build operations Thread 43" [_thread_blocked, id=103472, stack(0x0000008aefd00000,0x0000008aefe00000)]
  0x000001ab226e4000 JavaThread "Unconstrained build operations Thread 44" [_thread_blocked, id=103588, stack(0x0000008aefe00000,0x0000008aeff00000)]
  0x000001ab226e4800 JavaThread "Unconstrained build operations Thread 45" [_thread_blocked, id=89760, stack(0x0000008aeff00000,0x0000008af0000000)]
  0x000001ab226df000 JavaThread "Unconstrained build operations Thread 46" [_thread_blocked, id=41780, stack(0x0000008af0000000,0x0000008af0100000)]
  0x000001ab226e5800 JavaThread "Unconstrained build operations Thread 47" [_thread_blocked, id=71456, stack(0x0000008af0100000,0x0000008af0200000)]
  0x000001ab226df800 JavaThread "Unconstrained build operations Thread 48" [_thread_blocked, id=98960, stack(0x0000008af0200000,0x0000008af0300000)]
  0x000001ab226eb000 JavaThread "Unconstrained build operations Thread 49" [_thread_blocked, id=104760, stack(0x0000008af0300000,0x0000008af0400000)]
  0x000001ab226ea800 JavaThread "Unconstrained build operations Thread 50" [_thread_blocked, id=78264, stack(0x0000008af0400000,0x0000008af0500000)]
  0x000001ab226e8800 JavaThread "Unconstrained build operations Thread 51" [_thread_blocked, id=104880, stack(0x0000008af0500000,0x0000008af0600000)]
  0x000001ab226e9800 JavaThread "Unconstrained build operations Thread 52" [_thread_blocked, id=99564, stack(0x0000008af0600000,0x0000008af0700000)]
  0x000001ab226ec000 JavaThread "Unconstrained build operations Thread 53" [_thread_blocked, id=54648, stack(0x0000008af0700000,0x0000008af0800000)]
  0x000001ab226e6800 JavaThread "Unconstrained build operations Thread 54" [_thread_blocked, id=97804, stack(0x0000008af0800000,0x0000008af0900000)]
  0x000001ab226ed000 JavaThread "Unconstrained build operations Thread 55" [_thread_blocked, id=103036, stack(0x0000008af0900000,0x0000008af0a00000)]
  0x000001ab226e7000 JavaThread "Unconstrained build operations Thread 56" [_thread_blocked, id=104876, stack(0x0000008af0a00000,0x0000008af0b00000)]
  0x000001ab226ed800 JavaThread "Unconstrained build operations Thread 57" [_thread_blocked, id=105152, stack(0x0000008af0b00000,0x0000008af0c00000)]
  0x000001ab226e8000 JavaThread "Unconstrained build operations Thread 58" [_thread_blocked, id=64940, stack(0x0000008af0c00000,0x0000008af0d00000)]
  0x000001ab224f2800 JavaThread "Unconstrained build operations Thread 59" [_thread_blocked, id=101336, stack(0x0000008af0d00000,0x0000008af0e00000)]
  0x000001ab224f7800 JavaThread "Unconstrained build operations Thread 60" [_thread_blocked, id=30748, stack(0x0000008af0e00000,0x0000008af0f00000)]
  0x000001ab224f9000 JavaThread "Unconstrained build operations Thread 61" [_thread_blocked, id=106016, stack(0x0000008af0f00000,0x0000008af1000000)]
  0x000001ab224f3800 JavaThread "Unconstrained build operations Thread 62" [_thread_blocked, id=84656, stack(0x0000008af1000000,0x0000008af1100000)]
  0x000001ab224f6000 JavaThread "Unconstrained build operations Thread 63" [_thread_blocked, id=106144, stack(0x0000008af1100000,0x0000008af1200000)]
  0x000001ab224fa000 JavaThread "Unconstrained build operations Thread 64" [_thread_blocked, id=105564, stack(0x0000008af1200000,0x0000008af1300000)]
  0x000001ab224f4000 JavaThread "Unconstrained build operations Thread 65" [_thread_blocked, id=95972, stack(0x0000008af1300000,0x0000008af1400000)]
  0x000001ab224f8800 JavaThread "Unconstrained build operations Thread 66" [_thread_blocked, id=105708, stack(0x0000008af1400000,0x0000008af1500000)]
  0x000001ab224f6800 JavaThread "Unconstrained build operations Thread 67" [_thread_blocked, id=105504, stack(0x0000008af1500000,0x0000008af1600000)]
  0x000001ab224fb000 JavaThread "Unconstrained build operations Thread 68" [_thread_blocked, id=103092, stack(0x0000008af1600000,0x0000008af1700000)]
  0x000001ab224f5000 JavaThread "Unconstrained build operations Thread 69" [_thread_blocked, id=98804, stack(0x0000008af1700000,0x0000008af1800000)]
  0x000001ab22501800 JavaThread "Unconstrained build operations Thread 70" [_thread_blocked, id=87340, stack(0x0000008af1800000,0x0000008af1900000)]
  0x000001ab224ff800 JavaThread "Unconstrained build operations Thread 71" [_thread_blocked, id=102228, stack(0x0000008af1900000,0x0000008af1a00000)]
  0x000001ab224fc800 JavaThread "Unconstrained build operations Thread 72" [_thread_blocked, id=105640, stack(0x0000008af1a00000,0x0000008af1b00000)]
  0x000001ab224fb800 JavaThread "Unconstrained build operations Thread 73" [_thread_blocked, id=77412, stack(0x0000008af1b00000,0x0000008af1c00000)]
  0x000001ab224ff000 JavaThread "Unconstrained build operations Thread 74" [_thread_blocked, id=77896, stack(0x0000008af1c00000,0x0000008af1d00000)]
  0x000001ab224fd000 JavaThread "Unconstrained build operations Thread 75" [_thread_blocked, id=77460, stack(0x0000008af1d00000,0x0000008af1e00000)]
  0x000001ab224fe000 JavaThread "Unconstrained build operations Thread 76" [_thread_blocked, id=61684, stack(0x0000008af1e00000,0x0000008af1f00000)]
  0x000001ab22500800 JavaThread "Unconstrained build operations Thread 77" [_thread_blocked, id=94608, stack(0x0000008af1f00000,0x0000008af2000000)]
  0x000001ab227c8000 JavaThread "Unconstrained build operations Thread 78" [_thread_blocked, id=105300, stack(0x0000008af2000000,0x0000008af2100000)]
  0x000001ab227c7800 JavaThread "Unconstrained build operations Thread 79" [_thread_blocked, id=55984, stack(0x0000008af2100000,0x0000008af2200000)]
  0x000001ab227cb800 JavaThread "Unconstrained build operations Thread 80" [_thread_blocked, id=100484, stack(0x0000008af2200000,0x0000008af2300000)]
  0x000001ab227ca000 JavaThread "Unconstrained build operations Thread 81" [_thread_blocked, id=100464, stack(0x0000008af2300000,0x0000008af2400000)]
  0x000001ab227c9000 JavaThread "Unconstrained build operations Thread 82" [_thread_blocked, id=105844, stack(0x0000008af2400000,0x0000008af2500000)]
  0x000001ab227ca800 JavaThread "Unconstrained build operations Thread 83" [_thread_blocked, id=73272, stack(0x0000008af2500000,0x0000008af2600000)]
  0x000001ab227c6800 JavaThread "Unconstrained build operations Thread 84" [_thread_blocked, id=101832, stack(0x0000008af2600000,0x0000008af2700000)]
  0x000001ab227c6000 JavaThread "Unconstrained build operations Thread 85" [_thread_blocked, id=104040, stack(0x0000008af2700000,0x0000008af2800000)]
  0x000001ab227d0800 JavaThread "Unconstrained build operations Thread 86" [_thread_blocked, id=104604, stack(0x0000008af2800000,0x0000008af2900000)]
  0x000001ab227cf000 JavaThread "Unconstrained build operations Thread 87" [_thread_blocked, id=96424, stack(0x0000008af2900000,0x0000008af2a00000)]
  0x000001ab227cc800 JavaThread "Unconstrained build operations Thread 88" [_thread_blocked, id=99292, stack(0x0000008af2a00000,0x0000008af2b00000)]
  0x000001ab227cf800 JavaThread "Unconstrained build operations Thread 89" [_thread_blocked, id=103276, stack(0x0000008af2b00000,0x0000008af2c00000)]
  0x000001ab227d1000 JavaThread "Unconstrained build operations Thread 90" [_thread_blocked, id=103404, stack(0x0000008af2c00000,0x0000008af2d00000)]
  0x000001ab227d3000 JavaThread "Unconstrained build operations Thread 91" [_thread_blocked, id=102112, stack(0x0000008af2d00000,0x0000008af2e00000)]
  0x000001ab227d2000 JavaThread "Unconstrained build operations Thread 92" [_thread_blocked, id=103996, stack(0x0000008af2e00000,0x0000008af2f00000)]
  0x000001ab227cd000 JavaThread "Unconstrained build operations Thread 93" [_thread_blocked, id=98772, stack(0x0000008af2f00000,0x0000008af3000000)]
  0x000001ab227ce000 JavaThread "Unconstrained build operations Thread 94" [_thread_blocked, id=89500, stack(0x0000008af3000000,0x0000008af3100000)]
  0x000001ab227d3800 JavaThread "Unconstrained build operations Thread 95" [_thread_blocked, id=84036, stack(0x0000008af3100000,0x0000008af3200000)]
  0x000001ab227d4800 JavaThread "Unconstrained build operations Thread 96" [_thread_blocked, id=100140, stack(0x0000008af3200000,0x0000008af3300000)]
  0x000001ab20e64800 JavaThread "Unconstrained build operations Thread 97" [_thread_blocked, id=102848, stack(0x0000008af3300000,0x0000008af3400000)]
  0x000001ab20e62000 JavaThread "Unconstrained build operations Thread 98" [_thread_blocked, id=98992, stack(0x0000008af3400000,0x0000008af3500000)]
  0x000001ab20e63000 JavaThread "Unconstrained build operations Thread 99" [_thread_blocked, id=101664, stack(0x0000008af3500000,0x0000008af3600000)]
  0x000001ab20e61800 JavaThread "Unconstrained build operations Thread 100" [_thread_blocked, id=92076, stack(0x0000008af3600000,0x0000008af3700000)]
  0x000001ab20e65800 JavaThread "Unconstrained build operations Thread 101" [_thread_blocked, id=99176, stack(0x0000008af3700000,0x0000008af3800000)]
  0x000001ab20e60000 JavaThread "Unconstrained build operations Thread 102" [_thread_blocked, id=105740, stack(0x0000008af3800000,0x0000008af3900000)]
  0x000001ab20e64000 JavaThread "Unconstrained build operations Thread 103" [_thread_blocked, id=104048, stack(0x0000008af3900000,0x0000008af3a00000)]
  0x000001ab20e66800 JavaThread "Unconstrained build operations Thread 104" [_thread_blocked, id=105208, stack(0x0000008af3a00000,0x0000008af3b00000)]
  0x000001ab20e60800 JavaThread "Unconstrained build operations Thread 105" [_thread_blocked, id=101956, stack(0x0000008af3b00000,0x0000008af3c00000)]
  0x000001ab20e69000 JavaThread "Unconstrained build operations Thread 106" [_thread_blocked, id=103256, stack(0x0000008af3c00000,0x0000008af3d00000)]
  0x000001ab20e67000 JavaThread "Unconstrained build operations Thread 107" [_thread_blocked, id=103544, stack(0x0000008af3d00000,0x0000008af3e00000)]
  0x000001ab20e6d000 JavaThread "Unconstrained build operations Thread 108" [_thread_blocked, id=105632, stack(0x0000008af3e00000,0x0000008af3f00000)]
  0x000001ab20e69800 JavaThread "Unconstrained build operations Thread 109" [_thread_blocked, id=105440, stack(0x0000008af3f00000,0x0000008af4000000)]
  0x000001ab20e6d800 JavaThread "Unconstrained build operations Thread 110" [_thread_blocked, id=99876, stack(0x0000008af4000000,0x0000008af4100000)]
  0x000001ab20e68000 JavaThread "Unconstrained build operations Thread 111" [_thread_blocked, id=104732, stack(0x0000008af4100000,0x0000008af4200000)]
  0x000001ab20e6a800 JavaThread "Unconstrained build operations Thread 112" [_thread_blocked, id=105072, stack(0x0000008af4200000,0x0000008af4300000)]
  0x000001ab20e6e800 JavaThread "Unconstrained build operations Thread 113" [_thread_blocked, id=105308, stack(0x0000008af4300000,0x0000008af4400000)]
  0x000001ab20e6b000 JavaThread "Unconstrained build operations Thread 114" [_thread_blocked, id=90924, stack(0x0000008af4400000,0x0000008af4500000)]
  0x000001ab20e6c000 JavaThread "Unconstrained build operations Thread 115" [_thread_blocked, id=101204, stack(0x0000008af4500000,0x0000008af4600000)]
  0x000001ab20eb4000 JavaThread "Unconstrained build operations Thread 116" [_thread_blocked, id=102456, stack(0x0000008af4600000,0x0000008af4700000)]
  0x000001ab20eb6000 JavaThread "Unconstrained build operations Thread 117" [_thread_blocked, id=101828, stack(0x0000008af4700000,0x0000008af4800000)]
  0x000001ab20eb5800 JavaThread "Unconstrained build operations Thread 118" [_thread_blocked, id=97040, stack(0x0000008af4800000,0x0000008af4900000)]
  0x000001ab20eb8000 JavaThread "Unconstrained build operations Thread 119" [_thread_blocked, id=99872, stack(0x0000008af4900000,0x0000008af4a00000)]
  0x000001ab20eb4800 JavaThread "Unconstrained build operations Thread 120" [_thread_blocked, id=98736, stack(0x0000008af4a00000,0x0000008af4b00000)]
  0x000001ab20eb8800 JavaThread "Memory manager" [_thread_blocked, id=102516, stack(0x0000008af4b00000,0x0000008af4c00000)]
  0x000001ab20ebd000 JavaThread "included builds" [_thread_blocked, id=102544, stack(0x0000008af4c00000,0x0000008af4d00000)]
  0x000001ab20ebe800 JavaThread "Cache worker for execution history cache (C:\Users\LENOVO\Downloads\Doctor_Appointment_Booking_Application-master\Doctor_Appointment_Booking_Application-master\.gradle\7.4\executionHistory)" [_thread_blocked, id=94632, stack(0x0000008af5800000,0x0000008af5900000)]

Other Threads:
  0x000001ab1b8e7800 VMThread "VM Thread" [stack: 0x0000008ae9a00000,0x0000008ae9b00000] [id=105792]
  0x000001ab1c41b800 WatcherThread [stack: 0x0000008aea400000,0x0000008aea500000] [id=103904]
  0x000001ab02369000 GCTaskThread "GC Thread#0" [stack: 0x0000008ae9500000,0x0000008ae9600000] [id=84544]
  0x000001ab1cf96800 GCTaskThread "GC Thread#1" [stack: 0x0000008aea500000,0x0000008aea600000] [id=105616]
  0x000001ab1e49a000 GCTaskThread "GC Thread#2" [stack: 0x0000008aeb200000,0x0000008aeb300000] [id=96616]
  0x000001ab1e599800 GCTaskThread "GC Thread#3" [stack: 0x0000008aeb300000,0x0000008aeb400000] [id=86512]
  0x000001ab1e46c000 GCTaskThread "GC Thread#4" [stack: 0x0000008aeb400000,0x0000008aeb500000] [id=98560]
  0x000001ab1e473000 GCTaskThread "GC Thread#5" [stack: 0x0000008aeb500000,0x0000008aeb600000] [id=103980]
  0x000001ab1e496000 GCTaskThread "GC Thread#6" [stack: 0x0000008aeb600000,0x0000008aeb700000] [id=103280]
  0x000001ab1e575000 GCTaskThread "GC Thread#7" [stack: 0x0000008aeb700000,0x0000008aeb800000] [id=77000]
  0x000001ab1e4b5800 GCTaskThread "GC Thread#8" [stack: 0x0000008aeb800000,0x0000008aeb900000] [id=73192]
  0x000001ab1e4a5800 GCTaskThread "GC Thread#9" [stack: 0x0000008aeb900000,0x0000008aeba00000] [id=103724]
  0x000001ab0238f800 ConcurrentGCThread "G1 Main Marker" [stack: 0x0000008ae9600000,0x0000008ae9700000] [id=101140]
  0x000001ab02391800 ConcurrentGCThread "G1 Conc#0" [stack: 0x0000008ae9700000,0x0000008ae9800000] [id=100820]
  0x000001ab1e89b000 ConcurrentGCThread "G1 Conc#1" [stack: 0x0000008aeba00000,0x0000008aebb00000] [id=102724]
  0x000001ab1e89b800 ConcurrentGCThread "G1 Conc#2" [stack: 0x0000008aebb00000,0x0000008aebc00000] [id=102476]
  0x000001ab02420000 ConcurrentGCThread "G1 Refine#0" [stack: 0x0000008ae9800000,0x0000008ae9900000] [id=102472]
  0x000001ab02423000 ConcurrentGCThread "G1 Young RemSet Sampling" [stack: 0x0000008ae9900000,0x0000008ae9a00000] [id=101964]

Threads with active compile tasks:
C2 CompilerThread0  10779 7902       4       sun.reflect.generics.parser.SignatureParser::parseTypeSignature (130 bytes)

VM state:not at safepoint (normal execution)

VM Mutex/Monitor currently owned by a thread: None

Heap address: 0x00000000a0000000, size: 1536 MB, Compressed Oops mode: 32-bit
Narrow klass base: 0x0000000000000000, Narrow klass shift: 3
Compressed class space size: 1073741824 Address: 0x0000000100000000

Heap:
 garbage-first heap   total 242688K, used 178180K [0x00000000a0000000, 0x0000000100000000)
  region size 1024K, 46 young (47104K), 4 survivors (4096K)
 Metaspace       used 84113K, capacity 86344K, committed 86448K, reserved 1124352K
  class space    used 10907K, capacity 11679K, committed 11776K, reserved 1048576K
Heap Regions: E=young(eden), S=young(survivor), O=old, HS=humongous(starts), HC=humongous(continues), CS=collection set, F=free, A=archive, TAMS=top-at-mark-start (previous, next)
|   0|0x00000000a0000000, 0x00000000a0100000, 0x00000000a0100000|100%| O|  |TAMS 0x00000000a0100000, 0x00000000a0000000| Untracked 
|   1|0x00000000a0100000, 0x00000000a0200000, 0x00000000a0200000|100%| O|  |TAMS 0x00000000a0200000, 0x00000000a0100000| Untracked 
|   2|0x00000000a0200000, 0x00000000a0300000, 0x00000000a0300000|100%| O|  |TAMS 0x00000000a0300000, 0x00000000a0200000| Untracked 
|   3|0x00000000a0300000, 0x00000000a0400000, 0x00000000a0400000|100%|HS|  |TAMS 0x00000000a0400000, 0x00000000a0300000| Complete 
|   4|0x00000000a0400000, 0x00000000a0500000, 0x00000000a0500000|100%|HC|  |TAMS 0x00000000a0500000, 0x00000000a0400000| Complete 
|   5|0x00000000a0500000, 0x00000000a0600000, 0x00000000a0600000|100%|HC|  |TAMS 0x00000000a0600000, 0x00000000a0500000| Complete 
|   6|0x00000000a0600000, 0x00000000a0700000, 0x00000000a0700000|100%| O|  |TAMS 0x00000000a0700000, 0x00000000a0600000| Untracked 
|   7|0x00000000a0700000, 0x00000000a0800000, 0x00000000a0800000|100%| O|  |TAMS 0x00000000a0800000, 0x00000000a0700000| Untracked 
|   8|0x00000000a0800000, 0x00000000a0900000, 0x00000000a0900000|100%| O|  |TAMS 0x00000000a0900000, 0x00000000a0800000| Untracked 
|   9|0x00000000a0900000, 0x00000000a0a00000, 0x00000000a0a00000|100%| O|  |TAMS 0x00000000a0a00000, 0x00000000a0900000| Untracked 
|  10|0x00000000a0a00000, 0x00000000a0b00000, 0x00000000a0b00000|100%| O|  |TAMS 0x00000000a0b00000, 0x00000000a0a00000| Untracked 
|  11|0x00000000a0b00000, 0x00000000a0c00000, 0x00000000a0c00000|100%| O|  |TAMS 0x00000000a0c00000, 0x00000000a0b00000| Untracked 
|  12|0x00000000a0c00000, 0x00000000a0d00000, 0x00000000a0d00000|100%| O|  |TAMS 0x00000000a0d00000, 0x00000000a0c00000| Untracked 
|  13|0x00000000a0d00000, 0x00000000a0e00000, 0x00000000a0e00000|100%| O|  |TAMS 0x00000000a0e00000, 0x00000000a0d00000| Untracked 
|  14|0x00000000a0e00000, 0x00000000a0f00000, 0x00000000a0f00000|100%| O|  |TAMS 0x00000000a0f00000, 0x00000000a0e00000| Untracked 
|  15|0x00000000a0f00000, 0x00000000a1000000, 0x00000000a1000000|100%|HS|  |TAMS 0x00000000a1000000, 0x00000000a0f00000| Complete 
|  16|0x00000000a1000000, 0x00000000a1100000, 0x00000000a1100000|100%|HC|  |TAMS 0x00000000a1100000, 0x00000000a1000000| Complete 
|  17|0x00000000a1100000, 0x00000000a1200000, 0x00000000a1200000|100%|HS|  |TAMS 0x00000000a1200000, 0x00000000a1100000| Complete 
|  18|0x00000000a1200000, 0x00000000a1300000, 0x00000000a1300000|100%|HC|  |TAMS 0x00000000a1300000, 0x00000000a1200000| Complete 
|  19|0x00000000a1300000, 0x00000000a1400000, 0x00000000a1400000|100%|HC|  |TAMS 0x00000000a1400000, 0x00000000a1300000| Complete 
|  20|0x00000000a1400000, 0x00000000a1500000, 0x00000000a1500000|100%|HS|  |TAMS 0x00000000a1500000, 0x00000000a1400000| Complete 
|  21|0x00000000a1500000, 0x00000000a1600000, 0x00000000a1600000|100%|HC|  |TAMS 0x00000000a1600000, 0x00000000a1500000| Complete 
|  22|0x00000000a1600000, 0x00000000a1700000, 0x00000000a1700000|100%|HC|  |TAMS 0x00000000a1700000, 0x00000000a1600000| Complete 
|  23|0x00000000a1700000, 0x00000000a1800000, 0x00000000a1800000|100%|HS|  |TAMS 0x00000000a1800000, 0x00000000a1700000| Complete 
|  24|0x00000000a1800000, 0x00000000a1900000, 0x00000000a1900000|100%|HC|  |TAMS 0x00000000a1900000, 0x00000000a1800000| Complete 
|  25|0x00000000a1900000, 0x00000000a1a00000, 0x00000000a1a00000|100%|HC|  |TAMS 0x00000000a1a00000, 0x00000000a1900000| Complete 
|  26|0x00000000a1a00000, 0x00000000a1b00000, 0x00000000a1b00000|100%|HC|  |TAMS 0x00000000a1b00000, 0x00000000a1a00000| Complete 
|  27|0x00000000a1b00000, 0x00000000a1c00000, 0x00000000a1c00000|100%|HS|  |TAMS 0x00000000a1c00000, 0x00000000a1b00000| Complete 
|  28|0x00000000a1c00000, 0x00000000a1d00000, 0x00000000a1d00000|100%|HC|  |TAMS 0x00000000a1d00000, 0x00000000a1c00000| Complete 
|  29|0x00000000a1d00000, 0x00000000a1e00000, 0x00000000a1e00000|100%|HC|  |TAMS 0x00000000a1e00000, 0x00000000a1d00000| Complete 
|  30|0x00000000a1e00000, 0x00000000a1f00000, 0x00000000a1f00000|100%|HC|  |TAMS 0x00000000a1f00000, 0x00000000a1e00000| Complete 
|  31|0x00000000a1f00000, 0x00000000a2000000, 0x00000000a2000000|100%|HC|  |TAMS 0x00000000a2000000, 0x00000000a1f00000| Complete 
|  32|0x00000000a2000000, 0x00000000a2100000, 0x00000000a2100000|100%|HS|  |TAMS 0x00000000a2100000, 0x00000000a2000000| Complete 
|  33|0x00000000a2100000, 0x00000000a2200000, 0x00000000a2200000|100%| O|  |TAMS 0x00000000a2200000, 0x00000000a2100000| Untracked 
|  34|0x00000000a2200000, 0x00000000a2300000, 0x00000000a2300000|100%| O|  |TAMS 0x00000000a2300000, 0x00000000a2200000| Untracked 
|  35|0x00000000a2300000, 0x00000000a2400000, 0x00000000a2400000|100%| O|  |TAMS 0x00000000a2400000, 0x00000000a2300000| Untracked 
|  36|0x00000000a2400000, 0x00000000a2500000, 0x00000000a2500000|100%| O|  |TAMS 0x00000000a2500000, 0x00000000a2400000| Untracked 
|  37|0x00000000a2500000, 0x00000000a2600000, 0x00000000a2600000|100%| O|  |TAMS 0x00000000a2600000, 0x00000000a2500000| Untracked 
|  38|0x00000000a2600000, 0x00000000a2700000, 0x00000000a2700000|100%| O|  |TAMS 0x00000000a2700000, 0x00000000a2600000| Untracked 
|  39|0x00000000a2700000, 0x00000000a2800000, 0x00000000a2800000|100%| O|  |TAMS 0x00000000a2800000, 0x00000000a2700000| Untracked 
|  40|0x00000000a2800000, 0x00000000a2900000, 0x00000000a2900000|100%| O|  |TAMS 0x00000000a2900000, 0x00000000a2800000| Untracked 
|  41|0x00000000a2900000, 0x00000000a2a00000, 0x00000000a2a00000|100%| O|  |TAMS 0x00000000a2a00000, 0x00000000a2900000| Untracked 
|  42|0x00000000a2a00000, 0x00000000a2b00000, 0x00000000a2b00000|100%| O|  |TAMS 0x00000000a2b00000, 0x00000000a2a00000| Untracked 
|  43|0x00000000a2b00000, 0x00000000a2c00000, 0x00000000a2c00000|100%| O|  |TAMS 0x00000000a2c00000, 0x00000000a2b00000| Untracked 
|  44|0x00000000a2c00000, 0x00000000a2d00000, 0x00000000a2d00000|100%| O|  |TAMS 0x00000000a2d00000, 0x00000000a2c00000| Untracked 
|  45|0x00000000a2d00000, 0x00000000a2e00000, 0x00000000a2e00000|100%| O|  |TAMS 0x00000000a2e00000, 0x00000000a2d00000| Untracked 
|  46|0x00000000a2e00000, 0x00000000a2f00000, 0x00000000a2f00000|100%| O|  |TAMS 0x00000000a2f00000, 0x00000000a2e00000| Untracked 
|  47|0x00000000a2f00000, 0x00000000a3000000, 0x00000000a3000000|100%| O|  |TAMS 0x00000000a3000000, 0x00000000a2f00000| Untracked 
|  48|0x00000000a3000000, 0x00000000a3100000, 0x00000000a3100000|100%| O|  |TAMS 0x00000000a3100000, 0x00000000a3000000| Untracked 
|  49|0x00000000a3100000, 0x00000000a3200000, 0x00000000a3200000|100%|HS|  |TAMS 0x00000000a3200000, 0x00000000a3100000| Complete 
|  50|0x00000000a3200000, 0x00000000a3300000, 0x00000000a3300000|100%|HC|  |TAMS 0x00000000a3300000, 0x00000000a3200000| Complete 
|  51|0x00000000a3300000, 0x00000000a3400000, 0x00000000a3400000|100%|HC|  |TAMS 0x00000000a3400000, 0x00000000a3300000| Complete 
|  52|0x00000000a3400000, 0x00000000a3500000, 0x00000000a3500000|100%|HC|  |TAMS 0x00000000a3500000, 0x00000000a3400000| Complete 
|  53|0x00000000a3500000, 0x00000000a3600000, 0x00000000a3600000|100%| O|  |TAMS 0x00000000a3600000, 0x00000000a3500000| Untracked 
|  54|0x00000000a3600000, 0x00000000a3700000, 0x00000000a3700000|100%| O|  |TAMS 0x00000000a3700000, 0x00000000a3600000| Untracked 
|  55|0x00000000a3700000, 0x00000000a3800000, 0x00000000a3800000|100%|HS|  |TAMS 0x00000000a3800000, 0x00000000a3700000| Complete 
|  56|0x00000000a3800000, 0x00000000a3900000, 0x00000000a3900000|100%|HC|  |TAMS 0x00000000a3900000, 0x00000000a3800000| Complete 
|  57|0x00000000a3900000, 0x00000000a3a00000, 0x00000000a3a00000|100%|HC|  |TAMS 0x00000000a3a00000, 0x00000000a3900000| Complete 
|  58|0x00000000a3a00000, 0x00000000a3b00000, 0x00000000a3b00000|100%| O|  |TAMS 0x00000000a3b00000, 0x00000000a3a00000| Untracked 
|  59|0x00000000a3b00000, 0x00000000a3c00000, 0x00000000a3c00000|100%| O|  |TAMS 0x00000000a3c00000, 0x00000000a3b00000| Untracked 
|  60|0x00000000a3c00000, 0x00000000a3d00000, 0x00000000a3d00000|100%|HS|  |TAMS 0x00000000a3d00000, 0x00000000a3c00000| Complete 
|  61|0x00000000a3d00000, 0x00000000a3e00000, 0x00000000a3e00000|100%|HC|  |TAMS 0x00000000a3e00000, 0x00000000a3d00000| Complete 
|  62|0x00000000a3e00000, 0x00000000a3f00000, 0x00000000a3f00000|100%|HS|  |TAMS 0x00000000a3f00000, 0x00000000a3e00000| Complete 
|  63|0x00000000a3f00000, 0x00000000a4000000, 0x00000000a4000000|100%|HC|  |TAMS 0x00000000a4000000, 0x00000000a3f00000| Complete 
|  64|0x00000000a4000000, 0x00000000a4100000, 0x00000000a4100000|100%|HC|  |TAMS 0x00000000a4100000, 0x00000000a4000000| Complete 
|  65|0x00000000a4100000, 0x00000000a4200000, 0x00000000a4200000|100%| O|  |TAMS 0x00000000a4200000, 0x00000000a4100000| Untracked 
|  66|0x00000000a4200000, 0x00000000a4300000, 0x00000000a4300000|100%| O|  |TAMS 0x00000000a4300000, 0x00000000a4200000| Untracked 
|  67|0x00000000a4300000, 0x00000000a4400000, 0x00000000a4400000|100%| O|  |TAMS 0x00000000a4400000, 0x00000000a4300000| Untracked 
|  68|0x00000000a4400000, 0x00000000a4500000, 0x00000000a4500000|100%|HS|  |TAMS 0x00000000a4500000, 0x00000000a4400000| Complete 
|  69|0x00000000a4500000, 0x00000000a4600000, 0x00000000a4600000|100%|HC|  |TAMS 0x00000000a4600000, 0x00000000a4500000| Complete 
|  70|0x00000000a4600000, 0x00000000a4700000, 0x00000000a4700000|100%|HC|  |TAMS 0x00000000a4700000, 0x00000000a4600000| Complete 
|  71|0x00000000a4700000, 0x00000000a4800000, 0x00000000a4800000|100%|HC|  |TAMS 0x00000000a4800000, 0x00000000a4700000| Complete 
|  72|0x00000000a4800000, 0x00000000a4900000, 0x00000000a4900000|100%|HC|  |TAMS 0x00000000a4900000, 0x00000000a4800000| Complete 
|  73|0x00000000a4900000, 0x00000000a4a00000, 0x00000000a4a00000|100%| O|  |TAMS 0x00000000a4a00000, 0x00000000a4900000| Untracked 
|  74|0x00000000a4a00000, 0x00000000a4b00000, 0x00000000a4b00000|100%| O|  |TAMS 0x00000000a4b00000, 0x00000000a4a00000| Untracked 
|  75|0x00000000a4b00000, 0x00000000a4c00000, 0x00000000a4c00000|100%| O|  |TAMS 0x00000000a4c00000, 0x00000000a4b00000| Untracked 
|  76|0x00000000a4c00000, 0x00000000a4d00000, 0x00000000a4d00000|100%| O|  |TAMS 0x00000000a4d00000, 0x00000000a4c00000| Untracked 
|  77|0x00000000a4d00000, 0x00000000a4e00000, 0x00000000a4e00000|100%|HS|  |TAMS 0x00000000a4e00000, 0x00000000a4d00000| Complete 
|  78|0x00000000a4e00000, 0x00000000a4f00000, 0x00000000a4f00000|100%|HS|  |TAMS 0x00000000a4f00000, 0x00000000a4e00000| Complete 
|  79|0x00000000a4f00000, 0x00000000a5000000, 0x00000000a5000000|100%| O|  |TAMS 0x00000000a5000000, 0x00000000a4f00000| Untracked 
|  80|0x00000000a5000000, 0x00000000a5100000, 0x00000000a5100000|100%| O|  |TAMS 0x00000000a5100000, 0x00000000a5000000| Untracked 
|  81|0x00000000a5100000, 0x00000000a5200000, 0x00000000a5200000|100%| O|  |TAMS 0x00000000a5200000, 0x00000000a5100000| Untracked 
|  82|0x00000000a5200000, 0x00000000a5300000, 0x00000000a5300000|100%| O|  |TAMS 0x00000000a5300000, 0x00000000a5200000| Untracked 
|  83|0x00000000a5300000, 0x00000000a5400000, 0x00000000a5400000|100%| O|  |TAMS 0x00000000a5400000, 0x00000000a5300000| Untracked 
|  84|0x00000000a5400000, 0x00000000a5500000, 0x00000000a5500000|100%| O|  |TAMS 0x00000000a5500000, 0x00000000a5400000| Untracked 
|  85|0x00000000a5500000, 0x00000000a5600000, 0x00000000a5600000|100%| O|  |TAMS 0x00000000a5600000, 0x00000000a5500000| Untracked 
|  86|0x00000000a5600000, 0x00000000a5700000, 0x00000000a5700000|100%|HS|  |TAMS 0x00000000a5700000, 0x00000000a5600000| Complete 
|  87|0x00000000a5700000, 0x00000000a5800000, 0x00000000a5800000|100%|HC|  |TAMS 0x00000000a5800000, 0x00000000a5700000| Complete 
|  88|0x00000000a5800000, 0x00000000a5900000, 0x00000000a5900000|100%| O|  |TAMS 0x00000000a5900000, 0x00000000a5800000| Untracked 
|  89|0x00000000a5900000, 0x00000000a5a00000, 0x00000000a5a00000|100%| O|  |TAMS 0x00000000a5a00000, 0x00000000a5900000| Untracked 
|  90|0x00000000a5a00000, 0x00000000a5b00000, 0x00000000a5b00000|100%|HS|  |TAMS 0x00000000a5b00000, 0x00000000a5a00000| Complete 
|  91|0x00000000a5b00000, 0x00000000a5c00000, 0x00000000a5c00000|100%|HC|  |TAMS 0x00000000a5c00000, 0x00000000a5b00000| Complete 
|  92|0x00000000a5c00000, 0x00000000a5d00000, 0x00000000a5d00000|100%| O|  |TAMS 0x00000000a5d00000, 0x00000000a5c00000| Untracked 
|  93|0x00000000a5d00000, 0x00000000a5e00000, 0x00000000a5e00000|100%| O|  |TAMS 0x00000000a5e00000, 0x00000000a5d00000| Untracked 
|  94|0x00000000a5e00000, 0x00000000a5f00000, 0x00000000a5f00000|100%| O|  |TAMS 0x00000000a5f00000, 0x00000000a5e00000| Untracked 
|  95|0x00000000a5f00000, 0x00000000a6000000, 0x00000000a6000000|100%| O|  |TAMS 0x00000000a6000000, 0x00000000a5f00000| Untracked 
|  96|0x00000000a6000000, 0x00000000a6100000, 0x00000000a6100000|100%| O|  |TAMS 0x00000000a6100000, 0x00000000a6000000| Untracked 
|  97|0x00000000a6100000, 0x00000000a6200000, 0x00000000a6200000|100%| O|  |TAMS 0x00000000a6200000, 0x00000000a6100000| Untracked 
|  98|0x00000000a6200000, 0x00000000a6300000, 0x00000000a6300000|100%| O|  |TAMS 0x00000000a6300000, 0x00000000a6200000| Untracked 
|  99|0x00000000a6300000, 0x00000000a6400000, 0x00000000a6400000|100%|HS|  |TAMS 0x00000000a6400000, 0x00000000a6300000| Complete 
| 100|0x00000000a6400000, 0x00000000a6500000, 0x00000000a6500000|100%|HC|  |TAMS 0x00000000a6500000, 0x00000000a6400000| Complete 
| 101|0x00000000a6500000, 0x00000000a6600000, 0x00000000a6600000|100%|HC|  |TAMS 0x00000000a6600000, 0x00000000a6500000| Complete 
| 102|0x00000000a6600000, 0x00000000a6700000, 0x00000000a6700000|100%|HS|  |TAMS 0x00000000a6700000, 0x00000000a6600000| Complete 
| 103|0x00000000a6700000, 0x00000000a6800000, 0x00000000a6800000|100%|HC|  |TAMS 0x00000000a6800000, 0x00000000a6700000| Complete 
| 104|0x00000000a6800000, 0x00000000a6900000, 0x00000000a6900000|100%|HC|  |TAMS 0x00000000a6900000, 0x00000000a6800000| Complete 
| 105|0x00000000a6900000, 0x00000000a6a00000, 0x00000000a6a00000|100%| O|  |TAMS 0x00000000a6a00000, 0x00000000a6900000| Untracked 
| 106|0x00000000a6a00000, 0x00000000a6b00000, 0x00000000a6b00000|100%| O|  |TAMS 0x00000000a6b00000, 0x00000000a6a00000| Untracked 
| 107|0x00000000a6b00000, 0x00000000a6c00000, 0x00000000a6c00000|100%| O|  |TAMS 0x00000000a6c00000, 0x00000000a6b00000| Untracked 
| 108|0x00000000a6c00000, 0x00000000a6d00000, 0x00000000a6d00000|100%| O|  |TAMS 0x00000000a6d00000, 0x00000000a6c00000| Untracked 
| 109|0x00000000a6d00000, 0x00000000a6e00000, 0x00000000a6e00000|100%|HS|  |TAMS 0x00000000a6e00000, 0x00000000a6d00000| Complete 
| 110|0x00000000a6e00000, 0x00000000a6f00000, 0x00000000a6f00000|100%|HC|  |TAMS 0x00000000a6f00000, 0x00000000a6e00000| Complete 
| 111|0x00000000a6f00000, 0x00000000a7000000, 0x00000000a7000000|100%|HC|  |TAMS 0x00000000a7000000, 0x00000000a6f00000| Complete 
| 112|0x00000000a7000000, 0x00000000a7100000, 0x00000000a7100000|100%|HC|  |TAMS 0x00000000a7100000, 0x00000000a7000000| Complete 
| 113|0x00000000a7100000, 0x00000000a7200000, 0x00000000a7200000|100%|HS|  |TAMS 0x00000000a7200000, 0x00000000a7100000| Complete 
| 114|0x00000000a7200000, 0x00000000a7300000, 0x00000000a7300000|100%|HC|  |TAMS 0x00000000a7300000, 0x00000000a7200000| Complete 
| 115|0x00000000a7300000, 0x00000000a7400000, 0x00000000a7400000|100%|HC|  |TAMS 0x00000000a7400000, 0x00000000a7300000| Complete 
| 116|0x00000000a7400000, 0x00000000a7500000, 0x00000000a7500000|100%|HC|  |TAMS 0x00000000a7500000, 0x00000000a7400000| Complete 
| 117|0x00000000a7500000, 0x00000000a7600000, 0x00000000a7600000|100%|HC|  |TAMS 0x00000000a7600000, 0x00000000a7500000| Complete 
| 118|0x00000000a7600000, 0x00000000a7700000, 0x00000000a7700000|100%| O|  |TAMS 0x00000000a7700000, 0x00000000a7600000| Untracked 
| 119|0x00000000a7700000, 0x00000000a7800000, 0x00000000a7800000|100%| O|  |TAMS 0x00000000a7800000, 0x00000000a7700000| Untracked 
| 120|0x00000000a7800000, 0x00000000a7900000, 0x00000000a7900000|100%| O|  |TAMS 0x00000000a7900000, 0x00000000a7800000| Untracked 
| 121|0x00000000a7900000, 0x00000000a7a00000, 0x00000000a7a00000|100%| O|  |TAMS 0x00000000a7a00000, 0x00000000a7900000| Untracked 
| 122|0x00000000a7a00000, 0x00000000a7b00000, 0x00000000a7b00000|100%| O|  |TAMS 0x00000000a7b00000, 0x00000000a7a00000| Untracked 
| 123|0x00000000a7b00000, 0x00000000a7c00000, 0x00000000a7c00000|100%| O|  |TAMS 0x00000000a7c00000, 0x00000000a7b00000| Untracked 
| 124|0x00000000a7c00000, 0x00000000a7d00000, 0x00000000a7d00000|100%| O|  |TAMS 0x00000000a7d00000, 0x00000000a7c00000| Untracked 
| 125|0x00000000a7d00000, 0x00000000a7e00000, 0x00000000a7e00000|100%| O|  |TAMS 0x00000000a7e00000, 0x00000000a7d00000| Untracked 
| 126|0x00000000a7e00000, 0x00000000a7f00000, 0x00000000a7f00000|100%|HS|  |TAMS 0x00000000a7f00000, 0x00000000a7e00000| Complete 
| 127|0x00000000a7f00000, 0x00000000a8000000, 0x00000000a8000000|100%| O|  |TAMS 0x00000000a8000000, 0x00000000a7f00000| Untracked 
| 128|0x00000000a8000000, 0x00000000a8079800, 0x00000000a8100000| 47%| O|  |TAMS 0x00000000a8079800, 0x00000000a8000000| Untracked 
| 129|0x00000000a8100000, 0x00000000a8200000, 0x00000000a8200000|100%|HS|  |TAMS 0x00000000a8100000, 0x00000000a8100000| Complete 
| 130|0x00000000a8200000, 0x00000000a8200000, 0x00000000a8300000|  0%| F|  |TAMS 0x00000000a8200000, 0x00000000a8200000| Untracked 
| 131|0x00000000a8300000, 0x00000000a8300000, 0x00000000a8400000|  0%| F|  |TAMS 0x00000000a8300000, 0x00000000a8300000| Untracked 
| 132|0x00000000a8400000, 0x00000000a8400000, 0x00000000a8500000|  0%| F|  |TAMS 0x00000000a8400000, 0x00000000a8400000| Untracked 
| 133|0x00000000a8500000, 0x00000000a8500000, 0x00000000a8600000|  0%| F|  |TAMS 0x00000000a8500000, 0x00000000a8500000| Untracked 
| 134|0x00000000a8600000, 0x00000000a8600000, 0x00000000a8700000|  0%| F|  |TAMS 0x00000000a8600000, 0x00000000a8600000| Untracked 
| 135|0x00000000a8700000, 0x00000000a8700000, 0x00000000a8800000|  0%| F|  |TAMS 0x00000000a8700000, 0x00000000a8700000| Untracked 
| 136|0x00000000a8800000, 0x00000000a8800000, 0x00000000a8900000|  0%| F|  |TAMS 0x00000000a8800000, 0x00000000a8800000| Untracked 
| 137|0x00000000a8900000, 0x00000000a8900000, 0x00000000a8a00000|  0%| F|  |TAMS 0x00000000a8900000, 0x00000000a8900000| Untracked 
| 138|0x00000000a8a00000, 0x00000000a8a00000, 0x00000000a8b00000|  0%| F|  |TAMS 0x00000000a8a00000, 0x00000000a8a00000| Untracked 
| 139|0x00000000a8b00000, 0x00000000a8b00000, 0x00000000a8c00000|  0%| F|  |TAMS 0x00000000a8b00000, 0x00000000a8b00000| Untracked 
| 140|0x00000000a8c00000, 0x00000000a8c00000, 0x00000000a8d00000|  0%| F|  |TAMS 0x00000000a8c00000, 0x00000000a8c00000| Untracked 
| 141|0x00000000a8d00000, 0x00000000a8d00000, 0x00000000a8e00000|  0%| F|  |TAMS 0x00000000a8d00000, 0x00000000a8d00000| Untracked 
| 142|0x00000000a8e00000, 0x00000000a8e00000, 0x00000000a8f00000|  0%| F|  |TAMS 0x00000000a8e00000, 0x00000000a8e00000| Untracked 
| 143|0x00000000a8f00000, 0x00000000a8f00000, 0x00000000a9000000|  0%| F|  |TAMS 0x00000000a8f00000, 0x00000000a8f00000| Untracked 
| 144|0x00000000a9000000, 0x00000000a9000000, 0x00000000a9100000|  0%| F|  |TAMS 0x00000000a9000000, 0x00000000a9000000| Untracked 
| 145|0x00000000a9100000, 0x00000000a9100000, 0x00000000a9200000|  0%| F|  |TAMS 0x00000000a9100000, 0x00000000a9100000| Untracked 
| 146|0x00000000a9200000, 0x00000000a9200000, 0x00000000a9300000|  0%| F|  |TAMS 0x00000000a9200000, 0x00000000a9200000| Untracked 
| 147|0x00000000a9300000, 0x00000000a9300000, 0x00000000a9400000|  0%| F|  |TAMS 0x00000000a9300000, 0x00000000a9300000| Untracked 
| 148|0x00000000a9400000, 0x00000000a9400000, 0x00000000a9500000|  0%| F|  |TAMS 0x00000000a9400000, 0x00000000a9400000| Untracked 
| 149|0x00000000a9500000, 0x00000000a9500000, 0x00000000a9600000|  0%| F|  |TAMS 0x00000000a9500000, 0x00000000a9500000| Untracked 
| 150|0x00000000a9600000, 0x00000000a9600000, 0x00000000a9700000|  0%| F|  |TAMS 0x00000000a9600000, 0x00000000a9600000| Untracked 
| 151|0x00000000a9700000, 0x00000000a9700000, 0x00000000a9800000|  0%| F|  |TAMS 0x00000000a9700000, 0x00000000a9700000| Untracked 
| 152|0x00000000a9800000, 0x00000000a9800000, 0x00000000a9900000|  0%| F|  |TAMS 0x00000000a9800000, 0x00000000a9800000| Untracked 
| 153|0x00000000a9900000, 0x00000000a9900000, 0x00000000a9a00000|  0%| F|  |TAMS 0x00000000a9900000, 0x00000000a9900000| Untracked 
| 154|0x00000000a9a00000, 0x00000000a9a00000, 0x00000000a9b00000|  0%| F|  |TAMS 0x00000000a9a00000, 0x00000000a9a00000| Untracked 
| 155|0x00000000a9b00000, 0x00000000a9b00000, 0x00000000a9c00000|  0%| F|  |TAMS 0x00000000a9b00000, 0x00000000a9b00000| Untracked 
| 156|0x00000000a9c00000, 0x00000000a9c00000, 0x00000000a9d00000|  0%| F|  |TAMS 0x00000000a9c00000, 0x00000000a9c00000| Untracked 
| 157|0x00000000a9d00000, 0x00000000a9d00000, 0x00000000a9e00000|  0%| F|  |TAMS 0x00000000a9d00000, 0x00000000a9d00000| Untracked 
| 158|0x00000000a9e00000, 0x00000000a9e00000, 0x00000000a9f00000|  0%| F|  |TAMS 0x00000000a9e00000, 0x00000000a9e00000| Untracked 
| 159|0x00000000a9f00000, 0x00000000a9f00000, 0x00000000aa000000|  0%| F|  |TAMS 0x00000000a9f00000, 0x00000000a9f00000| Untracked 
| 160|0x00000000aa000000, 0x00000000aa000000, 0x00000000aa100000|  0%| F|  |TAMS 0x00000000aa000000, 0x00000000aa000000| Untracked 
| 161|0x00000000aa100000, 0x00000000aa100000, 0x00000000aa200000|  0%| F|  |TAMS 0x00000000aa100000, 0x00000000aa100000| Untracked 
| 162|0x00000000aa200000, 0x00000000aa200000, 0x00000000aa300000|  0%| F|  |TAMS 0x00000000aa200000, 0x00000000aa200000| Untracked 
| 163|0x00000000aa300000, 0x00000000aa300000, 0x00000000aa400000|  0%| F|  |TAMS 0x00000000aa300000, 0x00000000aa300000| Untracked 
| 164|0x00000000aa400000, 0x00000000aa400000, 0x00000000aa500000|  0%| F|  |TAMS 0x00000000aa400000, 0x00000000aa400000| Untracked 
| 165|0x00000000aa500000, 0x00000000aa500000, 0x00000000aa600000|  0%| F|  |TAMS 0x00000000aa500000, 0x00000000aa500000| Untracked 
| 166|0x00000000aa600000, 0x00000000aa600000, 0x00000000aa700000|  0%| F|  |TAMS 0x00000000aa600000, 0x00000000aa600000| Untracked 
| 167|0x00000000aa700000, 0x00000000aa700000, 0x00000000aa800000|  0%| F|  |TAMS 0x00000000aa700000, 0x00000000aa700000| Untracked 
| 168|0x00000000aa800000, 0x00000000aa800000, 0x00000000aa900000|  0%| F|  |TAMS 0x00000000aa800000, 0x00000000aa800000| Untracked 
| 169|0x00000000aa900000, 0x00000000aa900000, 0x00000000aaa00000|  0%| F|  |TAMS 0x00000000aa900000, 0x00000000aa900000| Untracked 
| 170|0x00000000aaa00000, 0x00000000aaa00000, 0x00000000aab00000|  0%| F|  |TAMS 0x00000000aaa00000, 0x00000000aaa00000| Untracked 
| 171|0x00000000aab00000, 0x00000000aab00000, 0x00000000aac00000|  0%| F|  |TAMS 0x00000000aab00000, 0x00000000aab00000| Untracked 
| 172|0x00000000aac00000, 0x00000000aac00000, 0x00000000aad00000|  0%| F|  |TAMS 0x00000000aac00000, 0x00000000aac00000| Untracked 
| 173|0x00000000aad00000, 0x00000000aad00000, 0x00000000aae00000|  0%| F|  |TAMS 0x00000000aad00000, 0x00000000aad00000| Untracked 
| 174|0x00000000aae00000, 0x00000000aae00000, 0x00000000aaf00000|  0%| F|  |TAMS 0x00000000aae00000, 0x00000000aae00000| Untracked 
| 175|0x00000000aaf00000, 0x00000000aaf00000, 0x00000000ab000000|  0%| F|  |TAMS 0x00000000aaf00000, 0x00000000aaf00000| Untracked 
| 176|0x00000000ab000000, 0x00000000ab000000, 0x00000000ab100000|  0%| F|  |TAMS 0x00000000ab000000, 0x00000000ab000000| Untracked 
| 177|0x00000000ab100000, 0x00000000ab100000, 0x00000000ab200000|  0%| F|  |TAMS 0x00000000ab100000, 0x00000000ab100000| Untracked 
| 178|0x00000000ab200000, 0x00000000ab200000, 0x00000000ab300000|  0%| F|  |TAMS 0x00000000ab200000, 0x00000000ab200000| Untracked 
| 179|0x00000000ab300000, 0x00000000ab300000, 0x00000000ab400000|  0%| F|  |TAMS 0x00000000ab300000, 0x00000000ab300000| Untracked 
| 180|0x00000000ab400000, 0x00000000ab400000, 0x00000000ab500000|  0%| F|  |TAMS 0x00000000ab400000, 0x00000000ab400000| Untracked 
| 181|0x00000000ab500000, 0x00000000ab500000, 0x00000000ab600000|  0%| F|  |TAMS 0x00000000ab500000, 0x00000000ab500000| Untracked 
| 182|0x00000000ab600000, 0x00000000ab600000, 0x00000000ab700000|  0%| F|  |TAMS 0x00000000ab600000, 0x00000000ab600000| Untracked 
| 183|0x00000000ab700000, 0x00000000ab700000, 0x00000000ab800000|  0%| F|  |TAMS 0x00000000ab700000, 0x00000000ab700000| Untracked 
| 184|0x00000000ab800000, 0x00000000ab800000, 0x00000000ab900000|  0%| F|  |TAMS 0x00000000ab800000, 0x00000000ab800000| Untracked 
| 185|0x00000000ab900000, 0x00000000ab900000, 0x00000000aba00000|  0%| F|  |TAMS 0x00000000ab900000, 0x00000000ab900000| Untracked 
| 186|0x00000000aba00000, 0x00000000aba00000, 0x00000000abb00000|  0%| F|  |TAMS 0x00000000aba00000, 0x00000000aba00000| Untracked 
| 187|0x00000000abb00000, 0x00000000abb00000, 0x00000000abc00000|  0%| F|  |TAMS 0x00000000abb00000, 0x00000000abb00000| Untracked 
| 188|0x00000000abc00000, 0x00000000abc00000, 0x00000000abd00000|  0%| F|  |TAMS 0x00000000abc00000, 0x00000000abc00000| Untracked 
| 189|0x00000000abd00000, 0x00000000abd00000, 0x00000000abe00000|  0%| F|  |TAMS 0x00000000abd00000, 0x00000000abd00000| Untracked 
| 190|0x00000000abe00000, 0x00000000abe00000, 0x00000000abf00000|  0%| F|  |TAMS 0x00000000abe00000, 0x00000000abe00000| Untracked 
| 191|0x00000000abf00000, 0x00000000abf80800, 0x00000000ac000000| 50%| E|  |TAMS 0x00000000abf00000, 0x00000000abf00000| Complete 
| 192|0x00000000ac000000, 0x00000000ac100000, 0x00000000ac100000|100%| E|CS|TAMS 0x00000000ac000000, 0x00000000ac000000| Complete 
| 193|0x00000000ac100000, 0x00000000ac200000, 0x00000000ac200000|100%| E|CS|TAMS 0x00000000ac100000, 0x00000000ac100000| Complete 
| 194|0x00000000ac200000, 0x00000000ac300000, 0x00000000ac300000|100%| E|CS|TAMS 0x00000000ac200000, 0x00000000ac200000| Complete 
| 195|0x00000000ac300000, 0x00000000ac400000, 0x00000000ac400000|100%| E|CS|TAMS 0x00000000ac300000, 0x00000000ac300000| Complete 
| 196|0x00000000ac400000, 0x00000000ac500000, 0x00000000ac500000|100%| E|CS|TAMS 0x00000000ac400000, 0x00000000ac400000| Complete 
| 197|0x00000000ac500000, 0x00000000ac600000, 0x00000000ac600000|100%| E|CS|TAMS 0x00000000ac500000, 0x00000000ac500000| Complete 
| 198|0x00000000ac600000, 0x00000000ac700000, 0x00000000ac700000|100%| E|CS|TAMS 0x00000000ac600000, 0x00000000ac600000| Complete 
| 199|0x00000000ac700000, 0x00000000ac800000, 0x00000000ac800000|100%| E|CS|TAMS 0x00000000ac700000, 0x00000000ac700000| Complete 
| 200|0x00000000ac800000, 0x00000000ac887bd0, 0x00000000ac900000| 53%| S|CS|TAMS 0x00000000ac800000, 0x00000000ac800000| Complete 
| 201|0x00000000ac900000, 0x00000000aca00000, 0x00000000aca00000|100%| S|CS|TAMS 0x00000000ac900000, 0x00000000ac900000| Complete 
| 202|0x00000000aca00000, 0x00000000acb00000, 0x00000000acb00000|100%| S|CS|TAMS 0x00000000aca00000, 0x00000000aca00000| Complete 
| 203|0x00000000acb00000, 0x00000000acc00000, 0x00000000acc00000|100%| S|CS|TAMS 0x00000000acb00000, 0x00000000acb00000| Complete 
| 204|0x00000000acc00000, 0x00000000acd00000, 0x00000000acd00000|100%| E|CS|TAMS 0x00000000acc00000, 0x00000000acc00000| Complete 
| 205|0x00000000acd00000, 0x00000000ace00000, 0x00000000ace00000|100%| E|CS|TAMS 0x00000000acd00000, 0x00000000acd00000| Complete 
| 206|0x00000000ace00000, 0x00000000acf00000, 0x00000000acf00000|100%| E|CS|TAMS 0x00000000ace00000, 0x00000000ace00000| Complete 
| 207|0x00000000acf00000, 0x00000000ad000000, 0x00000000ad000000|100%| E|CS|TAMS 0x00000000acf00000, 0x00000000acf00000| Complete 
| 208|0x00000000ad000000, 0x00000000ad100000, 0x00000000ad100000|100%| E|CS|TAMS 0x00000000ad000000, 0x00000000ad000000| Complete 
| 209|0x00000000ad100000, 0x00000000ad200000, 0x00000000ad200000|100%| E|CS|TAMS 0x00000000ad100000, 0x00000000ad100000| Complete 
| 210|0x00000000ad200000, 0x00000000ad300000, 0x00000000ad300000|100%| E|CS|TAMS 0x00000000ad200000, 0x00000000ad200000| Complete 
| 211|0x00000000ad300000, 0x00000000ad400000, 0x00000000ad400000|100%| E|CS|TAMS 0x00000000ad300000, 0x00000000ad300000| Complete 
| 212|0x00000000ad400000, 0x00000000ad500000, 0x00000000ad500000|100%| E|CS|TAMS 0x00000000ad400000, 0x00000000ad400000| Complete 
| 213|0x00000000ad500000, 0x00000000ad600000, 0x00000000ad600000|100%| E|CS|TAMS 0x00000000ad500000, 0x00000000ad500000| Complete 
| 214|0x00000000ad600000, 0x00000000ad700000, 0x00000000ad700000|100%| E|CS|TAMS 0x00000000ad600000, 0x00000000ad600000| Complete 
| 215|0x00000000ad700000, 0x00000000ad800000, 0x00000000ad800000|100%| E|CS|TAMS 0x00000000ad700000, 0x00000000ad700000| Complete 
| 216|0x00000000ad800000, 0x00000000ad900000, 0x00000000ad900000|100%| E|CS|TAMS 0x00000000ad800000, 0x00000000ad800000| Complete 
| 217|0x00000000ad900000, 0x00000000ada00000, 0x00000000ada00000|100%| E|CS|TAMS 0x00000000ad900000, 0x00000000ad900000| Complete 
| 218|0x00000000ada00000, 0x00000000adb00000, 0x00000000adb00000|100%| E|CS|TAMS 0x00000000ada00000, 0x00000000ada00000| Complete 
| 219|0x00000000adb00000, 0x00000000adc00000, 0x00000000adc00000|100%| E|CS|TAMS 0x00000000adb00000, 0x00000000adb00000| Complete 
| 220|0x00000000adc00000, 0x00000000add00000, 0x00000000add00000|100%| E|CS|TAMS 0x00000000adc00000, 0x00000000adc00000| Complete 
| 221|0x00000000add00000, 0x00000000ade00000, 0x00000000ade00000|100%| E|CS|TAMS 0x00000000add00000, 0x00000000add00000| Complete 
| 222|0x00000000ade00000, 0x00000000adf00000, 0x00000000adf00000|100%| E|CS|TAMS 0x00000000ade00000, 0x00000000ade00000| Complete 
| 223|0x00000000adf00000, 0x00000000ae000000, 0x00000000ae000000|100%| E|CS|TAMS 0x00000000adf00000, 0x00000000adf00000| Complete 
| 224|0x00000000ae000000, 0x00000000ae100000, 0x00000000ae100000|100%| E|CS|TAMS 0x00000000ae000000, 0x00000000ae000000| Complete 
| 225|0x00000000ae100000, 0x00000000ae200000, 0x00000000ae200000|100%| E|CS|TAMS 0x00000000ae100000, 0x00000000ae100000| Complete 
| 226|0x00000000ae200000, 0x00000000ae300000, 0x00000000ae300000|100%| E|CS|TAMS 0x00000000ae200000, 0x00000000ae200000| Complete 
| 227|0x00000000ae300000, 0x00000000ae400000, 0x00000000ae400000|100%| E|CS|TAMS 0x00000000ae300000, 0x00000000ae300000| Complete 
| 228|0x00000000ae400000, 0x00000000ae500000, 0x00000000ae500000|100%| E|CS|TAMS 0x00000000ae400000, 0x00000000ae400000| Complete 
| 229|0x00000000ae500000, 0x00000000ae600000, 0x00000000ae600000|100%| E|CS|TAMS 0x00000000ae500000, 0x00000000ae500000| Complete 
| 230|0x00000000ae600000, 0x00000000ae700000, 0x00000000ae700000|100%| E|CS|TAMS 0x00000000ae600000, 0x00000000ae600000| Complete 
| 231|0x00000000ae700000, 0x00000000ae800000, 0x00000000ae800000|100%| E|CS|TAMS 0x00000000ae700000, 0x00000000ae700000| Complete 
| 232|0x00000000ae800000, 0x00000000ae900000, 0x00000000ae900000|100%| E|CS|TAMS 0x00000000ae800000, 0x00000000ae800000| Complete 
| 233|0x00000000ae900000, 0x00000000aea00000, 0x00000000aea00000|100%| E|CS|TAMS 0x00000000ae900000, 0x00000000ae900000| Complete 
| 234|0x00000000aea00000, 0x00000000aeb00000, 0x00000000aeb00000|100%| E|CS|TAMS 0x00000000aea00000, 0x00000000aea00000| Complete 
| 235|0x00000000aeb00000, 0x00000000aec00000, 0x00000000aec00000|100%| E|CS|TAMS 0x00000000aeb00000, 0x00000000aeb00000| Complete 
| 236|0x00000000aec00000, 0x00000000aed00000, 0x00000000aed00000|100%| E|CS|TAMS 0x00000000aec00000, 0x00000000aec00000| Complete 

Card table byte_map: [0x000001ab156c0000,0x000001ab159c0000] _byte_map_base: 0x000001ab151c0000

Marking Bits (Prev, Next): (CMBitMap*) 0x000001ab02388ba8, (CMBitMap*) 0x000001ab02388be0
 Prev Bits: [0x000001ab15cc0000, 0x000001ab174c0000)
 Next Bits: [0x000001ab174c0000, 0x000001ab18cc0000)

Polling page: 0x000001ab00370000

Metaspace:

Usage:
  Non-class:     72.99 MB capacity,    71.52 MB ( 98%) used,     1.25 MB (  2%) free+waste,   221.25 KB ( <1%) overhead. 
      Class:     11.41 MB capacity,    10.66 MB ( 93%) used,   666.41 KB (  6%) free+waste,   103.56 KB ( <1%) overhead. 
       Both:     84.39 MB capacity,    82.18 MB ( 97%) used,     1.90 MB (  2%) free+waste,   324.81 KB ( <1%) overhead. 

Virtual space:
  Non-class space:       74.00 MB reserved,      73.17 MB ( 99%) committed 
      Class space:        1.00 GB reserved,      11.50 MB (  1%) committed 
             Both:        1.07 GB reserved,      84.67 MB (  8%) committed 

Chunk freelists:
   Non-Class:  61.00 KB
       Class:  0 bytes
        Both:  61.00 KB

MaxMetaspaceSize: 17179869184.00 GB
CompressedClassSpaceSize: 1.00 GB
Initial GC threshold: 20.80 MB
Current GC threshold: 134.25 MB
CDS: off

CodeHeap 'non-profiled nmethods': size=120000Kb used=3849Kb max_used=3849Kb free=116150Kb
 bounds [0x000001ab0d940000, 0x000001ab0dd10000, 0x000001ab14e70000]
CodeHeap 'profiled nmethods': size=120000Kb used=16900Kb max_used=16900Kb free=103099Kb
 bounds [0x000001ab06410000, 0x000001ab074a0000, 0x000001ab0d940000]
CodeHeap 'non-nmethods': size=5760Kb used=2370Kb max_used=2412Kb free=3389Kb
 bounds [0x000001ab05e70000, 0x000001ab060e0000, 0x000001ab06410000]
 total_blobs=8791 nmethods=7902 adapters=801
 compilation: enabled
              stopped_count=0, restarted_count=0
 full_count=0

Compilation events (20 events):
Event: 10.742 Thread 0x000001ab1b93c000 8023       2       com.sun.xml.bind.v2.model.impl.RuntimeModelBuilder::getClassInfo (11 bytes)
Event: 10.742 Thread 0x000001ab1b93c000 nmethod 8023 0x000001ab07486410 code [0x000001ab074865c0, 0x000001ab07486768]
Event: 10.743 Thread 0x000001ab1b93c000 8024       2       com.sun.xml.bind.v2.model.annotation.RuntimeInlineAnnotationReader::getMethodAnnotation (11 bytes)
Event: 10.743 Thread 0x000001ab1b93c000 nmethod 8024 0x000001ab07486890 code [0x000001ab07486aa0, 0x000001ab07486e98]
Event: 10.744 Thread 0x000001ab1b93c000 8025       2       com.sun.xml.bind.v2.model.annotation.RuntimeInlineAnnotationReader::getMethodAnnotation (10 bytes)
Event: 10.744 Thread 0x000001ab1b93c000 nmethod 8025 0x000001ab07487110 code [0x000001ab07487320, 0x000001ab074876d8]
Event: 10.744 Thread 0x000001ab1b93c000 8026       2       com.sun.xml.bind.v2.model.impl.ElementPropertyInfoImpl::kind (4 bytes)
Event: 10.744 Thread 0x000001ab1b93c000 nmethod 8026 0x000001ab07487910 code [0x000001ab07487ac0, 0x000001ab07487bb8]
Event: 10.744 Thread 0x000001ab1b93c000 8028       2       com.sun.xml.bind.v2.model.impl.ElementPropertyInfoImpl::getTypes (469 bytes)
Event: 10.747 Thread 0x000001ab1b93c000 nmethod 8028 0x000001ab07487c90 code [0x000001ab07488160, 0x000001ab07489de8]
Event: 10.747 Thread 0x000001ab1b93c000 8029       2       com.sun.xml.bind.v2.model.nav.ReflectionNavigator::erasure (9 bytes)
Event: 10.747 Thread 0x000001ab1b93c000 nmethod 8029 0x000001ab0748ad90 code [0x000001ab0748af60, 0x000001ab0748b108]
Event: 10.747 Thread 0x000001ab1b93c000 8027       2       com.sun.xml.bind.v2.model.impl.RuntimeElementPropertyInfoImpl::getTypes (5 bytes)
Event: 10.747 Thread 0x000001ab1b93c000 nmethod 8027 0x000001ab0748b210 code [0x000001ab0748b3c0, 0x000001ab0748b4c8]
Event: 10.747 Thread 0x000001ab1b93c000 8030       2       com.sun.xml.bind.v2.model.impl.ModelBuilder::getTypeInfo (116 bytes)
Event: 10.747 Thread 0x000001ab1b93c000 nmethod 8030 0x000001ab0748b590 code [0x000001ab0748b7e0, 0x000001ab0748bd18]
Event: 10.747 Thread 0x000001ab1b93c000 8031       2       com.sun.xml.bind.v2.model.impl.RuntimeTypeInfoSetImpl::getTypeInfo (9 bytes)
Event: 10.748 Thread 0x000001ab1b93c000 nmethod 8031 0x000001ab0748c010 code [0x000001ab0748c1e0, 0x000001ab0748c388]
Event: 10.748 Thread 0x000001ab1b93c000 8032       2       com.sun.xml.bind.v2.model.impl.RuntimeTypeInfoSetImpl::getTypeInfo (9 bytes)
Event: 10.748 Thread 0x000001ab1b93c000 nmethod 8032 0x000001ab0748c490 code [0x000001ab0748c640, 0x000001ab0748c7a8]

GC Heap History (20 events):
Event: 7.725 GC heap before
{Heap before GC invocations=37 (full 0):
 garbage-first heap   total 201728K, used 111524K [0x00000000a0000000, 0x0000000100000000)
  region size 1024K, 23 young (23552K), 5 survivors (5120K)
 Metaspace       used 62993K, capacity 64897K, committed 65200K, reserved 1105920K
  class space    used 7987K, capacity 8635K, committed 8704K, reserved 1048576K
}
Event: 7.731 GC heap after
{Heap after GC invocations=38 (full 0):
 garbage-first heap   total 201728K, used 97447K [0x00000000a0000000, 0x0000000100000000)
  region size 1024K, 7 young (7168K), 7 survivors (7168K)
 Metaspace       used 62993K, capacity 64897K, committed 65200K, reserved 1105920K
  class space    used 7987K, capacity 8635K, committed 8704K, reserved 1048576K
}
Event: 7.787 GC heap before
{Heap before GC invocations=39 (full 0):
 garbage-first heap   total 201728K, used 105639K [0x00000000a0000000, 0x0000000100000000)
  region size 1024K, 13 young (13312K), 7 survivors (7168K)
 Metaspace       used 62914K, capacity 64759K, committed 65200K, reserved 1105920K
  class space    used 7961K, capacity 8588K, committed 8704K, reserved 1048576K
}
Event: 7.793 GC heap after
{Heap after GC invocations=40 (full 0):
 garbage-first heap   total 201728K, used 101746K [0x00000000a0000000, 0x0000000100000000)
  region size 1024K, 6 young (6144K), 6 survivors (6144K)
 Metaspace       used 62914K, capacity 64759K, committed 65200K, reserved 1105920K
  class space    used 7961K, capacity 8588K, committed 8704K, reserved 1048576K
}
Event: 8.131 GC heap before
{Heap before GC invocations=41 (full 0):
 garbage-first heap   total 201728K, used 140658K [0x00000000a0000000, 0x0000000100000000)
  region size 1024K, 42 young (43008K), 6 survivors (6144K)
 Metaspace       used 65737K, capacity 67657K, committed 67888K, reserved 1107968K
  class space    used 8315K, capacity 8949K, committed 9088K, reserved 1048576K
}
Event: 8.137 GC heap after
{Heap after GC invocations=42 (full 0):
 garbage-first heap   total 201728K, used 98302K [0x00000000a0000000, 0x0000000100000000)
  region size 1024K, 3 young (3072K), 3 survivors (3072K)
 Metaspace       used 65737K, capacity 67657K, committed 67888K, reserved 1107968K
  class space    used 8315K, capacity 8949K, committed 9088K, reserved 1048576K
}
Event: 8.238 GC heap before
{Heap before GC invocations=42 (full 0):
 garbage-first heap   total 201728K, used 107518K [0x00000000a0000000, 0x0000000100000000)
  region size 1024K, 13 young (13312K), 3 survivors (3072K)
 Metaspace       used 66593K, capacity 68466K, committed 68656K, reserved 1110016K
  class space    used 8434K, capacity 9047K, committed 9088K, reserved 1048576K
}
Event: 8.242 GC heap after
{Heap after GC invocations=43 (full 0):
 garbage-first heap   total 242688K, used 99094K [0x00000000a0000000, 0x0000000100000000)
  region size 1024K, 4 young (4096K), 4 survivors (4096K)
 Metaspace       used 66593K, capacity 68466K, committed 68656K, reserved 1110016K
  class space    used 8434K, capacity 9047K, committed 9088K, reserved 1048576K
}
Event: 8.581 GC heap before
{Heap before GC invocations=44 (full 0):
 garbage-first heap   total 242688K, used 157462K [0x00000000a0000000, 0x0000000100000000)
  region size 1024K, 60 young (61440K), 4 survivors (4096K)
 Metaspace       used 67726K, capacity 69609K, committed 69936K, reserved 1110016K
  class space    used 8601K, capacity 9229K, committed 9344K, reserved 1048576K
}
Event: 8.586 GC heap after
{Heap after GC invocations=45 (full 0):
 garbage-first heap   total 242688K, used 102814K [0x00000000a0000000, 0x0000000100000000)
  region size 1024K, 7 young (7168K), 7 survivors (7168K)
 Metaspace       used 67726K, capacity 69609K, committed 69936K, reserved 1110016K
  class space    used 8601K, capacity 9229K, committed 9344K, reserved 1048576K
}
Event: 9.280 GC heap before
{Heap before GC invocations=45 (full 0):
 garbage-first heap   total 242688K, used 166302K [0x00000000a0000000, 0x0000000100000000)
  region size 1024K, 69 young (70656K), 7 survivors (7168K)
 Metaspace       used 73455K, capacity 75392K, committed 75696K, reserved 1114112K
  class space    used 9516K, capacity 10146K, committed 10240K, reserved 1048576K
}
Event: 9.288 GC heap after
{Heap after GC invocations=46 (full 0):
 garbage-first heap   total 242688K, used 106323K [0x00000000a0000000, 0x0000000100000000)
  region size 1024K, 8 young (8192K), 8 survivors (8192K)
 Metaspace       used 73455K, capacity 75392K, committed 75696K, reserved 1114112K
  class space    used 9516K, capacity 10146K, committed 10240K, reserved 1048576K
}
Event: 9.586 GC heap before
{Heap before GC invocations=46 (full 0):
 garbage-first heap   total 242688K, used 155475K [0x00000000a0000000, 0x0000000100000000)
  region size 1024K, 49 young (50176K), 8 survivors (8192K)
 Metaspace       used 75190K, capacity 77135K, committed 77232K, reserved 1116160K
  class space    used 9764K, capacity 10407K, committed 10496K, reserved 1048576K
}
Event: 9.597 GC heap after
{Heap after GC invocations=47 (full 0):
 garbage-first heap   total 242688K, used 119150K [0x00000000a0000000, 0x0000000100000000)
  region size 1024K, 9 young (9216K), 9 survivors (9216K)
 Metaspace       used 75190K, capacity 77135K, committed 77232K, reserved 1116160K
  class space    used 9764K, capacity 10407K, committed 10496K, reserved 1048576K
}
Event: 9.694 GC heap before
{Heap before GC invocations=48 (full 0):
 garbage-first heap   total 242688K, used 129390K [0x00000000a0000000, 0x0000000100000000)
  region size 1024K, 11 young (11264K), 9 survivors (9216K)
 Metaspace       used 75190K, capacity 77135K, committed 77232K, reserved 1116160K
  class space    used 9764K, capacity 10407K, committed 10496K, reserved 1048576K
}
Event: 9.701 GC heap after
{Heap after GC invocations=49 (full 0):
 garbage-first heap   total 242688K, used 130540K [0x00000000a0000000, 0x0000000100000000)
  region size 1024K, 3 young (3072K), 3 survivors (3072K)
 Metaspace       used 75190K, capacity 77135K, committed 77232K, reserved 1116160K
  class space    used 9764K, capacity 10407K, committed 10496K, reserved 1048576K
}
Event: 10.132 GC heap before
{Heap before GC invocations=50 (full 0):
 garbage-first heap   total 242688K, used 184812K [0x00000000a0000000, 0x0000000100000000)
  region size 1024K, 55 young (56320K), 3 survivors (3072K)
 Metaspace       used 77753K, capacity 80001K, committed 80304K, reserved 1118208K
  class space    used 10127K, capacity 10882K, committed 11008K, reserved 1048576K
}
Event: 10.136 GC heap after
{Heap after GC invocations=51 (full 0):
 garbage-first heap   total 242688K, used 133775K [0x00000000a0000000, 0x0000000100000000)
  region size 1024K, 5 young (5120K), 5 survivors (5120K)
 Metaspace       used 77753K, capacity 80001K, committed 80304K, reserved 1118208K
  class space    used 10127K, capacity 10882K, committed 11008K, reserved 1048576K
}
Event: 10.252 GC heap before
{Heap before GC invocations=51 (full 0):
 garbage-first heap   total 242688K, used 166543K [0x00000000a0000000, 0x0000000100000000)
  region size 1024K, 38 young (38912K), 5 survivors (5120K)
 Metaspace       used 79146K, capacity 81279K, committed 81456K, reserved 1120256K
  class space    used 10281K, capacity 11047K, committed 11136K, reserved 1048576K
}
Event: 10.256 GC heap after
{Heap after GC invocations=52 (full 0):
 garbage-first heap   total 242688K, used 135172K [0x00000000a0000000, 0x0000000100000000)
  region size 1024K, 4 young (4096K), 4 survivors (4096K)
 Metaspace       used 79146K, capacity 81279K, committed 81456K, reserved 1120256K
  class space    used 10281K, capacity 11047K, committed 11136K, reserved 1048576K
}

Deoptimization events (20 events):
Event: 10.508 Thread 0x000001ab1e42d800 Uncommon trap: trap_request=0xffffff4d fr.pc=0x000001ab0dbbca44 relative=0x0000000000001c44
Event: 10.508 Thread 0x000001ab1e42d800 Uncommon trap: reason=unstable_if action=reinterpret pc=0x000001ab0dbbca44 method=sun.nio.fs.WindowsPathParser.normalize(Ljava/lang/StringBuilder;Ljava/lang/String;I)Ljava/lang/String; @ 172 c2
Event: 10.508 Thread 0x000001ab1e42d800 DEOPT PACKING pc=0x000001ab0dbbca44 sp=0x0000008aeacf9a20
Event: 10.508 Thread 0x000001ab1e42d800 DEOPT UNPACKING pc=0x000001ab05eba1af sp=0x0000008aeacf99f0 mode 2
Event: 10.533 Thread 0x000001ab1e42d800 Uncommon trap: trap_request=0xffffffbe fr.pc=0x000001ab0dcf51bc relative=0x0000000000000abc
Event: 10.533 Thread 0x000001ab1e42d800 Uncommon trap: reason=profile_predicate action=maybe_recompile pc=0x000001ab0dcf51bc method=jdk.internal.jimage.ImageStringsReader.charsFromByteBuffer([CLjava/nio/ByteBuffer;)V @ 6 c2
Event: 10.533 Thread 0x000001ab1e42d800 DEOPT PACKING pc=0x000001ab0dcf51bc sp=0x0000008aeacf8270
Event: 10.533 Thread 0x000001ab1e42d800 DEOPT UNPACKING pc=0x000001ab05eba1af sp=0x0000008aeacf8148 mode 2
Event: 10.533 Thread 0x000001ab1e42d800 Uncommon trap: trap_request=0xffffffbe fr.pc=0x000001ab0dcf51bc relative=0x0000000000000abc
Event: 10.533 Thread 0x000001ab1e42d800 Uncommon trap: reason=profile_predicate action=maybe_recompile pc=0x000001ab0dcf51bc method=jdk.internal.jimage.ImageStringsReader.charsFromByteBuffer([CLjava/nio/ByteBuffer;)V @ 6 c2
Event: 10.533 Thread 0x000001ab1e42d800 DEOPT PACKING pc=0x000001ab0dcf51bc sp=0x0000008aeacf8270
Event: 10.533 Thread 0x000001ab1e42d800 DEOPT UNPACKING pc=0x000001ab05eba1af sp=0x0000008aeacf8148 mode 2
Event: 10.533 Thread 0x000001ab1e42d800 Uncommon trap: trap_request=0xffffffbe fr.pc=0x000001ab0dcf51bc relative=0x0000000000000abc
Event: 10.533 Thread 0x000001ab1e42d800 Uncommon trap: reason=profile_predicate action=maybe_recompile pc=0x000001ab0dcf51bc method=jdk.internal.jimage.ImageStringsReader.charsFromByteBuffer([CLjava/nio/ByteBuffer;)V @ 6 c2
Event: 10.533 Thread 0x000001ab1e42d800 DEOPT PACKING pc=0x000001ab0dcf51bc sp=0x0000008aeacf8270
Event: 10.533 Thread 0x000001ab1e42d800 DEOPT UNPACKING pc=0x000001ab05eba1af sp=0x0000008aeacf8148 mode 2
Event: 10.533 Thread 0x000001ab1e42d800 Uncommon trap: trap_request=0xffffffbe fr.pc=0x000001ab0dcf51bc relative=0x0000000000000abc
Event: 10.533 Thread 0x000001ab1e42d800 Uncommon trap: reason=profile_predicate action=maybe_recompile pc=0x000001ab0dcf51bc method=jdk.internal.jimage.ImageStringsReader.charsFromByteBuffer([CLjava/nio/ByteBuffer;)V @ 6 c2
Event: 10.533 Thread 0x000001ab1e42d800 DEOPT PACKING pc=0x000001ab0dcf51bc sp=0x0000008aeacf8270
Event: 10.533 Thread 0x000001ab1e42d800 DEOPT UNPACKING pc=0x000001ab05eba1af sp=0x0000008aeacf8148 mode 2

Classes redefined (0 events):
No events

Internal exceptions (20 events):
Event: 10.071 Thread 0x000001ab1e42d800 Exception <a 'java/lang/ClassNotFoundException'{0x00000000ac9ee970}: java/lang/NumberCustomizer> (0x00000000ac9ee970) thrown at [./src/hotspot/share/classfile/systemDictionary.cpp, line 231]
Event: 10.071 Thread 0x000001ab1e42d800 Exception <a 'java/lang/ClassNotFoundException'{0x00000000ac9fba00}: java/lang/IntegerCustomizer> (0x00000000ac9fba00) thrown at [./src/hotspot/share/classfile/systemDictionary.cpp, line 231]
Event: 10.076 Thread 0x000001ab1e42d800 Exception <a 'java/lang/ClassNotFoundException'{0x00000000ac8a5df0}: org/gradle/internal/extensibility/DefaultExtensionsSchemaBeanInfo> (0x00000000ac8a5df0) thrown at [./src/hotspot/share/classfile/systemDictionary.cpp, line 231]
Event: 10.077 Thread 0x000001ab1e42d800 Exception <a 'java/lang/ClassNotFoundException'{0x00000000ac8beb68}: org/gradle/internal/extensibility/DefaultExtensionsSchemaCustomizer> (0x00000000ac8beb68) thrown at [./src/hotspot/share/classfile/systemDictionary.cpp, line 231]
Event: 10.078 Thread 0x000001ab1e42d800 Exception <a 'java/lang/ClassNotFoundException'{0x00000000ac701598}: org/gradle/internal/extensibility/ExtensionsStorage$ExtensionHolderBeanInfo> (0x00000000ac701598) thrown at [./src/hotspot/share/classfile/systemDictionary.cpp, line 231]
Event: 10.078 Thread 0x000001ab1e42d800 Exception <a 'java/lang/ClassNotFoundException'{0x00000000ac71b780}: org/gradle/internal/extensibility/ExtensionsStorage$ExtensionHolderCustomizer> (0x00000000ac71b780) thrown at [./src/hotspot/share/classfile/systemDictionary.cpp, line 231]
Event: 10.084 Thread 0x000001ab1e42d800 Exception <a 'java/lang/ClassNotFoundException'{0x00000000ac552238}: org/codehaus/groovy/runtime/NullObjectBeanInfo> (0x00000000ac552238) thrown at [./src/hotspot/share/classfile/systemDictionary.cpp, line 231]
Event: 10.085 Thread 0x000001ab1e42d800 Exception <a 'java/lang/ClassNotFoundException'{0x00000000ac328720}: org/codehaus/groovy/runtime/NullObjectCustomizer> (0x00000000ac328720) thrown at [./src/hotspot/share/classfile/systemDictionary.cpp, line 231]
Event: 10.104 Thread 0x000001ab1e42d800 Exception <a 'java/lang/ClassNotFoundException'{0x00000000abf059a8}: org/gradle/api/internal/tasks/DefaultSourceSetContainer_DecoratedBeanInfo> (0x00000000abf059a8) thrown at [./src/hotspot/share/classfile/systemDictionary.cpp, line 231]
Event: 10.105 Thread 0x000001ab1e42d800 Exception <a 'java/lang/ClassNotFoundException'{0x00000000abf2ad48}: org/gradle/api/internal/tasks/DefaultSourceSetContainerBeanInfo> (0x00000000abf2ad48) thrown at [./src/hotspot/share/classfile/systemDictionary.cpp, line 231]
Event: 10.105 Thread 0x000001ab1e42d800 Exception <a 'java/lang/ClassNotFoundException'{0x00000000abf50140}: org/gradle/api/internal/tasks/DefaultSourceSetContainerCustomizer> (0x00000000abf50140) thrown at [./src/hotspot/share/classfile/systemDictionary.cpp, line 231]
Event: 10.106 Thread 0x000001ab1e42d800 Exception <a 'java/lang/ClassNotFoundException'{0x00000000abf847b0}: org/gradle/api/internal/tasks/DefaultSourceSetContainer_DecoratedCustomizer> (0x00000000abf847b0) thrown at [./src/hotspot/share/classfile/systemDictionary.cpp, line 231]
Event: 10.108 Thread 0x000001ab1e42d800 Exception <a 'java/lang/NoSuchMethodError'{0x00000000abfce988}: <clinit>> (0x00000000abfce988) thrown at [./src/hotspot/share/prims/jni.cpp, line 1366]
Event: 10.199 Thread 0x000001ab1e42d800 Exception <a 'java/lang/NoSuchMethodError'{0x00000000ad2673a0}: <clinit>> (0x00000000ad2673a0) thrown at [./src/hotspot/share/prims/jni.cpp, line 1366]
Event: 10.199 Thread 0x000001ab1e42d800 Exception <a 'java/lang/NoSuchMethodError'{0x00000000ad2748c8}: <clinit>> (0x00000000ad2748c8) thrown at [./src/hotspot/share/prims/jni.cpp, line 1366]
Event: 10.208 Thread 0x000001ab1e42d800 Exception <a 'java/lang/NoSuchMethodError'{0x00000000ad18b460}: <clinit>> (0x00000000ad18b460) thrown at [./src/hotspot/share/prims/jni.cpp, line 1366]
Event: 10.208 Thread 0x000001ab1e42d800 Exception <a 'java/lang/NoSuchMethodError'{0x00000000ad199238}: <clinit>> (0x00000000ad199238) thrown at [./src/hotspot/share/prims/jni.cpp, line 1366]
Event: 10.227 Thread 0x000001ab1e42d800 Exception <a 'java/lang/NoSuchMethodError'{0x00000000ace34c70}: <clinit>> (0x00000000ace34c70) thrown at [./src/hotspot/share/prims/jni.cpp, line 1366]
Event: 10.465 Thread 0x000001ab1e42d800 Exception <a 'sun/nio/fs/WindowsException'{0x00000000adb24088}> (0x00000000adb24088) thrown at [./src/hotspot/share/prims/jni.cpp, line 616]
Event: 10.578 Thread 0x000001ab1e42d800 Exception <a 'java/lang/NullPointerException'{0x00000000ad2ea1f0}> (0x00000000ad2ea1f0) thrown at [./src/hotspot/share/interpreter/linkResolver.cpp, line 1440]

Events (20 events):
Event: 10.740 loading class com/android/sdklib/repository/generated/sysimg/v1/SysImgDetailsType
Event: 10.740 loading class com/android/sdklib/repository/generated/sysimg/v1/SysImgDetailsType done
Event: 10.742 loading class com/android/repository/impl/generated/generic/v1/GenericDetailsType
Event: 10.742 loading class com/android/repository/impl/generated/generic/v1/GenericDetailsType done
Event: 10.743 loading class com/android/repository/impl/generated/generic/v2/GenericDetailsType
Event: 10.743 loading class com/android/repository/impl/generated/generic/v2/GenericDetailsType done
Event: 10.743 loading class com/sun/xml/bind/v2/util/FlattenIterator
Event: 10.743 loading class com/sun/xml/bind/v2/util/FlattenIterator done
Event: 10.744 loading class com/sun/xml/bind/v2/model/impl/RuntimeModelBuilder$IDTransducerImpl
Event: 10.744 loading class com/sun/xml/bind/v2/model/impl/RuntimeModelBuilder$IDTransducerImpl done
Event: 10.744 loading class com/sun/xml/bind/v2/runtime/FilterTransducer
Event: 10.744 loading class com/sun/xml/bind/v2/runtime/FilterTransducer done
Event: 10.745 loading class com/sun/xml/bind/v2/runtime/SchemaTypeTransducer
Event: 10.745 loading class com/sun/xml/bind/v2/runtime/SchemaTypeTransducer done
Event: 10.746 loading class com/sun/xml/bind/v2/runtime/unmarshaller/Loader
Event: 10.746 loading class com/sun/xml/bind/v2/runtime/unmarshaller/Loader done
Event: 10.747 loading class com/sun/xml/bind/v2/runtime/unmarshaller/TextLoader
Event: 10.747 loading class com/sun/xml/bind/v2/runtime/unmarshaller/TextLoader done
Event: 10.748 loading class com/sun/xml/bind/v2/runtime/unmarshaller/XsiTypeLoader
Event: 10.748 loading class com/sun/xml/bind/v2/runtime/unmarshaller/XsiTypeLoader done


Dynamic libraries:
0x00007ff7e52c0000 - 0x00007ff7e52ca000 	C:\Program Files\Android\Android Studio\jre\bin\java.exe
0x00007ffde3320000 - 0x00007ffde3529000 	C:\Windows\SYSTEM32\ntdll.dll
0x00007ffde1f20000 - 0x00007ffde1fde000 	C:\Windows\System32\KERNEL32.DLL
0x00007ffde0890000 - 0x00007ffde0c0b000 	C:\Windows\System32\KERNELBASE.dll
0x00007ffde0df0000 - 0x00007ffde0f01000 	C:\Windows\System32\ucrtbase.dll
0x00007ffdd2a30000 - 0x00007ffdd2a47000 	C:\Program Files\Android\Android Studio\jre\bin\VCRUNTIME140.dll
0x00007ffdd2c10000 - 0x00007ffdd2c29000 	C:\Program Files\Android\Android Studio\jre\bin\jli.dll
0x00007ffde1340000 - 0x00007ffde14ed000 	C:\Windows\System32\USER32.dll
0x00007ffdc5970000 - 0x00007ffdc5c15000 	C:\Windows\WinSxS\amd64_microsoft.windows.common-controls_6595b64144ccf1df_6.0.22000.120_none_9d947278b86cc467\COMCTL32.dll
0x00007ffde1170000 - 0x00007ffde1196000 	C:\Windows\System32\win32u.dll
0x00007ffde1940000 - 0x00007ffde19e3000 	C:\Windows\System32\msvcrt.dll
0x00007ffde2a80000 - 0x00007ffde2aa9000 	C:\Windows\System32\GDI32.dll
0x00007ffde0c10000 - 0x00007ffde0d28000 	C:\Windows\System32\gdi32full.dll
0x00007ffde07f0000 - 0x00007ffde088d000 	C:\Windows\System32\msvcp_win.dll
0x00007ffde1740000 - 0x00007ffde1772000 	C:\Windows\System32\IMM32.DLL
0x00007ffdd23e0000 - 0x00007ffdd247d000 	C:\Program Files\Android\Android Studio\jre\bin\msvcp140.dll
0x00007ffd82020000 - 0x00007ffd82b22000 	C:\Program Files\Android\Android Studio\jre\bin\server\jvm.dll
0x00007ffde1890000 - 0x00007ffde193e000 	C:\Windows\System32\ADVAPI32.dll
0x00007ffde14f0000 - 0x00007ffde158e000 	C:\Windows\System32\sechost.dll
0x00007ffde2960000 - 0x00007ffde2a80000 	C:\Windows\System32\RPCRT4.dll
0x00007ffde1fe0000 - 0x00007ffde1fe8000 	C:\Windows\System32\PSAPI.DLL
0x00007ffdb2560000 - 0x00007ffdb2569000 	C:\Windows\SYSTEM32\WSOCK32.dll
0x00007ffdda010000 - 0x00007ffdda043000 	C:\Windows\SYSTEM32\WINMM.dll
0x00007ffdd8b40000 - 0x00007ffdd8b4a000 	C:\Windows\SYSTEM32\VERSION.dll
0x00007ffde3270000 - 0x00007ffde32df000 	C:\Windows\System32\WS2_32.dll
0x00007ffddf870000 - 0x00007ffddf888000 	C:\Windows\SYSTEM32\kernel.appcore.dll
0x00007ffd8a4e0000 - 0x00007ffd8a4f1000 	C:\Program Files\Android\Android Studio\jre\bin\verify.dll
0x00007ffdde520000 - 0x00007ffdde741000 	C:\Windows\SYSTEM32\DBGHELP.DLL
0x00007ffdd03f0000 - 0x00007ffdd0421000 	C:\Windows\SYSTEM32\dbgcore.DLL
0x00007ffde1080000 - 0x00007ffde10ff000 	C:\Windows\System32\bcryptPrimitives.dll
0x00007ffd8a4b0000 - 0x00007ffd8a4d9000 	C:\Program Files\Android\Android Studio\jre\bin\java.dll
0x00007ffdb8af0000 - 0x00007ffdb8afb000 	C:\Program Files\Android\Android Studio\jre\bin\jimage.dll
0x00007ffd8a490000 - 0x00007ffd8a4a8000 	C:\Program Files\Android\Android Studio\jre\bin\zip.dll
0x00007ffde2ab0000 - 0x00007ffde3267000 	C:\Windows\System32\SHELL32.dll
0x00007ffdde8e0000 - 0x00007ffddf145000 	C:\Windows\SYSTEM32\windows.storage.dll
0x00007ffde19f0000 - 0x00007ffde1d68000 	C:\Windows\System32\combase.dll
0x00007ffdde770000 - 0x00007ffdde8d6000 	C:\Windows\SYSTEM32\wintypes.dll
0x00007ffde17a0000 - 0x00007ffde188a000 	C:\Windows\System32\SHCORE.dll
0x00007ffde1220000 - 0x00007ffde127d000 	C:\Windows\System32\shlwapi.dll
0x00007ffde0720000 - 0x00007ffde0741000 	C:\Windows\SYSTEM32\profapi.dll
0x00007ffd8a470000 - 0x00007ffd8a48a000 	C:\Program Files\Android\Android Studio\jre\bin\net.dll
0x00007ffdd9ce0000 - 0x00007ffdd9df4000 	C:\Windows\SYSTEM32\WINHTTP.dll
0x00007ffddfd10000 - 0x00007ffddfd77000 	C:\Windows\system32\mswsock.dll
0x00007ffd8a450000 - 0x00007ffd8a464000 	C:\Program Files\Android\Android Studio\jre\bin\nio.dll
0x00007ffdd2a50000 - 0x00007ffdd2a77000 	C:\Users\LENOVO\.gradle\native\e1d6ef7f7dcc3fd88c89a11ec53ec762bb8ba0a96d01ffa2cd45eb1d1d8dd5c5\windows-amd64\native-platform.dll
0x00007ffd81420000 - 0x00007ffd81564000 	C:\Users\LENOVO\.gradle\native\0d407fdbe67a94daf76414ababcb853783967236a71b16ec16e742cd7a986fd3\windows-amd64\native-platform-file-events.dll
0x00007ffdb6eb0000 - 0x00007ffdb6eba000 	C:\Program Files\Android\Android Studio\jre\bin\management.dll
0x00007ffdb68c0000 - 0x00007ffdb68cd000 	C:\Program Files\Android\Android Studio\jre\bin\management_ext.dll
0x00007ffddff60000 - 0x00007ffddff78000 	C:\Windows\SYSTEM32\CRYPTSP.dll
0x00007ffddf7d0000 - 0x00007ffddf805000 	C:\Windows\system32\rsaenh.dll
0x00007ffddfe00000 - 0x00007ffddfe29000 	C:\Windows\SYSTEM32\USERENV.dll
0x00007ffde0150000 - 0x00007ffde0177000 	C:\Windows\SYSTEM32\bcrypt.dll
0x00007ffddff50000 - 0x00007ffddff5c000 	C:\Windows\SYSTEM32\CRYPTBASE.dll
0x00007ffddf3a0000 - 0x00007ffddf3cd000 	C:\Windows\SYSTEM32\IPHLPAPI.DLL
0x00007ffde1f10000 - 0x00007ffde1f19000 	C:\Windows\System32\NSI.dll
0x00007ffdd9ff0000 - 0x00007ffdda009000 	C:\Windows\SYSTEM32\dhcpcsvc6.DLL
0x00007ffdda360000 - 0x00007ffdda37e000 	C:\Windows\SYSTEM32\dhcpcsvc.DLL
0x00007ffddf3d0000 - 0x00007ffddf4b8000 	C:\Windows\SYSTEM32\DNSAPI.dll

dbghelp: loaded successfully - version: 4.0.5 - missing functions: none
symbol engine: initialized successfully - sym options: 0x614 - pdb path: .;C:\Program Files\Android\Android Studio\jre\bin;C:\Windows\SYSTEM32;C:\Windows\WinSxS\amd64_microsoft.windows.common-controls_6595b64144ccf1df_6.0.22000.120_none_9d947278b86cc467;C:\Program Files\Android\Android Studio\jre\bin\server;C:\Users\LENOVO\.gradle\native\e1d6ef7f7dcc3fd88c89a11ec53ec762bb8ba0a96d01ffa2cd45eb1d1d8dd5c5\windows-amd64;C:\Users\LENOVO\.gradle\native\0d407fdbe67a94daf76414ababcb853783967236a71b16ec16e742cd7a986fd3\windows-amd64

VM Arguments:
jvm_args: --add-opens=java.base/java.util=ALL-UNNAMED --add-opens=java.base/java.lang=ALL-UNNAMED --add-opens=java.base/java.lang.invoke=ALL-UNNAMED --add-opens=java.base/java.util=ALL-UNNAMED --add-opens=java.prefs/java.util.prefs=ALL-UNNAMED --add-opens=java.prefs/java.util.prefs=ALL-UNNAMED --add-opens=java.base/java.nio.charset=ALL-UNNAMED --add-opens=java.base/java.net=ALL-UNNAMED --add-opens=java.base/java.util.concurrent.atomic=ALL-UNNAMED -Xmx1536m -Dfile.encoding=windows-1252 -Duser.country=ID -Duser.language=en -Duser.variant 
java_command: org.gradle.launcher.daemon.bootstrap.GradleDaemon 7.4
java_class_path (initial): C:\Users\LENOVO\.gradle\wrapper\dists\gradle-7.4-all\aadb4xli5jkdsnukm30eibyiu\gradle-7.4\lib\gradle-launcher-7.4.jar
Launcher Type: SUN_STANDARD

[Global flags]
     intx CICompilerCount                          = 4                                         {product} {ergonomic}
     uint ConcGCThreads                            = 3                                         {product} {ergonomic}
     uint G1ConcRefinementThreads                  = 10                                        {product} {ergonomic}
   size_t G1HeapRegionSize                         = 1048576                                   {product} {ergonomic}
    uintx GCDrainStackTargetSize                   = 64                                        {product} {ergonomic}
   size_t InitialHeapSize                          = 98566144                                  {product} {ergonomic}
   size_t MarkStackSize                            = 4194304                                   {product} {ergonomic}
   size_t MaxHeapSize                              = 1610612736                                {product} {command line}
   size_t MaxNewSize                               = 965738496                                 {product} {ergonomic}
   size_t MinHeapDeltaBytes                        = 1048576                                   {product} {ergonomic}
    uintx NonNMethodCodeHeapSize                   = 5836300                                {pd product} {ergonomic}
    uintx NonProfiledCodeHeapSize                  = 122910970                              {pd product} {ergonomic}
    uintx ProfiledCodeHeapSize                     = 122910970                              {pd product} {ergonomic}
    uintx ReservedCodeCacheSize                    = 251658240                              {pd product} {ergonomic}
     bool SegmentedCodeCache                       = true                                      {product} {ergonomic}
     bool UseCompressedClassPointers               = true                                 {lp64_product} {ergonomic}
     bool UseCompressedOops                        = true                                 {lp64_product} {ergonomic}
     bool UseG1GC                                  = true                                      {product} {ergonomic}
     bool UseLargePagesIndividualAllocation        = false                                  {pd product} {ergonomic}

Logging:
Log output configuration:
 #0: stdout all=warning uptime,level,tags
 #1: stderr all=off uptime,level,tags

Environment Variables:
PATH=C:\Windows\system32;C:\Windows;C:\Windows\System32\Wbem;C:\Windows\System32\WindowsPowerShell\v1.0\;C:\Windows\System32\OpenSSH\;C:\Program Files\PuTTY\;C:\Program Files\Git\cmd;C:\Users\LENOVO\AppData\Local\Programs\Python\Python310\Scripts\;C:\Users\LENOVO\AppData\Local\Programs\Python\Python310\;C:\Users\LENOVO\AppData\Local\Microsoft\WindowsApps;;C:\Users\LENOVO\AppData\Local\Programs\Microsoft VS Code\bin
USERNAME=LENOVO
OS=Windows_NT
PROCESSOR_IDENTIFIER=AMD64 Family 25 Model 80 Stepping 0, AuthenticAMD



---------------  S Y S T E M  ---------------

OS: Windows 11 , 64 bit Build 22000 (10.0.22000.1335)
OS uptime: 16 days 1:03 hours

CPU:total 12 (initial active 12) (12 cores per cpu, 2 threads per core) family 25 model 80 stepping 0 microcode 0x0, cmov, cx8, fxsr, mmx, sse, sse2, sse3, ssse3, sse4.1, sse4.2, popcnt, avx, avx2, aes, clmul, erms, mmxext, 3dnowpref, lzcnt, sse4a, ht, tsc, tscinvbit, tscinv, bmi1, bmi2, adx, sha, fma

Memory: 4k page, system-wide physical 5989M (203M free)
TotalPageFile size 24421M (AvailPageFile size 5M)
current process WorkingSet (physical memory assigned to process): 467M, peak: 467M
current process commit charge ("private bytes"): 518M, peak: 518M

vm_info: OpenJDK 64-Bit Server VM (11.0.13+0-b1751.21-8125866) for windows-amd64 JRE (11.0.13+0-b1751.21-8125866), built on Feb  2 2022 03:00:22 by "builder" with MS VC++ 14.0 (VS2015)

END.
